#
# There is insufficient memory for the Java Runtime Environment to continue.
# Native memory allocation (malloc) failed to allocate 1298896 bytes for Chunk::new
# Possible reasons:
#   The system is out of physical RAM or swap space
#   The process is running with CompressedOops enabled, and the Java Heap may be blocking the growth of the native heap
# Possible solutions:
#   Reduce memory load on the system
#   Increase physical memory or swap space
#   Check if swap backing store is full
#   Decrease Java heap size (-Xmx/-Xms)
#   Decrease number of Java threads
#   Decrease Java thread stack sizes (-Xss)
#   Set larger code cache with -XX:ReservedCodeCacheSize=
#   JVM is running with Unscaled Compressed Oops mode in which the Java heap is
#     placed in the first 4GB address space. The Java Heap base address is the
#     maximum limit for the native heap growth. Please use -XX:HeapBaseMinAddress
#     to set the Java Heap base and to place the Java Heap above 4GB virtual address.
# This output file may be truncated or incomplete.
#
#  Out of Memory Error (./src/hotspot/share/memory/arena.cpp:197), pid=64708, tid=71316
#
# JRE version: OpenJDK Runtime Environment (11.0.10) (build 11.0.10+0-b96-7249189)
# Java VM: OpenJDK 64-Bit Server VM (11.0.10+0-b96-7249189, mixed mode, tiered, compressed oops, g1 gc, windows-amd64)
# No core dump will be written. Minidumps are not enabled by default on client versions of Windows
#

---------------  S U M M A R Y ------------

Command Line: --add-opens=java.base/java.util=ALL-UNNAMED --add-opens=java.base/java.lang=ALL-UNNAMED --add-opens=java.base/java.lang.invoke=ALL-UNNAMED --add-opens=java.base/java.util=ALL-UNNAMED --add-opens=java.prefs/java.util.prefs=ALL-UNNAMED --add-opens=java.prefs/java.util.prefs=ALL-UNNAMED --add-opens=java.base/java.nio.charset=ALL-UNNAMED --add-opens=java.base/java.net=ALL-UNNAMED --add-opens=java.base/java.util.concurrent.atomic=ALL-UNNAMED -Xmx2048m -Dfile.encoding=UTF-8 -Duser.country=ID -Duser.language=en -Duser.variant org.gradle.launcher.daemon.bootstrap.GradleDaemon 7.0.2

Host: AMD Ryzen 3 3250U with Radeon Graphics         , 4 cores, 5G,  Windows 10 , 64 bit Build 22000 (10.0.22000.434)
Time: Tue Jan 25 16:58:09 2022 SE Asia Standard Time elapsed time: 22.284908 seconds (0d 0h 0m 22s)

---------------  T H R E A D  ---------------

Current thread (0x00000156ffb4d800):  JavaThread "C2 CompilerThread0" daemon [_thread_in_native, id=71316, stack(0x0000003d18900000,0x0000003d18a00000)]


Current CompileTask:
C2:  22285 7966       4       org.gradle.cache.internal.btree.CachingBlockStore::read (56 bytes)

Stack: [0x0000003d18900000,0x0000003d18a00000]
Native frames: (J=compiled Java code, j=interpreted, Vv=VM code, C=native code)
V  [jvm.dll+0x5ecfaa]
V  [jvm.dll+0x722bd5]
V  [jvm.dll+0x72412d]
V  [jvm.dll+0x7247e3]
V  [jvm.dll+0x242928]
V  [jvm.dll+0xbc4fc]
V  [jvm.dll+0xbca0c]
V  [jvm.dll+0x352d3b]
V  [jvm.dll+0x320ad3]
V  [jvm.dll+0x31ffca]
V  [jvm.dll+0x1fb602]
V  [jvm.dll+0x1fa7f4]
V  [jvm.dll+0x18354c]
V  [jvm.dll+0x208ee7]
V  [jvm.dll+0x207731]
V  [jvm.dll+0x6eb1cf]
V  [jvm.dll+0x6e3d45]
V  [jvm.dll+0x5ebe96]
C  [ucrtbase.dll+0x26c0c]
C  [KERNEL32.DLL+0x154e0]
C  [ntdll.dll+0x485b]


---------------  P R O C E S S  ---------------

Threads class SMR info:
_java_thread_list=0x0000015699a85650, length=47, elements={
0x00000156f8f3c800, 0x00000156ffb2a000, 0x00000156ffb2d000, 0x00000156ffb47000,
0x00000156ffb4a000, 0x00000156ffb4b800, 0x00000156ffb4d800, 0x00000156ffb51000,
0x00000156ffb6e800, 0x0000015693939800, 0x00000156958f9800, 0x0000015695383800,
0x0000015695743800, 0x0000015696ad8800, 0x00000156959bc800, 0x000001569537e800,
0x0000015695381000, 0x0000015695977800, 0x0000015695b9b800, 0x0000015695b99800,
0x0000015695b9a800, 0x0000015695b9c000, 0x0000015694afc000, 0x0000015694afe800,
0x0000015694aff800, 0x0000015694b00000, 0x0000015694afb000, 0x0000015694afd800,
0x0000015694afd000, 0x0000015694b06800, 0x0000015694b03800, 0x0000015694b02000,
0x0000015694b04000, 0x0000015694b08800, 0x0000015694b05000, 0x0000015694b06000,
0x0000015694b0a000, 0x0000015694b09000, 0x000001569604e000, 0x000001569604c000,
0x0000015696050000, 0x000001569604f000, 0x000001569604c800, 0x000001569604d800,
0x000001569604a000, 0x0000015696050800, 0x000001569604b000
}

Java Threads: ( => current thread )
  0x00000156f8f3c800 JavaThread "main" [_thread_blocked, id=71740, stack(0x0000003d17d00000,0x0000003d17e00000)]
  0x00000156ffb2a000 JavaThread "Reference Handler" daemon [_thread_blocked, id=71160, stack(0x0000003d18400000,0x0000003d18500000)]
  0x00000156ffb2d000 JavaThread "Finalizer" daemon [_thread_blocked, id=63876, stack(0x0000003d18500000,0x0000003d18600000)]
  0x00000156ffb47000 JavaThread "Signal Dispatcher" daemon [_thread_blocked, id=37216, stack(0x0000003d18600000,0x0000003d18700000)]
  0x00000156ffb4a000 JavaThread "Attach Listener" daemon [_thread_blocked, id=68396, stack(0x0000003d18700000,0x0000003d18800000)]
  0x00000156ffb4b800 JavaThread "Service Thread" daemon [_thread_blocked, id=44456, stack(0x0000003d18800000,0x0000003d18900000)]
=>0x00000156ffb4d800 JavaThread "C2 CompilerThread0" daemon [_thread_in_native, id=71316, stack(0x0000003d18900000,0x0000003d18a00000)]
  0x00000156ffb51000 JavaThread "C1 CompilerThread0" daemon [_thread_in_native, id=66956, stack(0x0000003d18a00000,0x0000003d18b00000)]
  0x00000156ffb6e800 JavaThread "Sweeper thread" daemon [_thread_blocked, id=65960, stack(0x0000003d18b00000,0x0000003d18c00000)]
  0x0000015693939800 JavaThread "Common-Cleaner" daemon [_thread_blocked, id=65212, stack(0x0000003d18c00000,0x0000003d18d00000)]
  0x00000156958f9800 JavaThread "Daemon health stats" [_thread_blocked, id=60876, stack(0x0000003d19000000,0x0000003d19100000)]
  0x0000015695383800 JavaThread "Incoming local TCP Connector on port 55087" [_thread_in_native, id=52768, stack(0x0000003d18e00000,0x0000003d18f00000)]
  0x0000015695743800 JavaThread "Daemon" [_thread_blocked, id=70108, stack(0x0000003d19100000,0x0000003d19200000)]
  0x0000015696ad8800 JavaThread "Daemon periodic checks" [_thread_blocked, id=61716, stack(0x0000003d19200000,0x0000003d19300000)]
  0x00000156959bc800 JavaThread "Handler for socket connection from /127.0.0.1:55087 to /127.0.0.1:55088" [_thread_in_native, id=71188, stack(0x0000003d19300000,0x0000003d19400000)]
  0x000001569537e800 JavaThread "Cancel handler" [_thread_blocked, id=63796, stack(0x0000003d19400000,0x0000003d19500000)]
  0x0000015695381000 JavaThread "Daemon worker" [_thread_blocked, id=9460, stack(0x0000003d19500000,0x0000003d19600000)]
  0x0000015695977800 JavaThread "Asynchronous log dispatcher for DefaultDaemonConnection: socket connection from /127.0.0.1:55087 to /127.0.0.1:55088" [_thread_blocked, id=68052, stack(0x0000003d19600000,0x0000003d19700000)]
  0x0000015695b9b800 JavaThread "Stdin handler" [_thread_blocked, id=70104, stack(0x0000003d19700000,0x0000003d19800000)]
  0x0000015695b99800 JavaThread "Daemon client event forwarder" [_thread_blocked, id=13688, stack(0x0000003d19800000,0x0000003d19900000)]
  0x0000015695b9a800 JavaThread "Cache worker for file hash cache (C:\Users\daffa\.gradle\caches\7.0.2\fileHashes)" [_thread_in_Java, id=70884, stack(0x0000003d19b00000,0x0000003d19c00000)]
  0x0000015695b9c000 JavaThread "File lock request listener" [_thread_in_native, id=71092, stack(0x0000003d19c00000,0x0000003d19d00000)]
  0x0000015694afc000 JavaThread "Cache worker for journal cache (C:\Users\daffa\.gradle\caches\journal-1)" [_thread_blocked, id=70720, stack(0x0000003d19d00000,0x0000003d19e00000)]
  0x0000015694afe800 JavaThread "Cache worker for file hash cache (D:\Programming\2022\Android\Project\TapMe\.gradle\7.0.2\fileHashes)" [_thread_blocked, id=70028, stack(0x0000003d19e00000,0x0000003d19f00000)]
  0x0000015694aff800 JavaThread "File watcher server" daemon [_thread_in_native, id=71808, stack(0x0000003d19f00000,0x0000003d1a000000)]
  0x0000015694b00000 JavaThread "File watcher consumer" daemon [_thread_blocked, id=72276, stack(0x0000003d1a000000,0x0000003d1a100000)]
  0x0000015694afb000 JavaThread "Cache worker for checksums cache (D:\Programming\2022\Android\Project\TapMe\.gradle\checksums)" [_thread_blocked, id=4428, stack(0x0000003d1a100000,0x0000003d1a200000)]
  0x0000015694afd800 JavaThread "Cache worker for cache directory md-supplier (C:\Users\daffa\.gradle\caches\7.0.2\md-supplier)" [_thread_blocked, id=70996, stack(0x0000003d1a200000,0x0000003d1a300000)]
  0x0000015694afd000 JavaThread "Cache worker for cache directory md-rule (C:\Users\daffa\.gradle\caches\7.0.2\md-rule)" [_thread_blocked, id=14952, stack(0x0000003d1a300000,0x0000003d1a400000)]
  0x0000015694b06800 JavaThread "Cache worker for execution history cache (C:\Users\daffa\.gradle\caches\7.0.2\executionHistory)" [_thread_blocked, id=70456, stack(0x0000003d1a500000,0x0000003d1a600000)]
  0x0000015694b03800 JavaThread "jar transforms" [_thread_blocked, id=45828, stack(0x0000003d1a600000,0x0000003d1a700000)]
  0x0000015694b02000 JavaThread "jar transforms Thread 2" [_thread_blocked, id=71756, stack(0x0000003d1a700000,0x0000003d1a800000)]
  0x0000015694b04000 JavaThread "Cache worker for file content cache (C:\Users\daffa\.gradle\caches\7.0.2\fileContent)" [_thread_blocked, id=70872, stack(0x0000003d1a800000,0x0000003d1a900000)]
  0x0000015694b08800 JavaThread "Cache worker for dependencies-accessors (D:\Programming\2022\Android\Project\TapMe\.gradle\7.0.2\dependencies-accessors)" [_thread_blocked, id=68684, stack(0x0000003d1a900000,0x0000003d1aa00000)]
  0x0000015694b05000 JavaThread "jar transforms Thread 3" [_thread_blocked, id=66376, stack(0x0000003d1aa00000,0x0000003d1ab00000)]
  0x0000015694b06000 JavaThread "Cache worker for Build Output Cleanup Cache (D:\Programming\2022\Android\Project\TapMe\.gradle\buildOutputCleanup)" [_thread_blocked, id=62152, stack(0x0000003d1ab00000,0x0000003d1ac00000)]
  0x0000015694b0a000 JavaThread "Build operations" [_thread_blocked, id=60712, stack(0x0000003d1a400000,0x0000003d1a500000)]
  0x0000015694b09000 JavaThread "Build operations Thread 2" [_thread_blocked, id=73608, stack(0x0000003d1ac00000,0x0000003d1ad00000)]
  0x000001569604e000 JavaThread "Build operations Thread 3" [_thread_in_Java, id=63496, stack(0x0000003d1ad00000,0x0000003d1ae00000)]
  0x000001569604c000 JavaThread "Build operations Thread 4" [_thread_blocked, id=73236, stack(0x0000003d1ae00000,0x0000003d1af00000)]
  0x0000015696050000 JavaThread "jar transforms Thread 4" [_thread_blocked, id=72524, stack(0x0000003d1af00000,0x0000003d1b000000)]
  0x000001569604f000 JavaThread "Memory manager" [_thread_blocked, id=69076, stack(0x0000003d1b000000,0x0000003d1b100000)]
  0x000001569604c800 JavaThread "build event listener" [_thread_blocked, id=71516, stack(0x0000003d1b100000,0x0000003d1b200000)]
  0x000001569604d800 JavaThread "Execution worker for ':'" [_thread_blocked, id=13912, stack(0x0000003d1b200000,0x0000003d1b300000)]
  0x000001569604a000 JavaThread "Execution worker for ':' Thread 2" [_thread_blocked, id=71424, stack(0x0000003d1b300000,0x0000003d1b400000)]
  0x0000015696050800 JavaThread "Execution worker for ':' Thread 3" [_thread_blocked, id=69300, stack(0x0000003d1b400000,0x0000003d1b500000)]
  0x000001569604b000 JavaThread "Cache worker for execution history cache (D:\Programming\2022\Android\Project\TapMe\.gradle\7.0.2\executionHistory)" [_thread_blocked, id=53152, stack(0x0000003d1b500000,0x0000003d1b600000)]

Other Threads:
  0x00000156ffb23800 VMThread "VM Thread" [stack: 0x0000003d18300000,0x0000003d18400000] [id=65712]
  0x000001569393e000 WatcherThread [stack: 0x0000003d18d00000,0x0000003d18e00000] [id=63804]
  0x00000156f8f55000 GCTaskThread "GC Thread#0" [stack: 0x0000003d17e00000,0x0000003d17f00000] [id=72948]
  0x00000156944d2800 GCTaskThread "GC Thread#1" [stack: 0x0000003d18f00000,0x0000003d19000000] [id=69592]
  0x000001569453b800 GCTaskThread "GC Thread#2" [stack: 0x0000003d19900000,0x0000003d19a00000] [id=71332]
  0x000001569489f000 GCTaskThread "GC Thread#3" [stack: 0x0000003d19a00000,0x0000003d19b00000] [id=69788]
  0x00000156f8fa5800 ConcurrentGCThread "G1 Main Marker" [stack: 0x0000003d17f00000,0x0000003d18000000] [id=65520]
  0x00000156f8fa6800 ConcurrentGCThread "G1 Conc#0" [stack: 0x0000003d18000000,0x0000003d18100000] [id=70580]
  0x00000156f901c000 ConcurrentGCThread "G1 Refine#0" [stack: 0x0000003d18100000,0x0000003d18200000] [id=60076]
  0x00000156f901d800 ConcurrentGCThread "G1 Young RemSet Sampling" [stack: 0x0000003d18200000,0x0000003d18300000] [id=72740]

Threads with active compile tasks:
C2 CompilerThread0  22321 7966       4       org.gradle.cache.internal.btree.CachingBlockStore::read (56 bytes)

VM state:not at safepoint (normal execution)

VM Mutex/Monitor currently owned by a thread: None

Heap address: 0x0000000080000000, size: 2048 MB, Compressed Oops mode: 32-bit
Narrow klass base: 0x0000000000000000, Narrow klass shift: 3
Compressed class space size: 1073741824 Address: 0x0000000100000000

Heap:
 garbage-first heap   total 143360K, used 81339K [0x0000000080000000, 0x0000000100000000)
  region size 1024K, 29 young (29696K), 7 survivors (7168K)
 Metaspace       used 78498K, capacity 80505K, committed 80716K, reserved 1118208K
  class space    used 10280K, capacity 11033K, committed 11136K, reserved 1048576K
Heap Regions: E=young(eden), S=young(survivor), O=old, HS=humongous(starts), HC=humongous(continues), CS=collection set, F=free, A=archive, TAMS=top-at-mark-start (previous, next)
|   0|0x0000000080000000, 0x0000000080100000, 0x0000000080100000|100%| O|  |TAMS 0x0000000080100000, 0x0000000080000000| Untracked 
|   1|0x0000000080100000, 0x0000000080200000, 0x0000000080200000|100%| O|  |TAMS 0x0000000080200000, 0x0000000080100000| Untracked 
|   2|0x0000000080200000, 0x0000000080300000, 0x0000000080300000|100%| O|  |TAMS 0x0000000080300000, 0x0000000080200000| Untracked 
|   3|0x0000000080300000, 0x0000000080400000, 0x0000000080400000|100%|HS|  |TAMS 0x0000000080400000, 0x0000000080300000| Complete 
|   4|0x0000000080400000, 0x0000000080500000, 0x0000000080500000|100%|HC|  |TAMS 0x0000000080500000, 0x0000000080400000| Complete 
|   5|0x0000000080500000, 0x0000000080600000, 0x0000000080600000|100%|HC|  |TAMS 0x0000000080600000, 0x0000000080500000| Complete 
|   6|0x0000000080600000, 0x0000000080700000, 0x0000000080700000|100%| O|  |TAMS 0x0000000080700000, 0x0000000080600000| Untracked 
|   7|0x0000000080700000, 0x0000000080800000, 0x0000000080800000|100%| O|  |TAMS 0x0000000080800000, 0x0000000080700000| Untracked 
|   8|0x0000000080800000, 0x0000000080900000, 0x0000000080900000|100%| O|  |TAMS 0x0000000080900000, 0x0000000080800000| Untracked 
|   9|0x0000000080900000, 0x0000000080a00000, 0x0000000080a00000|100%| O|  |TAMS 0x0000000080a00000, 0x0000000080900000| Untracked 
|  10|0x0000000080a00000, 0x0000000080b00000, 0x0000000080b00000|100%| O|  |TAMS 0x0000000080b00000, 0x0000000080a00000| Untracked 
|  11|0x0000000080b00000, 0x0000000080c00000, 0x0000000080c00000|100%| O|  |TAMS 0x0000000080c00000, 0x0000000080b00000| Untracked 
|  12|0x0000000080c00000, 0x0000000080d00000, 0x0000000080d00000|100%| O|  |TAMS 0x0000000080d00000, 0x0000000080c00000| Untracked 
|  13|0x0000000080d00000, 0x0000000080e00000, 0x0000000080e00000|100%| O|  |TAMS 0x0000000080e00000, 0x0000000080d00000| Untracked 
|  14|0x0000000080e00000, 0x0000000080f00000, 0x0000000080f00000|100%| O|  |TAMS 0x0000000080f00000, 0x0000000080e00000| Untracked 
|  15|0x0000000080f00000, 0x0000000081000000, 0x0000000081000000|100%| O|  |TAMS 0x0000000081000000, 0x0000000080f00000| Untracked 
|  16|0x0000000081000000, 0x0000000081100000, 0x0000000081100000|100%| O|  |TAMS 0x0000000081100000, 0x0000000081000000| Untracked 
|  17|0x0000000081100000, 0x0000000081200000, 0x0000000081200000|100%| O|  |TAMS 0x0000000081200000, 0x0000000081100000| Untracked 
|  18|0x0000000081200000, 0x0000000081300000, 0x0000000081300000|100%| O|  |TAMS 0x0000000081300000, 0x0000000081200000| Untracked 
|  19|0x0000000081300000, 0x0000000081400000, 0x0000000081400000|100%| O|  |TAMS 0x0000000081400000, 0x0000000081300000| Untracked 
|  20|0x0000000081400000, 0x0000000081500000, 0x0000000081500000|100%| O|  |TAMS 0x0000000081500000, 0x0000000081400000| Untracked 
|  21|0x0000000081500000, 0x0000000081600000, 0x0000000081600000|100%| O|  |TAMS 0x0000000081600000, 0x0000000081500000| Untracked 
|  22|0x0000000081600000, 0x0000000081700000, 0x0000000081700000|100%| O|  |TAMS 0x0000000081700000, 0x0000000081600000| Untracked 
|  23|0x0000000081700000, 0x0000000081800000, 0x0000000081800000|100%| O|  |TAMS 0x0000000081800000, 0x0000000081700000| Untracked 
|  24|0x0000000081800000, 0x0000000081900000, 0x0000000081900000|100%| O|  |TAMS 0x0000000081900000, 0x0000000081800000| Untracked 
|  25|0x0000000081900000, 0x0000000081a00000, 0x0000000081a00000|100%|HS|  |TAMS 0x0000000081a00000, 0x0000000081900000| Complete 
|  26|0x0000000081a00000, 0x0000000081b00000, 0x0000000081b00000|100%|HS|  |TAMS 0x0000000081b00000, 0x0000000081a00000| Complete 
|  27|0x0000000081b00000, 0x0000000081c00000, 0x0000000081c00000|100%|HS|  |TAMS 0x0000000081c00000, 0x0000000081b00000| Complete 
|  28|0x0000000081c00000, 0x0000000081d00000, 0x0000000081d00000|100%|HC|  |TAMS 0x0000000081d00000, 0x0000000081c00000| Complete 
|  29|0x0000000081d00000, 0x0000000081e00000, 0x0000000081e00000|100%| O|  |TAMS 0x0000000081e00000, 0x0000000081d00000| Untracked 
|  30|0x0000000081e00000, 0x0000000081f00000, 0x0000000081f00000|100%| O|  |TAMS 0x0000000081f00000, 0x0000000081e00000| Untracked 
|  31|0x0000000081f00000, 0x0000000082000000, 0x0000000082000000|100%| O|  |TAMS 0x0000000082000000, 0x0000000081f00000| Untracked 
|  32|0x0000000082000000, 0x0000000082100000, 0x0000000082100000|100%| O|  |TAMS 0x0000000082100000, 0x0000000082000000| Untracked 
|  33|0x0000000082100000, 0x0000000082200000, 0x0000000082200000|100%| O|  |TAMS 0x0000000082200000, 0x0000000082100000| Untracked 
|  34|0x0000000082200000, 0x0000000082300000, 0x0000000082300000|100%| O|  |TAMS 0x0000000082300000, 0x0000000082200000| Untracked 
|  35|0x0000000082300000, 0x0000000082400000, 0x0000000082400000|100%| O|  |TAMS 0x0000000082400000, 0x0000000082300000| Untracked 
|  36|0x0000000082400000, 0x0000000082500000, 0x0000000082500000|100%| O|  |TAMS 0x0000000082500000, 0x0000000082400000| Untracked 
|  37|0x0000000082500000, 0x0000000082600000, 0x0000000082600000|100%| O|  |TAMS 0x0000000082600000, 0x0000000082500000| Untracked 
|  38|0x0000000082600000, 0x0000000082700000, 0x0000000082700000|100%| O|  |TAMS 0x0000000082700000, 0x0000000082600000| Untracked 
|  39|0x0000000082700000, 0x0000000082800000, 0x0000000082800000|100%| O|  |TAMS 0x0000000082800000, 0x0000000082700000| Untracked 
|  40|0x0000000082800000, 0x0000000082900000, 0x0000000082900000|100%| O|  |TAMS 0x0000000082900000, 0x0000000082800000| Untracked 
|  41|0x0000000082900000, 0x0000000082a00000, 0x0000000082a00000|100%| O|  |TAMS 0x0000000082a00000, 0x0000000082900000| Untracked 
|  42|0x0000000082a00000, 0x0000000082b00000, 0x0000000082b00000|100%| O|  |TAMS 0x0000000082a00000, 0x0000000082a00000| Untracked 
|  43|0x0000000082b00000, 0x0000000082c00000, 0x0000000082c00000|100%| O|  |TAMS 0x0000000082b00000, 0x0000000082b00000| Untracked 
|  44|0x0000000082c00000, 0x0000000082d00000, 0x0000000082d00000|100%| O|  |TAMS 0x0000000082c00000, 0x0000000082c00000| Untracked 
|  45|0x0000000082d00000, 0x0000000082e00000, 0x0000000082e00000|100%| O|  |TAMS 0x0000000082d00000, 0x0000000082d00000| Untracked 
|  46|0x0000000082e00000, 0x0000000082f00000, 0x0000000082f00000|100%| O|  |TAMS 0x0000000082e00000, 0x0000000082e00000| Untracked 
|  47|0x0000000082f00000, 0x0000000083000000, 0x0000000083000000|100%| O|  |TAMS 0x0000000082f00000, 0x0000000082f00000| Untracked 
|  48|0x0000000083000000, 0x0000000083100000, 0x0000000083100000|100%| O|  |TAMS 0x0000000083000000, 0x0000000083000000| Untracked 
|  49|0x0000000083100000, 0x0000000083200000, 0x0000000083200000|100%| O|  |TAMS 0x0000000083100000, 0x0000000083100000| Untracked 
|  50|0x0000000083200000, 0x0000000083300000, 0x0000000083300000|100%| O|  |TAMS 0x0000000083200000, 0x0000000083200000| Untracked 
|  51|0x0000000083300000, 0x0000000083400000, 0x0000000083400000|100%| O|  |TAMS 0x0000000083300000, 0x0000000083300000| Untracked 
|  52|0x0000000083400000, 0x000000008346ec00, 0x0000000083500000| 43%| O|  |TAMS 0x0000000083400000, 0x0000000083400000| Untracked 
|  53|0x0000000083500000, 0x0000000083500000, 0x0000000083600000|  0%| F|  |TAMS 0x0000000083500000, 0x0000000083500000| Untracked 
|  54|0x0000000083600000, 0x0000000083600000, 0x0000000083700000|  0%| F|  |TAMS 0x0000000083600000, 0x0000000083600000| Untracked 
|  55|0x0000000083700000, 0x0000000083700000, 0x0000000083800000|  0%| F|  |TAMS 0x0000000083700000, 0x0000000083700000| Untracked 
|  56|0x0000000083800000, 0x0000000083800000, 0x0000000083900000|  0%| F|  |TAMS 0x0000000083800000, 0x0000000083800000| Untracked 
|  57|0x0000000083900000, 0x0000000083900000, 0x0000000083a00000|  0%| F|  |TAMS 0x0000000083900000, 0x0000000083900000| Untracked 
|  58|0x0000000083a00000, 0x0000000083a00000, 0x0000000083b00000|  0%| F|  |TAMS 0x0000000083a00000, 0x0000000083a00000| Untracked 
|  59|0x0000000083b00000, 0x0000000083b00000, 0x0000000083c00000|  0%| F|  |TAMS 0x0000000083b00000, 0x0000000083b00000| Untracked 
|  60|0x0000000083c00000, 0x0000000083c00000, 0x0000000083d00000|  0%| F|  |TAMS 0x0000000083c00000, 0x0000000083c00000| Untracked 
|  61|0x0000000083d00000, 0x0000000083d00000, 0x0000000083e00000|  0%| F|  |TAMS 0x0000000083d00000, 0x0000000083d00000| Untracked 
|  62|0x0000000083e00000, 0x0000000083e00000, 0x0000000083f00000|  0%| F|  |TAMS 0x0000000083e00000, 0x0000000083e00000| Untracked 
|  63|0x0000000083f00000, 0x0000000083f00000, 0x0000000084000000|  0%| F|  |TAMS 0x0000000083f00000, 0x0000000083f00000| Untracked 
|  64|0x0000000084000000, 0x0000000084000000, 0x0000000084100000|  0%| F|  |TAMS 0x0000000084000000, 0x0000000084000000| Untracked 
|  65|0x0000000084100000, 0x0000000084100000, 0x0000000084200000|  0%| F|  |TAMS 0x0000000084100000, 0x0000000084100000| Untracked 
|  66|0x0000000084200000, 0x0000000084200000, 0x0000000084300000|  0%| F|  |TAMS 0x0000000084200000, 0x0000000084200000| Untracked 
|  67|0x0000000084300000, 0x0000000084300000, 0x0000000084400000|  0%| F|  |TAMS 0x0000000084300000, 0x0000000084300000| Untracked 
|  68|0x0000000084400000, 0x0000000084400000, 0x0000000084500000|  0%| F|  |TAMS 0x0000000084400000, 0x0000000084400000| Untracked 
|  69|0x0000000084500000, 0x0000000084500000, 0x0000000084600000|  0%| F|  |TAMS 0x0000000084500000, 0x0000000084500000| Untracked 
|  70|0x0000000084600000, 0x0000000084600000, 0x0000000084700000|  0%| F|  |TAMS 0x0000000084600000, 0x0000000084600000| Untracked 
|  71|0x0000000084700000, 0x0000000084700000, 0x0000000084800000|  0%| F|  |TAMS 0x0000000084700000, 0x0000000084700000| Untracked 
|  72|0x0000000084800000, 0x0000000084800000, 0x0000000084900000|  0%| F|  |TAMS 0x0000000084800000, 0x0000000084800000| Untracked 
|  73|0x0000000084900000, 0x0000000084900000, 0x0000000084a00000|  0%| F|  |TAMS 0x0000000084900000, 0x0000000084900000| Untracked 
|  74|0x0000000084a00000, 0x0000000084a00000, 0x0000000084b00000|  0%| F|  |TAMS 0x0000000084a00000, 0x0000000084a00000| Untracked 
|  75|0x0000000084b00000, 0x0000000084b00000, 0x0000000084c00000|  0%| F|  |TAMS 0x0000000084b00000, 0x0000000084b00000| Untracked 
|  76|0x0000000084c00000, 0x0000000084c00000, 0x0000000084d00000|  0%| F|  |TAMS 0x0000000084c00000, 0x0000000084c00000| Untracked 
|  77|0x0000000084d00000, 0x0000000084d00000, 0x0000000084e00000|  0%| F|  |TAMS 0x0000000084d00000, 0x0000000084d00000| Untracked 
|  78|0x0000000084e00000, 0x0000000084f00000, 0x0000000084f00000|100%| S|CS|TAMS 0x0000000084e00000, 0x0000000084e00000| Complete 
|  79|0x0000000084f00000, 0x0000000085000000, 0x0000000085000000|100%| S|CS|TAMS 0x0000000084f00000, 0x0000000084f00000| Complete 
|  80|0x0000000085000000, 0x0000000085100000, 0x0000000085100000|100%| S|CS|TAMS 0x0000000085000000, 0x0000000085000000| Complete 
|  81|0x0000000085100000, 0x0000000085200000, 0x0000000085200000|100%| S|CS|TAMS 0x0000000085100000, 0x0000000085100000| Complete 
|  82|0x0000000085200000, 0x0000000085300000, 0x0000000085300000|100%| S|CS|TAMS 0x0000000085200000, 0x0000000085200000| Complete 
|  83|0x0000000085300000, 0x0000000085400000, 0x0000000085400000|100%| S|CS|TAMS 0x0000000085300000, 0x0000000085300000| Complete 
|  84|0x0000000085400000, 0x0000000085500000, 0x0000000085500000|100%| S|CS|TAMS 0x0000000085400000, 0x0000000085400000| Complete 
|  85|0x0000000085500000, 0x0000000085500000, 0x0000000085600000|  0%| F|  |TAMS 0x0000000085500000, 0x0000000085500000| Untracked 
|  86|0x0000000085600000, 0x0000000085600000, 0x0000000085700000|  0%| F|  |TAMS 0x0000000085600000, 0x0000000085600000| Untracked 
|  87|0x0000000085700000, 0x0000000085700000, 0x0000000085800000|  0%| F|  |TAMS 0x0000000085700000, 0x0000000085700000| Untracked 
|  88|0x0000000085800000, 0x0000000085800000, 0x0000000085900000|  0%| F|  |TAMS 0x0000000085800000, 0x0000000085800000| Untracked 
|  89|0x0000000085900000, 0x0000000085900000, 0x0000000085a00000|  0%| F|  |TAMS 0x0000000085900000, 0x0000000085900000| Untracked 
|  90|0x0000000085a00000, 0x0000000085a00000, 0x0000000085b00000|  0%| F|  |TAMS 0x0000000085a00000, 0x0000000085a00000| Untracked 
|  91|0x0000000085b00000, 0x0000000085b00000, 0x0000000085c00000|  0%| F|  |TAMS 0x0000000085b00000, 0x0000000085b00000| Untracked 
|  92|0x0000000085c00000, 0x0000000085c00000, 0x0000000085d00000|  0%| F|  |TAMS 0x0000000085c00000, 0x0000000085c00000| Untracked 
|  93|0x0000000085d00000, 0x0000000085d00000, 0x0000000085e00000|  0%| F|  |TAMS 0x0000000085d00000, 0x0000000085d00000| Untracked 
|  94|0x0000000085e00000, 0x0000000085e00000, 0x0000000085f00000|  0%| F|  |TAMS 0x0000000085e00000, 0x0000000085e00000| Untracked 
|  95|0x0000000085f00000, 0x0000000085f00000, 0x0000000086000000|  0%| F|  |TAMS 0x0000000085f00000, 0x0000000085f00000| Untracked 
|  96|0x0000000086000000, 0x0000000086000000, 0x0000000086100000|  0%| F|  |TAMS 0x0000000086000000, 0x0000000086000000| Untracked 
|  97|0x0000000086100000, 0x0000000086100000, 0x0000000086200000|  0%| F|  |TAMS 0x0000000086100000, 0x0000000086100000| Untracked 
|  98|0x0000000086200000, 0x0000000086200000, 0x0000000086300000|  0%| F|  |TAMS 0x0000000086200000, 0x0000000086200000| Untracked 
|  99|0x0000000086300000, 0x0000000086300000, 0x0000000086400000|  0%| F|  |TAMS 0x0000000086300000, 0x0000000086300000| Untracked 
| 100|0x0000000086400000, 0x0000000086400000, 0x0000000086500000|  0%| F|  |TAMS 0x0000000086400000, 0x0000000086400000| Untracked 
| 101|0x0000000086500000, 0x0000000086500000, 0x0000000086600000|  0%| F|  |TAMS 0x0000000086500000, 0x0000000086500000| Untracked 
| 102|0x0000000086600000, 0x0000000086600000, 0x0000000086700000|  0%| F|  |TAMS 0x0000000086600000, 0x0000000086600000| Untracked 
| 103|0x0000000086700000, 0x0000000086700000, 0x0000000086800000|  0%| F|  |TAMS 0x0000000086700000, 0x0000000086700000| Untracked 
| 104|0x0000000086800000, 0x0000000086800000, 0x0000000086900000|  0%| F|  |TAMS 0x0000000086800000, 0x0000000086800000| Untracked 
| 105|0x0000000086900000, 0x0000000086900000, 0x0000000086a00000|  0%| F|  |TAMS 0x0000000086900000, 0x0000000086900000| Untracked 
| 106|0x0000000086a00000, 0x0000000086a00000, 0x0000000086b00000|  0%| F|  |TAMS 0x0000000086a00000, 0x0000000086a00000| Untracked 
| 107|0x0000000086b00000, 0x0000000086b00000, 0x0000000086c00000|  0%| F|  |TAMS 0x0000000086b00000, 0x0000000086b00000| Untracked 
| 108|0x0000000086c00000, 0x0000000086c00000, 0x0000000086d00000|  0%| F|  |TAMS 0x0000000086c00000, 0x0000000086c00000| Untracked 
| 109|0x0000000086d00000, 0x0000000086d00000, 0x0000000086e00000|  0%| F|  |TAMS 0x0000000086d00000, 0x0000000086d00000| Untracked 
| 110|0x0000000086e00000, 0x0000000086e00000, 0x0000000086f00000|  0%| F|  |TAMS 0x0000000086e00000, 0x0000000086e00000| Untracked 
| 111|0x0000000086f00000, 0x0000000086f00000, 0x0000000087000000|  0%| F|  |TAMS 0x0000000086f00000, 0x0000000086f00000| Untracked 
| 112|0x0000000087000000, 0x0000000087000000, 0x0000000087100000|  0%| F|  |TAMS 0x0000000087000000, 0x0000000087000000| Untracked 
| 113|0x0000000087100000, 0x0000000087100000, 0x0000000087200000|  0%| F|  |TAMS 0x0000000087100000, 0x0000000087100000| Untracked 
| 114|0x0000000087200000, 0x0000000087200000, 0x0000000087300000|  0%| F|  |TAMS 0x0000000087200000, 0x0000000087200000| Untracked 
| 115|0x0000000087300000, 0x0000000087300000, 0x0000000087400000|  0%| F|  |TAMS 0x0000000087300000, 0x0000000087300000| Untracked 
| 116|0x0000000087400000, 0x0000000087400000, 0x0000000087500000|  0%| F|  |TAMS 0x0000000087400000, 0x0000000087400000| Untracked 
| 117|0x0000000087500000, 0x0000000087500000, 0x0000000087600000|  0%| F|  |TAMS 0x0000000087500000, 0x0000000087500000| Untracked 
| 118|0x0000000087600000, 0x00000000876c9388, 0x0000000087700000| 78%| E|  |TAMS 0x0000000087600000, 0x0000000087600000| Complete 
| 119|0x0000000087700000, 0x0000000087800000, 0x0000000087800000|100%| E|CS|TAMS 0x0000000087700000, 0x0000000087700000| Complete 
| 120|0x0000000087800000, 0x0000000087900000, 0x0000000087900000|100%| E|CS|TAMS 0x0000000087800000, 0x0000000087800000| Complete 
| 121|0x0000000087900000, 0x0000000087a00000, 0x0000000087a00000|100%| E|CS|TAMS 0x0000000087900000, 0x0000000087900000| Complete 
| 122|0x0000000087a00000, 0x0000000087b00000, 0x0000000087b00000|100%| E|CS|TAMS 0x0000000087a00000, 0x0000000087a00000| Complete 
| 123|0x0000000087b00000, 0x0000000087c00000, 0x0000000087c00000|100%| E|CS|TAMS 0x0000000087b00000, 0x0000000087b00000| Complete 
| 124|0x0000000087c00000, 0x0000000087d00000, 0x0000000087d00000|100%| E|CS|TAMS 0x0000000087c00000, 0x0000000087c00000| Complete 
| 125|0x0000000087d00000, 0x0000000087e00000, 0x0000000087e00000|100%| E|  |TAMS 0x0000000087d00000, 0x0000000087d00000| Complete 
| 126|0x0000000087e00000, 0x0000000087f00000, 0x0000000087f00000|100%| E|CS|TAMS 0x0000000087e00000, 0x0000000087e00000| Complete 
| 127|0x0000000087f00000, 0x0000000088000000, 0x0000000088000000|100%| E|CS|TAMS 0x0000000087f00000, 0x0000000087f00000| Complete 
| 128|0x0000000088000000, 0x0000000088100000, 0x0000000088100000|100%| E|CS|TAMS 0x0000000088000000, 0x0000000088000000| Complete 
| 129|0x0000000088100000, 0x0000000088200000, 0x0000000088200000|100%| E|CS|TAMS 0x0000000088100000, 0x0000000088100000| Complete 
| 130|0x0000000088200000, 0x0000000088300000, 0x0000000088300000|100%| E|CS|TAMS 0x0000000088200000, 0x0000000088200000| Complete 
| 131|0x0000000088300000, 0x0000000088400000, 0x0000000088400000|100%| E|CS|TAMS 0x0000000088300000, 0x0000000088300000| Complete 
| 132|0x0000000088400000, 0x0000000088500000, 0x0000000088500000|100%| E|CS|TAMS 0x0000000088400000, 0x0000000088400000| Complete 
| 133|0x0000000088500000, 0x0000000088600000, 0x0000000088600000|100%| E|CS|TAMS 0x0000000088500000, 0x0000000088500000| Complete 
| 134|0x0000000088600000, 0x0000000088700000, 0x0000000088700000|100%| E|CS|TAMS 0x0000000088600000, 0x0000000088600000| Complete 
| 135|0x0000000088700000, 0x0000000088800000, 0x0000000088800000|100%| E|CS|TAMS 0x0000000088700000, 0x0000000088700000| Complete 
| 136|0x0000000088800000, 0x0000000088900000, 0x0000000088900000|100%| E|CS|TAMS 0x0000000088800000, 0x0000000088800000| Complete 
| 137|0x0000000088900000, 0x0000000088a00000, 0x0000000088a00000|100%| E|CS|TAMS 0x0000000088900000, 0x0000000088900000| Complete 
| 138|0x0000000088a00000, 0x0000000088b00000, 0x0000000088b00000|100%| E|CS|TAMS 0x0000000088a00000, 0x0000000088a00000| Complete 
| 139|0x0000000088b00000, 0x0000000088c00000, 0x0000000088c00000|100%| E|CS|TAMS 0x0000000088b00000, 0x0000000088b00000| Complete 

Card table byte_map: [0x00000156fce30000,0x00000156fd230000] _byte_map_base: 0x00000156fca30000

Marking Bits (Prev, Next): (CMBitMap*) 0x00000156f8f9ca60, (CMBitMap*) 0x00000156f8f9ca28
 Prev Bits: [0x000001568f000000, 0x0000015691000000)
 Next Bits: [0x00000156fd630000, 0x00000156ff630000)

Polling page: 0x00000156f6ec0000

Metaspace:

Usage:
  Non-class:     67.84 MB capacity,    66.62 MB ( 98%) used,     1.01 MB (  1%) free+waste,   213.06 KB ( <1%) overhead. 
      Class:     10.77 MB capacity,    10.04 MB ( 93%) used,   653.44 KB (  6%) free+waste,    98.88 KB ( <1%) overhead. 
       Both:     78.62 MB capacity,    76.66 MB ( 98%) used,     1.65 MB (  2%) free+waste,   311.94 KB ( <1%) overhead. 

Virtual space:
  Non-class space:       68.00 MB reserved,      67.95 MB (>99%) committed 
      Class space:        1.00 GB reserved,      10.88 MB (  1%) committed 
             Both:        1.07 GB reserved,      78.82 MB (  7%) committed 

Chunk freelists:
   Non-Class:  44.00 KB
       Class:  0 bytes
        Both:  44.00 KB

MaxMetaspaceSize: 17179869184.00 GB
CompressedClassSpaceSize: 1.00 GB

CodeHeap 'non-profiled nmethods': size=120064Kb used=4235Kb max_used=4235Kb free=115828Kb
 bounds [0x0000015687ac0000, 0x0000015687ef0000, 0x000001568f000000]
CodeHeap 'profiled nmethods': size=120000Kb used=17272Kb max_used=17272Kb free=102727Kb
 bounds [0x0000015680590000, 0x0000015681670000, 0x0000015687ac0000]
CodeHeap 'non-nmethods': size=5696Kb used=2275Kb max_used=2323Kb free=3420Kb
 bounds [0x0000015680000000, 0x0000015680270000, 0x0000015680590000]
 total_blobs=8935 nmethods=8065 adapters=781
 compilation: enabled
              stopped_count=0, restarted_count=0
 full_count=0

Compilation events (20 events):
Event: 22.273 Thread 0x00000156ffb51000 8052       3       org.gradle.api.internal.changedetection.state.RuntimeClasspathResourceHasher::hash (10 bytes)
Event: 22.274 Thread 0x00000156ffb51000 nmethod 8052 0x0000015681652390 code [0x0000015681652540, 0x00000156816526b8]
Event: 22.274 Thread 0x00000156ffb51000 8054       3       org.gradle.api.internal.file.AbstractFileCollection::visitStructure (19 bytes)
Event: 22.274 Thread 0x00000156ffb51000 nmethod 8054 0x0000015681652810 code [0x00000156816529e0, 0x0000015681652cb8]
Event: 22.274 Thread 0x00000156ffb51000 8055       1       org.gradle.api.internal.artifacts.dsl.ArtifactFile::getName (5 bytes)
Event: 22.274 Thread 0x00000156ffb51000 nmethod 8055 0x0000015687edf210 code [0x0000015687edf3c0, 0x0000015687edf478]
Event: 22.274 Thread 0x00000156ffb51000 8056       1       org.gradle.api.internal.artifacts.dsl.ArtifactFile::getClassifier (5 bytes)
Event: 22.274 Thread 0x00000156ffb51000 nmethod 8056 0x0000015687edf510 code [0x0000015687edf6c0, 0x0000015687edf778]
Event: 22.275 Thread 0x00000156ffb51000 8057   !   3       java.util.concurrent.locks.AbstractQueuedSynchronizer::doAcquireInterruptibly (74 bytes)
Event: 22.276 Thread 0x00000156ffb51000 nmethod 8057 0x0000015681652d90 code [0x0000015681653040, 0x0000015681653c78]
Event: 22.276 Thread 0x00000156ffb51000 8058       3       org.gradle.internal.snapshot.VfsRelativePath::isPrefixOf (105 bytes)
Event: 22.278 Thread 0x00000156ffb51000 nmethod 8058 0x0000015681654210 code [0x0000015681654560, 0x0000015681655ba8]
Event: 22.278 Thread 0x00000156ffb51000 8060       3       java.util.Collections::indexedBinarySearch (85 bytes)
Event: 22.278 Thread 0x00000156ffb51000 nmethod 8060 0x0000015681656510 code [0x0000015681656700, 0x0000015681656bc8]
Event: 22.278 Thread 0x00000156ffb51000 8059       3       java.util.Collections::binarySearch (43 bytes)
Event: 22.279 Thread 0x00000156ffb51000 nmethod 8059 0x0000015681656d90 code [0x0000015681656fc0, 0x00000156816576d8]
Event: 22.279 Thread 0x00000156ffb51000 8061       3       com.google.common.collect.CompactHashMap$EntrySetView::size (8 bytes)
Event: 22.279 Thread 0x00000156ffb51000 nmethod 8061 0x0000015681657890 code [0x0000015681657a40, 0x0000015681657b58]
Event: 22.279 Thread 0x00000156ffb51000 8062       1       java.nio.charset.CharsetDecoder::charset (5 bytes)
Event: 22.279 Thread 0x00000156ffb51000 nmethod 8062 0x0000015687edf810 code [0x0000015687edf9c0, 0x0000015687edfa78]

GC Heap History (20 events):
Event: 8.201 GC heap before
{Heap before GC invocations=8 (full 0):
 garbage-first heap   total 98304K, used 47887K [0x0000000080000000, 0x0000000100000000)
  region size 1024K, 34 young (34816K), 4 survivors (4096K)
 Metaspace       used 35046K, capacity 35809K, committed 35840K, reserved 1081344K
  class space    used 4537K, capacity 4833K, committed 4864K, reserved 1048576K
}
Event: 8.213 GC heap after
{Heap after GC invocations=9 (full 0):
 garbage-first heap   total 98304K, used 21883K [0x0000000080000000, 0x0000000100000000)
  region size 1024K, 6 young (6144K), 6 survivors (6144K)
 Metaspace       used 35046K, capacity 35809K, committed 35840K, reserved 1081344K
  class space    used 4537K, capacity 4833K, committed 4864K, reserved 1048576K
}
Event: 9.264 GC heap before
{Heap before GC invocations=10 (full 0):
 garbage-first heap   total 98304K, used 68987K [0x0000000080000000, 0x0000000100000000)
  region size 1024K, 49 young (50176K), 6 survivors (6144K)
 Metaspace       used 38716K, capacity 39642K, committed 39884K, reserved 1083392K
  class space    used 4929K, capacity 5252K, committed 5376K, reserved 1048576K
}
Event: 9.279 GC heap after
{Heap after GC invocations=11 (full 0):
 garbage-first heap   total 118784K, used 25839K [0x0000000080000000, 0x0000000100000000)
  region size 1024K, 7 young (7168K), 7 survivors (7168K)
 Metaspace       used 38716K, capacity 39642K, committed 39884K, reserved 1083392K
  class space    used 4929K, capacity 5252K, committed 5376K, reserved 1048576K
}
Event: 10.179 GC heap before
{Heap before GC invocations=11 (full 0):
 garbage-first heap   total 118784K, used 78063K [0x0000000080000000, 0x0000000100000000)
  region size 1024K, 58 young (59392K), 7 survivors (7168K)
 Metaspace       used 43168K, capacity 44223K, committed 44492K, reserved 1087488K
  class space    used 5502K, capacity 5856K, committed 5888K, reserved 1048576K
}
Event: 10.200 GC heap after
{Heap after GC invocations=12 (full 0):
 garbage-first heap   total 118784K, used 27952K [0x0000000080000000, 0x0000000100000000)
  region size 1024K, 6 young (6144K), 6 survivors (6144K)
 Metaspace       used 43168K, capacity 44223K, committed 44492K, reserved 1087488K
  class space    used 5502K, capacity 5856K, committed 5888K, reserved 1048576K
}
Event: 12.258 GC heap before
{Heap before GC invocations=12 (full 0):
 garbage-first heap   total 118784K, used 86320K [0x0000000080000000, 0x0000000100000000)
  region size 1024K, 64 young (65536K), 6 survivors (6144K)
 Metaspace       used 46950K, capacity 48163K, committed 48460K, reserved 1091584K
  class space    used 5991K, capacity 6421K, committed 6528K, reserved 1048576K
}
Event: 12.272 GC heap after
{Heap after GC invocations=13 (full 0):
 garbage-first heap   total 118784K, used 31745K [0x0000000080000000, 0x0000000100000000)
  region size 1024K, 7 young (7168K), 7 survivors (7168K)
 Metaspace       used 46950K, capacity 48163K, committed 48460K, reserved 1091584K
  class space    used 5991K, capacity 6421K, committed 6528K, reserved 1048576K
}
Event: 13.939 GC heap before
{Heap before GC invocations=13 (full 0):
 garbage-first heap   total 118784K, used 91137K [0x0000000080000000, 0x0000000100000000)
  region size 1024K, 62 young (63488K), 7 survivors (7168K)
 Metaspace       used 52550K, capacity 53979K, committed 54092K, reserved 1095680K
  class space    used 6715K, capacity 7195K, committed 7296K, reserved 1048576K
}
Event: 13.954 GC heap after
{Heap after GC invocations=14 (full 0):
 garbage-first heap   total 118784K, used 43008K [0x0000000080000000, 0x0000000100000000)
  region size 1024K, 8 young (8192K), 8 survivors (8192K)
 Metaspace       used 52550K, capacity 53979K, committed 54092K, reserved 1095680K
  class space    used 6715K, capacity 7195K, committed 7296K, reserved 1048576K
}
Event: 14.933 GC heap before
{Heap before GC invocations=14 (full 0):
 garbage-first heap   total 118784K, used 79872K [0x0000000080000000, 0x0000000100000000)
  region size 1024K, 45 young (46080K), 8 survivors (8192K)
 Metaspace       used 58606K, capacity 60096K, committed 60236K, reserved 1101824K
  class space    used 7426K, capacity 7971K, committed 8064K, reserved 1048576K
}
Event: 14.952 GC heap after
{Heap after GC invocations=15 (full 0):
 garbage-first heap   total 143360K, used 45641K [0x0000000080000000, 0x0000000100000000)
  region size 1024K, 3 young (3072K), 3 survivors (3072K)
 Metaspace       used 58606K, capacity 60096K, committed 60236K, reserved 1101824K
  class space    used 7426K, capacity 7971K, committed 8064K, reserved 1048576K
}
Event: 16.213 GC heap before
{Heap before GC invocations=16 (full 0):
 garbage-first heap   total 143360K, used 97865K [0x0000000080000000, 0x0000000100000000)
  region size 1024K, 54 young (55296K), 3 survivors (3072K)
 Metaspace       used 63202K, capacity 64762K, committed 64844K, reserved 1105920K
  class space    used 8024K, capacity 8574K, committed 8576K, reserved 1048576K
}
Event: 16.224 GC heap after
{Heap after GC invocations=17 (full 0):
 garbage-first heap   total 143360K, used 49035K [0x0000000080000000, 0x0000000100000000)
  region size 1024K, 6 young (6144K), 6 survivors (6144K)
 Metaspace       used 63202K, capacity 64762K, committed 64844K, reserved 1105920K
  class space    used 8024K, capacity 8574K, committed 8576K, reserved 1048576K
}
Event: 17.731 GC heap before
{Heap before GC invocations=17 (full 0):
 garbage-first heap   total 143360K, used 102283K [0x0000000080000000, 0x0000000100000000)
  region size 1024K, 58 young (59392K), 6 survivors (6144K)
 Metaspace       used 67743K, capacity 69372K, committed 69580K, reserved 1110016K
  class space    used 8766K, capacity 9362K, committed 9472K, reserved 1048576K
}
Event: 17.751 GC heap after
{Heap after GC invocations=18 (full 0):
 garbage-first heap   total 143360K, used 53535K [0x0000000080000000, 0x0000000100000000)
  region size 1024K, 5 young (5120K), 5 survivors (5120K)
 Metaspace       used 67743K, capacity 69372K, committed 69580K, reserved 1110016K
  class space    used 8766K, capacity 9362K, committed 9472K, reserved 1048576K
}
Event: 19.738 GC heap before
{Heap before GC invocations=18 (full 0):
 garbage-first heap   total 143360K, used 105759K [0x0000000080000000, 0x0000000100000000)
  region size 1024K, 56 young (57344K), 5 survivors (5120K)
 Metaspace       used 73879K, capacity 75613K, committed 75724K, reserved 1114112K
  class space    used 9627K, capacity 10228K, committed 10240K, reserved 1048576K
}
Event: 19.750 GC heap after
{Heap after GC invocations=19 (full 0):
 garbage-first heap   total 143360K, used 57206K [0x0000000080000000, 0x0000000100000000)
  region size 1024K, 4 young (4096K), 4 survivors (4096K)
 Metaspace       used 73879K, capacity 75613K, committed 75724K, reserved 1114112K
  class space    used 9627K, capacity 10228K, committed 10240K, reserved 1048576K
}
Event: 21.830 GC heap before
{Heap before GC invocations=19 (full 0):
 garbage-first heap   total 143360K, used 109430K [0x0000000080000000, 0x0000000100000000)
  region size 1024K, 55 young (56320K), 4 survivors (4096K)
 Metaspace       used 77963K, capacity 79952K, committed 80076K, reserved 1118208K
  class space    used 10222K, capacity 10962K, committed 11008K, reserved 1048576K
}
Event: 21.844 GC heap after
{Heap after GC invocations=20 (full 0):
 garbage-first heap   total 143360K, used 60859K [0x0000000080000000, 0x0000000100000000)
  region size 1024K, 7 young (7168K), 7 survivors (7168K)
 Metaspace       used 77963K, capacity 79952K, committed 80076K, reserved 1118208K
  class space    used 10222K, capacity 10962K, committed 11008K, reserved 1048576K
}

Deoptimization events (20 events):
Event: 22.035 Thread 0x0000015694b0a000 Uncommon trap: trap_request=0xffffff4d fr.pc=0x0000015687b19b50 relative=0x0000000000000510
Event: 22.035 Thread 0x0000015694b0a000 Uncommon trap: reason=unstable_if action=reinterpret pc=0x0000015687b19b50 method=java.lang.StringLatin1.compareToCI([B[B)I @ 68 c2
Event: 22.035 Thread 0x0000015694b0a000 DEOPT PACKING pc=0x0000015687b19b50 sp=0x0000003d1a4fb510
Event: 22.035 Thread 0x0000015694b0a000 DEOPT UNPACKING pc=0x00000156800278af sp=0x0000003d1a4fb408 mode 2
Event: 22.035 Thread 0x0000015694b0a000 Uncommon trap: trap_request=0xffffff4d fr.pc=0x0000015687b17738 relative=0x0000000000000478
Event: 22.035 Thread 0x0000015694b0a000 Uncommon trap: reason=unstable_if action=reinterpret pc=0x0000015687b17738 method=java.lang.StringLatin1.compareToCI([B[B)I @ 68 c2
Event: 22.035 Thread 0x0000015694b0a000 DEOPT PACKING pc=0x0000015687b17738 sp=0x0000003d1a4fb470
Event: 22.035 Thread 0x0000015694b0a000 DEOPT UNPACKING pc=0x00000156800278af sp=0x0000003d1a4fb3f8 mode 2
Event: 22.084 Thread 0x0000015694b0a000 DEOPT PACKING pc=0x00000156813fd444 sp=0x0000003d1a4fd200
Event: 22.084 Thread 0x0000015694b0a000 DEOPT UNPACKING pc=0x00000156800276ce sp=0x0000003d1a4fc7a0 mode 0
Event: 22.085 Thread 0x000001569604e000 DEOPT PACKING pc=0x00000156815d6f31 sp=0x0000003d1adfaeb0
Event: 22.085 Thread 0x000001569604e000 DEOPT UNPACKING pc=0x00000156800276ce sp=0x0000003d1adfa378 mode 0
Event: 22.214 Thread 0x0000015694b06800 Uncommon trap: trap_request=0xffffff4d fr.pc=0x0000015687d1dc58 relative=0x00000000000001f8
Event: 22.214 Thread 0x0000015694b06800 Uncommon trap: reason=unstable_if action=reinterpret pc=0x0000015687d1dc58 method=com.esotericsoftware.kryo.io.Input.readVarInt(Z)I @ 42 c2
Event: 22.214 Thread 0x0000015694b06800 DEOPT PACKING pc=0x0000015687d1dc58 sp=0x0000003d1a5fe470
Event: 22.214 Thread 0x0000015694b06800 DEOPT UNPACKING pc=0x00000156800278af sp=0x0000003d1a5fe360 mode 2
Event: 22.251 Thread 0x000001569604c000 Uncommon trap: trap_request=0xffffff4d fr.pc=0x0000015687d41060 relative=0x00000000000001a0
Event: 22.251 Thread 0x000001569604c000 Uncommon trap: reason=unstable_if action=reinterpret pc=0x0000015687d41060 method=org.gradle.internal.snapshot.PathUtil.equalChars(CCLorg/gradle/internal/snapshot/CaseSensitivity;)Z @ 11 c2
Event: 22.251 Thread 0x000001569604c000 DEOPT PACKING pc=0x0000015687d41060 sp=0x0000003d1aefcca0
Event: 22.251 Thread 0x000001569604c000 DEOPT UNPACKING pc=0x00000156800278af sp=0x0000003d1aefcc38 mode 2

Classes redefined (0 events):
No events

Internal exceptions (20 events):
Event: 19.486 Thread 0x0000015695381000 Exception <a 'java/lang/NoSuchMethodError'{0x0000000085ed5820}: 'int java.lang.invoke.DirectMethodHandle$Holder.invokeStatic(java.lang.Object, java.lang.Object, int, java.lang.Object)'> (0x0000000085ed5820) thrown at [./src/hotspot/share/interpreter/linkResolver.cpp, line 773]
Event: 19.487 Thread 0x0000015695381000 Exception <a 'java/lang/NoSuchMethodError'{0x0000000085edc6c8}: 'java.lang.Object java.lang.invoke.Invokers$Holder.linkToTargetMethod(java.lang.Object, int, java.lang.Object)'> (0x0000000085edc6c8) thrown at [./src/hotspot/share/interpreter/linkResolver.cpp, line 773]
Event: 19.592 Thread 0x0000015695381000 Exception <a 'sun/nio/fs/WindowsException'{0x0000000085c07358}> (0x0000000085c07358) thrown at [./src/hotspot/share/prims/jni.cpp, line 615]
Event: 19.592 Thread 0x0000015695381000 Exception <a 'sun/nio/fs/WindowsException'{0x0000000085c08440}> (0x0000000085c08440) thrown at [./src/hotspot/share/prims/jni.cpp, line 615]
Event: 19.592 Thread 0x0000015695381000 Exception <a 'sun/nio/fs/WindowsException'{0x0000000085c09560}> (0x0000000085c09560) thrown at [./src/hotspot/share/prims/jni.cpp, line 615]
Event: 19.592 Thread 0x0000015695381000 Exception <a 'sun/nio/fs/WindowsException'{0x0000000085c0a680}> (0x0000000085c0a680) thrown at [./src/hotspot/share/prims/jni.cpp, line 615]
Event: 20.385 Thread 0x0000015695381000 Exception <a 'java/lang/NoSuchMethodError'{0x00000000879a87c8}: 'java.lang.Object java.lang.invoke.Invokers$Holder.linkToTargetMethod(java.lang.Object, int, int, java.lang.Object)'> (0x00000000879a87c8) thrown at [./src/hotspot/share/interpreter/linkResolver.cpp, line 773]
Event: 20.851 Thread 0x0000015695b99800 Exception <a 'java/lang/NoSuchMethodError'{0x0000000086808580}: <clinit>> (0x0000000086808580) thrown at [./src/hotspot/share/prims/jni.cpp, line 1362]
Event: 20.852 Thread 0x0000015695b99800 Exception <a 'java/lang/NoSuchMethodError'{0x0000000086813f60}: <clinit>> (0x0000000086813f60) thrown at [./src/hotspot/share/prims/jni.cpp, line 1362]
Event: 20.858 Thread 0x0000015695b99800 Exception <a 'java/lang/NoSuchMethodError'{0x00000000868a0af8}: <clinit>> (0x00000000868a0af8) thrown at [./src/hotspot/share/prims/jni.cpp, line 1362]
Event: 20.870 Thread 0x0000015695b99800 Exception <a 'java/lang/NoSuchMethodError'{0x00000000868b4bf0}: <clinit>> (0x00000000868b4bf0) thrown at [./src/hotspot/share/prims/jni.cpp, line 1362]
Event: 20.870 Thread 0x0000015695b99800 Exception <a 'java/lang/NoSuchMethodError'{0x00000000868b6370}: <clinit>> (0x00000000868b6370) thrown at [./src/hotspot/share/prims/jni.cpp, line 1362]
Event: 20.968 Thread 0x000001569604c800 Exception <a 'java/lang/NoSuchMethodError'{0x00000000866e2dd0}: <clinit>> (0x00000000866e2dd0) thrown at [./src/hotspot/share/prims/jni.cpp, line 1362]
Event: 20.974 Thread 0x000001569604c800 Exception <a 'java/lang/NoSuchMethodError'{0x00000000866f71d0}: <clinit>> (0x00000000866f71d0) thrown at [./src/hotspot/share/prims/jni.cpp, line 1362]
Event: 20.976 Thread 0x000001569604c800 Exception <a 'java/lang/NoSuchMethodError'{0x0000000086510918}: <clinit>> (0x0000000086510918) thrown at [./src/hotspot/share/prims/jni.cpp, line 1362]
Event: 21.087 Thread 0x0000015695b99800 Exception <a 'java/lang/NoSuchMethodError'{0x00000000863afd00}: <clinit>> (0x00000000863afd00) thrown at [./src/hotspot/share/prims/jni.cpp, line 1362]
Event: 21.190 Thread 0x000001569604a000 Exception <a 'java/lang/NoSuchMethodError'{0x000000008629a810}: 'java.lang.Object java.lang.invoke.Invokers$Holder.linkToTargetMethod(java.lang.Object, java.lang.Object, java.lang.Object, int, java.lang.Object, java.lang.Object)'> (0x000000008629a810) thrown at [./src/hotspot/share/interpreter/linkResolver.cpp, line 773]
Event: 21.208 Thread 0x000001569604a000 Exception <a 'java/lang/IncompatibleClassChangeError'{0x00000000862faac0}: Found class java.lang.Object, but interface was expected> (0x00000000862faac0) thrown at [./src/hotspot/share/interpreter/linkResolver.cpp, line 839]
Event: 21.249 Thread 0x000001569604a000 Exception <a 'java/lang/NoSuchMethodError'{0x00000000860c33e0}: 'int java.lang.invoke.DirectMethodHandle$Holder.invokeStaticInit(java.lang.Object, java.lang.Object, java.lang.Object, java.lang.Object, java.lang.Object)'> (0x00000000860c33e0) thrown at [./src/hotspot/share/interpreter/linkResolver.cpp, line 773]
Event: 21.961 Thread 0x000001569604e000 Exception <a 'java/lang/NoSuchMethodError'{0x0000000088709bc0}: 'java.lang.Object java.lang.invoke.DirectMethodHandle$Holder.invokeSpecialIFC(java.lang.Object, java.lang.Object, java.lang.Object)'> (0x0000000088709bc0) thrown at [./src/hotspot/share/interpreter/linkResolver.cpp, line 773]

Events (20 events):
Event: 22.004 loading class org/gradle/internal/snapshot/MetadataSnapshot
Event: 22.004 loading class org/gradle/internal/snapshot/MetadataSnapshot done
Event: 22.004 loading class org/gradle/internal/snapshot/VfsRelativePath
Event: 22.004 loading class org/gradle/internal/snapshot/VfsRelativePath done
Event: 22.042 loading class org/gradle/internal/snapshot/RelativePathTracker
Event: 22.042 loading class org/gradle/internal/snapshot/RelativePathTracker done
Event: 22.042 loading class org/gradle/internal/snapshot/FileSystemLocationSnapshot
Event: 22.042 loading class org/gradle/internal/snapshot/FileSystemLocationSnapshot done
Event: 22.042 loading class org/gradle/internal/snapshot/RelativePathTracker
Event: 22.042 loading class org/gradle/internal/snapshot/RelativePathTracker done
Event: 22.045 Executing VM operation: RevokeBias
Event: 22.045 Executing VM operation: RevokeBias done
Event: 22.081 Executing VM operation: RevokeBias
Event: 22.082 Executing VM operation: RevokeBias done
Event: 22.185 Loaded shared library C:\Program Files\Android\Android Studio\jre\bin\nio.dll
Event: 22.190 Loaded shared library C:\Program Files\Android\Android Studio\jre\bin\nio.dll
Event: 22.247 Executing VM operation: RevokeBias
Event: 22.247 Executing VM operation: RevokeBias done
Event: 22.270 Executing VM operation: RevokeBias
Event: 22.270 Executing VM operation: RevokeBias done


Dynamic libraries:
0x00007ff654230000 - 0x00007ff65423a000 	C:\Program Files\Android\Android Studio\jre\bin\java.exe
0x00007ff840060000 - 0x00007ff840267000 	C:\WINDOWS\SYSTEM32\ntdll.dll
0x00007ff83e9a0000 - 0x00007ff83ea5d000 	C:\WINDOWS\System32\KERNEL32.DLL
0x00007ff83db80000 - 0x00007ff83def4000 	C:\WINDOWS\System32\KERNELBASE.dll
0x00007ff83da60000 - 0x00007ff83db71000 	C:\WINDOWS\System32\ucrtbase.dll
0x00007ff830bc0000 - 0x00007ff830bd7000 	C:\Program Files\Android\Android Studio\jre\bin\VCRUNTIME140.dll
0x00007ff830c20000 - 0x00007ff830c39000 	C:\Program Files\Android\Android Studio\jre\bin\jli.dll
0x00007ff83f570000 - 0x00007ff83f71c000 	C:\WINDOWS\System32\USER32.dll
0x00007ff83d970000 - 0x00007ff83d996000 	C:\WINDOWS\System32\win32u.dll
0x00007ff828a00000 - 0x00007ff828ca5000 	C:\WINDOWS\WinSxS\amd64_microsoft.windows.common-controls_6595b64144ccf1df_6.0.22000.120_none_9d947278b86cc467\COMCTL32.dll
0x00007ff83fe10000 - 0x00007ff83fe39000 	C:\WINDOWS\System32\GDI32.dll
0x00007ff83e0a0000 - 0x00007ff83e143000 	C:\WINDOWS\System32\msvcrt.dll
0x00007ff83d850000 - 0x00007ff83d962000 	C:\WINDOWS\System32\gdi32full.dll
0x00007ff83d730000 - 0x00007ff83d7cd000 	C:\WINDOWS\System32\msvcp_win.dll
0x00007ff83e840000 - 0x00007ff83e871000 	C:\WINDOWS\System32\IMM32.DLL
0x00007ff82b100000 - 0x00007ff82b19d000 	C:\Program Files\Android\Android Studio\jre\bin\msvcp140.dll
0x00007ffff18e0000 - 0x00007ffff23af000 	C:\Program Files\Android\Android Studio\jre\bin\server\jvm.dll
0x00007ff83e8f0000 - 0x00007ff83e99e000 	C:\WINDOWS\System32\ADVAPI32.dll
0x00007ff83fc80000 - 0x00007ff83fd1e000 	C:\WINDOWS\System32\sechost.dll
0x00007ff83eca0000 - 0x00007ff83edc0000 	C:\WINDOWS\System32\RPCRT4.dll
0x00007ff83fd20000 - 0x00007ff83fd28000 	C:\WINDOWS\System32\PSAPI.DLL
0x00007ff8383f0000 - 0x00007ff838423000 	C:\WINDOWS\SYSTEM32\WINMM.dll
0x00007ff82c130000 - 0x00007ff82c139000 	C:\WINDOWS\SYSTEM32\WSOCK32.dll
0x00007ff836510000 - 0x00007ff83651a000 	C:\WINDOWS\SYSTEM32\VERSION.dll
0x00007ff83f720000 - 0x00007ff83f78f000 	C:\WINDOWS\System32\WS2_32.dll
0x00007ff83c650000 - 0x00007ff83c668000 	C:\WINDOWS\SYSTEM32\kernel.appcore.dll
0x00007ff82ab90000 - 0x00007ff82aba1000 	C:\Program Files\Android\Android Studio\jre\bin\verify.dll
0x00007ff83b1a0000 - 0x00007ff83b3c1000 	C:\WINDOWS\SYSTEM32\DBGHELP.DLL
0x00007ff8256d0000 - 0x00007ff825701000 	C:\WINDOWS\SYSTEM32\dbgcore.DLL
0x00007ff83d7d0000 - 0x00007ff83d84f000 	C:\WINDOWS\System32\bcryptPrimitives.dll
0x00007ff821bd0000 - 0x00007ff821bf9000 	C:\Program Files\Android\Android Studio\jre\bin\java.dll
0x00007ff83a780000 - 0x00007ff83a78b000 	C:\Program Files\Android\Android Studio\jre\bin\jimage.dll
0x00007ff82a6e0000 - 0x00007ff82a6f8000 	C:\Program Files\Android\Android Studio\jre\bin\zip.dll
0x00007ff83edc0000 - 0x00007ff83f56e000 	C:\WINDOWS\System32\SHELL32.dll
0x00007ff83b6c0000 - 0x00007ff83bf27000 	C:\WINDOWS\SYSTEM32\windows.storage.dll
0x00007ff83f7b0000 - 0x00007ff83fb28000 	C:\WINDOWS\System32\combase.dll
0x00007ff83b550000 - 0x00007ff83b6b6000 	C:\WINDOWS\SYSTEM32\wintypes.dll
0x00007ff83ea60000 - 0x00007ff83eb4a000 	C:\WINDOWS\System32\SHCORE.dll
0x00007ff83fc20000 - 0x00007ff83fc7d000 	C:\WINDOWS\System32\shlwapi.dll
0x00007ff83d480000 - 0x00007ff83d4a1000 	C:\WINDOWS\SYSTEM32\profapi.dll
0x00007ff827910000 - 0x00007ff82792a000 	C:\Program Files\Android\Android Studio\jre\bin\net.dll
0x00007ff836210000 - 0x00007ff83631c000 	C:\WINDOWS\SYSTEM32\WINHTTP.dll
0x00007ff83ca80000 - 0x00007ff83cae7000 	C:\WINDOWS\system32\mswsock.dll
0x00007ff818260000 - 0x00007ff818274000 	C:\Program Files\Android\Android Studio\jre\bin\nio.dll
0x00007ff82cbe0000 - 0x00007ff82cc07000 	C:\Users\daffa\.gradle\native\8bec1ad78214c89d9ad589b4d07fe93259594b29d510b10fafb7a158f7737e5d\windows-amd64\native-platform.dll
0x00007ffffc940000 - 0x00007ffffca7d000 	C:\Users\daffa\.gradle\native\53dbd7edfb1c66fb8903c78663c9afc45aea4f116125fa6feffd364cf09443e8\windows-amd64\native-platform-file-events.dll
0x00007ff82eb40000 - 0x00007ff82eb4a000 	C:\Program Files\Android\Android Studio\jre\bin\management.dll
0x00007ff82e430000 - 0x00007ff82e43c000 	C:\Program Files\Android\Android Studio\jre\bin\management_ext.dll
0x00007ff83ccd0000 - 0x00007ff83cce8000 	C:\WINDOWS\SYSTEM32\CRYPTSP.dll
0x00007ff83c5b0000 - 0x00007ff83c5e5000 	C:\WINDOWS\system32\rsaenh.dll
0x00007ff83cb70000 - 0x00007ff83cb99000 	C:\WINDOWS\SYSTEM32\USERENV.dll
0x00007ff83ceb0000 - 0x00007ff83ced7000 	C:\WINDOWS\SYSTEM32\bcrypt.dll
0x00007ff83ccc0000 - 0x00007ff83cccc000 	C:\WINDOWS\SYSTEM32\CRYPTBASE.dll
0x00007ff83c1c0000 - 0x00007ff83c1ed000 	C:\WINDOWS\SYSTEM32\IPHLPAPI.DLL
0x00007ff83ebe0000 - 0x00007ff83ebe9000 	C:\WINDOWS\System32\NSI.dll
0x00007ff836540000 - 0x00007ff836559000 	C:\WINDOWS\SYSTEM32\dhcpcsvc6.DLL
0x00007ff836a20000 - 0x00007ff836a3e000 	C:\WINDOWS\SYSTEM32\dhcpcsvc.DLL
0x00007ff83c1f0000 - 0x00007ff83c2d7000 	C:\WINDOWS\SYSTEM32\DNSAPI.dll

dbghelp: loaded successfully - version: 4.0.5 - missing functions: none
symbol engine: initialized successfully - sym options: 0x614 - pdb path: .;C:\Program Files\Android\Android Studio\jre\bin;C:\WINDOWS\SYSTEM32;C:\WINDOWS\WinSxS\amd64_microsoft.windows.common-controls_6595b64144ccf1df_6.0.22000.120_none_9d947278b86cc467;C:\Program Files\Android\Android Studio\jre\bin\server;C:\Users\daffa\.gradle\native\8bec1ad78214c89d9ad589b4d07fe93259594b29d510b10fafb7a158f7737e5d\windows-amd64;C:\Users\daffa\.gradle\native\53dbd7edfb1c66fb8903c78663c9afc45aea4f116125fa6feffd364cf09443e8\windows-amd64

VM Arguments:
jvm_args: --add-opens=java.base/java.util=ALL-UNNAMED --add-opens=java.base/java.lang=ALL-UNNAMED --add-opens=java.base/java.lang.invoke=ALL-UNNAMED --add-opens=java.base/java.util=ALL-UNNAMED --add-opens=java.prefs/java.util.prefs=ALL-UNNAMED --add-opens=java.prefs/java.util.prefs=ALL-UNNAMED --add-opens=java.base/java.nio.charset=ALL-UNNAMED --add-opens=java.base/java.net=ALL-UNNAMED --add-opens=java.base/java.util.concurrent.atomic=ALL-UNNAMED -Xmx2048m -Dfile.encoding=UTF-8 -Duser.country=ID -Duser.language=en -Duser.variant 
java_command: org.gradle.launcher.daemon.bootstrap.GradleDaemon 7.0.2
java_class_path (initial): C:\Users\daffa\.gradle\wrapper\dists\gradle-7.0.2-bin\857tjihv64xamwrf0h14cai3r\gradle-7.0.2\lib\gradle-launcher-7.0.2.jar
Launcher Type: SUN_STANDARD

[Global flags]
     intx CICompilerCount                          = 3                                         {product} {ergonomic}
     uint ConcGCThreads                            = 1                                         {product} {ergonomic}
     uint G1ConcRefinementThreads                  = 4                                         {product} {ergonomic}
   size_t G1HeapRegionSize                         = 1048576                                   {product} {ergonomic}
    uintx GCDrainStackTargetSize                   = 64                                        {product} {ergonomic}
   size_t InitialHeapSize                          = 100663296                                 {product} {ergonomic}
   size_t MarkStackSize                            = 4194304                                   {product} {ergonomic}
   size_t MaxHeapSize                              = 2147483648                                {product} {command line}
   size_t MaxNewSize                               = 1287651328                                {product} {ergonomic}
   size_t MinHeapDeltaBytes                        = 1048576                                   {product} {ergonomic}
    uintx NonNMethodCodeHeapSize                   = 5830732                                {pd product} {ergonomic}
    uintx NonProfiledCodeHeapSize                  = 122913754                              {pd product} {ergonomic}
    uintx ProfiledCodeHeapSize                     = 122913754                              {pd product} {ergonomic}
    uintx ReservedCodeCacheSize                    = 251658240                              {pd product} {ergonomic}
     bool SegmentedCodeCache                       = true                                      {product} {ergonomic}
     bool UseCompressedClassPointers               = true                                 {lp64_product} {ergonomic}
     bool UseCompressedOops                        = true                                 {lp64_product} {ergonomic}
     bool UseG1GC                                  = true                                      {product} {ergonomic}
     bool UseLargePagesIndividualAllocation        = false                                  {pd product} {ergonomic}

Logging:
Log output configuration:
 #0: stdout all=warning uptime,level,tags
 #1: stderr all=off uptime,level,tags

Environment Variables:
PATH=C:\ProgramData\Oracle\Java\javapath;C:\Program Files\Common Files\Oracle\Java\javapath;C:\WINDOWS\system32;C:\WINDOWS;C:\WINDOWS\System32\Wbem;C:\WINDOWS\System32\WindowsPowerShell\v1.0\;C:\WINDOWS\System32\OpenSSH\;C:\Program Files\Java\jdk-17;C:\Program Files\MySQL\MySQL Server 8.0\bin;C:\Program Files\Git\cmd;C:\Program Files\Apache-maven-3.8.3\bin;C:\Program Files\SQLite;C:\Users\daffa\AppData\Local\Microsoft\WindowsApps;;C:\Users\daffa\AppData\Local\Programs\Microsoft VS Code\bin
USERNAME=daffa
OS=Windows_NT
PROCESSOR_IDENTIFIER=AMD64 Family 23 Model 24 Stepping 1, AuthenticAMD



---------------  S Y S T E M  ---------------

OS: Windows 10 , 64 bit Build 22000 (10.0.22000.434)
OS uptime: 4 days 10:48 hours

CPU:total 4 (initial active 4) (4 cores per cpu, 2 threads per core) family 23 model 24 stepping 1 microcode 0x0, cmov, cx8, fxsr, mmx, sse, sse2, sse3, ssse3, sse4.1, sse4.2, popcnt, avx, avx2, aes, clmul, mmxext, 3dnowpref, lzcnt, sse4a, ht, tsc, tscinvbit, tscinv, bmi1, bmi2, adx, s

Memory: 4k page, system-wide physical 6020M (258M free)
TotalPageFile size 14212M (AvailPageFile size 0M)
current process WorkingSet (physical memory assigned to process): 349M, peak: 356M
current process commit charge ("private bytes"): 376M, peak: 384M

vm_info: OpenJDK 64-Bit Server VM (11.0.10+0-b96-7249189) for windows-amd64 JRE (11.0.10+0-b96-7249189), built on Mar 31 2021 21:44:00 by "builder" with MS VC++ 14.0 (VS2015)

END.
