#
# There is insufficient memory for the Java Runtime Environment to continue.
# Native memory allocation (malloc) failed to allocate 1800976 bytes for Chunk::new
# Possible reasons:
#   The system is out of physical RAM or swap space
#   The process is running with CompressedOops enabled, and the Java Heap may be blocking the growth of the native heap
# Possible solutions:
#   Reduce memory load on the system
#   Increase physical memory or swap space
#   Check if swap backing store is full
#   Decrease Java heap size (-Xmx/-Xms)
#   Decrease number of Java threads
#   Decrease Java thread stack sizes (-Xss)
#   Set larger code cache with -XX:ReservedCodeCacheSize=
#   JVM is running with Unscaled Compressed Oops mode in which the Java heap is
#     placed in the first 4GB address space. The Java Heap base address is the
#     maximum limit for the native heap growth. Please use -XX:HeapBaseMinAddress
#     to set the Java Heap base and to place the Java Heap above 4GB virtual address.
# This output file may be truncated or incomplete.
#
#  Out of Memory Error (./src/hotspot/share/memory/arena.cpp:197), pid=50864, tid=71348
#
# JRE version: OpenJDK Runtime Environment (11.0.10) (build 11.0.10+0-b96-7249189)
# Java VM: OpenJDK 64-Bit Server VM (11.0.10+0-b96-7249189, mixed mode, tiered, compressed oops, g1 gc, windows-amd64)
# No core dump will be written. Minidumps are not enabled by default on client versions of Windows
#

---------------  S U M M A R Y ------------

Command Line: --add-opens=java.base/java.util=ALL-UNNAMED --add-opens=java.base/java.lang=ALL-UNNAMED --add-opens=java.base/java.lang.invoke=ALL-UNNAMED --add-opens=java.base/java.util=ALL-UNNAMED --add-opens=java.prefs/java.util.prefs=ALL-UNNAMED --add-opens=java.prefs/java.util.prefs=ALL-UNNAMED --add-opens=java.base/java.nio.charset=ALL-UNNAMED --add-opens=java.base/java.net=ALL-UNNAMED --add-opens=java.base/java.util.concurrent.atomic=ALL-UNNAMED -Xmx2048m -Dfile.encoding=UTF-8 -Duser.country=ID -Duser.language=en -Duser.variant org.gradle.launcher.daemon.bootstrap.GradleDaemon 7.0.2

Host: AMD Ryzen 3 3250U with Radeon Graphics         , 4 cores, 5G,  Windows 10 , 64 bit Build 22000 (10.0.22000.434)
Time: Tue Jan 25 16:52:46 2022 SE Asia Standard Time elapsed time: 521.953240 seconds (0d 0h 8m 41s)

---------------  T H R E A D  ---------------

Current thread (0x0000021a7f2fb000):  JavaThread "C2 CompilerThread0" daemon [_thread_in_native, id=71348, stack(0x0000002ac6f00000,0x0000002ac7000000)]


Current CompileTask:
C2: 521953 14940 %     4       com.android.tools.r8.internal.U6::a @ 66 (6044 bytes)

Stack: [0x0000002ac6f00000,0x0000002ac7000000]
Native frames: (J=compiled Java code, j=interpreted, Vv=VM code, C=native code)
V  [jvm.dll+0x5ecfaa]
V  [jvm.dll+0x722bd5]
V  [jvm.dll+0x72412d]
V  [jvm.dll+0x7247e3]
V  [jvm.dll+0x242928]
V  [jvm.dll+0xbc4fc]
V  [jvm.dll+0xbca0c]
V  [jvm.dll+0x352d3b]
V  [jvm.dll+0x197e0c]
V  [jvm.dll+0x1fb70e]
V  [jvm.dll+0x1fa7f4]
V  [jvm.dll+0x18354c]
V  [jvm.dll+0x208ee7]
V  [jvm.dll+0x207731]
V  [jvm.dll+0x6eb1cf]
V  [jvm.dll+0x6e3d45]
V  [jvm.dll+0x5ebe96]
C  [ucrtbase.dll+0x26c0c]
C  [KERNEL32.DLL+0x154e0]
C  [ntdll.dll+0x485b]


---------------  P R O C E S S  ---------------

Threads class SMR info:
_java_thread_list=0x0000021a05ec2210, length=50, elements={
0x0000021a6570c800, 0x0000021a7f2d4000, 0x0000021a7f2d7800, 0x0000021a00042800,
0x0000021a7f2f4000, 0x0000021a7f2f5800, 0x0000021a7f2fb000, 0x0000021a7f2fe800,
0x0000021a7f30e000, 0x0000021a00163800, 0x0000021a00d80800, 0x0000021a00d46800,
0x0000021a016dd800, 0x0000021a0192b800, 0x0000021a0192e000, 0x0000021a0192a800,
0x0000021a0192d000, 0x0000021a0192f800, 0x0000021a01930800, 0x0000021a01931000,
0x0000021a010ae000, 0x0000021a010ac000, 0x0000021a010b1000, 0x0000021a010b2800,
0x0000021a010b7000, 0x0000021a010ad000, 0x0000021a010ae800, 0x0000021a010b2000,
0x0000021a010af800, 0x0000021a010b5000, 0x0000021a010b0800, 0x0000021a010b6000,
0x0000021a010bb000, 0x0000021a010b8800, 0x0000021a010b9800, 0x0000021a010ba000,
0x0000021a0192c000, 0x0000021a0192e800, 0x0000021a04bdd000, 0x0000021a04bdf800,
0x0000021a04bde800, 0x0000021a04be0800, 0x0000021a04be1000, 0x0000021a04bdc800,
0x0000021a04bde000, 0x0000021a04bdb800, 0x0000021a04be5800, 0x0000021a04be7800,
0x0000021a04be4800, 0x0000021a04be2000
}

Java Threads: ( => current thread )
  0x0000021a6570c800 JavaThread "main" [_thread_blocked, id=72980, stack(0x0000002ac6300000,0x0000002ac6400000)]
  0x0000021a7f2d4000 JavaThread "Reference Handler" daemon [_thread_blocked, id=72716, stack(0x0000002ac6a00000,0x0000002ac6b00000)]
  0x0000021a7f2d7800 JavaThread "Finalizer" daemon [_thread_blocked, id=72584, stack(0x0000002ac6b00000,0x0000002ac6c00000)]
  0x0000021a00042800 JavaThread "Signal Dispatcher" daemon [_thread_blocked, id=71212, stack(0x0000002ac6c00000,0x0000002ac6d00000)]
  0x0000021a7f2f4000 JavaThread "Attach Listener" daemon [_thread_blocked, id=73664, stack(0x0000002ac6d00000,0x0000002ac6e00000)]
  0x0000021a7f2f5800 JavaThread "Service Thread" daemon [_thread_blocked, id=72916, stack(0x0000002ac6e00000,0x0000002ac6f00000)]
=>0x0000021a7f2fb000 JavaThread "C2 CompilerThread0" daemon [_thread_in_native, id=71348, stack(0x0000002ac6f00000,0x0000002ac7000000)]
  0x0000021a7f2fe800 JavaThread "C1 CompilerThread0" daemon [_thread_blocked, id=62564, stack(0x0000002ac7000000,0x0000002ac7100000)]
  0x0000021a7f30e000 JavaThread "Sweeper thread" daemon [_thread_blocked, id=72464, stack(0x0000002ac7100000,0x0000002ac7200000)]
  0x0000021a00163800 JavaThread "Common-Cleaner" daemon [_thread_blocked, id=73620, stack(0x0000002ac7200000,0x0000002ac7300000)]
  0x0000021a00d80800 JavaThread "Daemon health stats" [_thread_blocked, id=68800, stack(0x0000002ac7500000,0x0000002ac7600000)]
  0x0000021a00d46800 JavaThread "Incoming local TCP Connector on port 50309" [_thread_in_native, id=72720, stack(0x0000002ac7600000,0x0000002ac7700000)]
  0x0000021a016dd800 JavaThread "Daemon periodic checks" [_thread_blocked, id=67564, stack(0x0000002ac7700000,0x0000002ac7800000)]
  0x0000021a0192b800 JavaThread "Cache worker for file hash cache (C:\Users\daffa\.gradle\caches\7.0.2\fileHashes)" [_thread_blocked, id=66388, stack(0x0000002ac8100000,0x0000002ac8200000)]
  0x0000021a0192e000 JavaThread "File lock request listener" [_thread_in_native, id=69276, stack(0x0000002ac8200000,0x0000002ac8300000)]
  0x0000021a0192a800 JavaThread "Cache worker for journal cache (C:\Users\daffa\.gradle\caches\journal-1)" [_thread_blocked, id=73188, stack(0x0000002ac8300000,0x0000002ac8400000)]
  0x0000021a0192d000 JavaThread "File watcher server" daemon [_thread_in_native, id=71072, stack(0x0000002ac8500000,0x0000002ac8600000)]
  0x0000021a0192f800 JavaThread "File watcher consumer" daemon [_thread_blocked, id=64600, stack(0x0000002ac8600000,0x0000002ac8700000)]
  0x0000021a01930800 JavaThread "jar transforms" [_thread_blocked, id=68540, stack(0x0000002ac8700000,0x0000002ac8800000)]
  0x0000021a01931000 JavaThread "jar transforms Thread 2" [_thread_blocked, id=71780, stack(0x0000002ac8800000,0x0000002ac8900000)]
  0x0000021a010ae000 JavaThread "jar transforms Thread 3" [_thread_blocked, id=71600, stack(0x0000002ac8900000,0x0000002ac8a00000)]
  0x0000021a010ac000 JavaThread "jar transforms Thread 4" [_thread_blocked, id=70076, stack(0x0000002ac8a00000,0x0000002ac8b00000)]
  0x0000021a010b1000 JavaThread "Cache worker for execution history cache (C:\Users\daffa\.gradle\caches\7.0.2\executionHistory)" [_thread_blocked, id=62988, stack(0x0000002ac8e00000,0x0000002ac8f00000)]
  0x0000021a010b2800 JavaThread "Cache worker for file content cache (C:\Users\daffa\.gradle\caches\7.0.2\fileContent)" [_thread_blocked, id=72652, stack(0x0000002ac8f00000,0x0000002ac9000000)]
  0x0000021a010b7000 JavaThread "Memory manager" [_thread_blocked, id=72812, stack(0x0000002ac9600000,0x0000002ac9700000)]
  0x0000021a010ad000 JavaThread "Daemon Thread 2" [_thread_blocked, id=69068, stack(0x0000002ac6000000,0x0000002ac6100000)]
  0x0000021a010ae800 JavaThread "Handler for socket connection from /127.0.0.1:50309 to /127.0.0.1:59880" [_thread_in_native, id=69024, stack(0x0000002ac6100000,0x0000002ac6200000)]
  0x0000021a010b2000 JavaThread "Cancel handler" [_thread_blocked, id=69040, stack(0x0000002ac6200000,0x0000002ac6300000)]
  0x0000021a010af800 JavaThread "Daemon worker Thread 2" [_thread_in_native, id=67596, stack(0x0000002ac7800000,0x0000002ac7900000)]
  0x0000021a010b5000 JavaThread "Asynchronous log dispatcher for DefaultDaemonConnection: socket connection from /127.0.0.1:50309 to /127.0.0.1:59880" [_thread_blocked, id=70560, stack(0x0000002ac7900000,0x0000002ac7a00000)]
  0x0000021a010b0800 JavaThread "Stdin handler" [_thread_blocked, id=64372, stack(0x0000002ac7a00000,0x0000002ac7b00000)]
  0x0000021a010b6000 JavaThread "Daemon client event forwarder" [_thread_blocked, id=71744, stack(0x0000002ac7b00000,0x0000002ac7c00000)]
  0x0000021a010bb000 JavaThread "Cache worker for file hash cache (D:\Programming\2022\Android\Project\TapMe\.gradle\7.0.2\fileHashes)" [_thread_blocked, id=69804, stack(0x0000002ac7c00000,0x0000002ac7d00000)]
  0x0000021a010b8800 JavaThread "Cache worker for checksums cache (D:\Programming\2022\Android\Project\TapMe\.gradle\checksums)" [_thread_blocked, id=60680, stack(0x0000002ac7d00000,0x0000002ac7e00000)]
  0x0000021a010b9800 JavaThread "Cache worker for cache directory md-supplier (C:\Users\daffa\.gradle\caches\7.0.2\md-supplier)" [_thread_blocked, id=73228, stack(0x0000002ac7e00000,0x0000002ac7f00000)]
  0x0000021a010ba000 JavaThread "Cache worker for cache directory md-rule (C:\Users\daffa\.gradle\caches\7.0.2\md-rule)" [_thread_blocked, id=73680, stack(0x0000002ac8400000,0x0000002ac8500000)]
  0x0000021a0192c000 JavaThread "Cache worker for dependencies-accessors (D:\Programming\2022\Android\Project\TapMe\.gradle\7.0.2\dependencies-accessors)" [_thread_blocked, id=4028, stack(0x0000002ac8b00000,0x0000002ac8c00000)]
  0x0000021a0192e800 JavaThread "Cache worker for Build Output Cleanup Cache (D:\Programming\2022\Android\Project\TapMe\.gradle\buildOutputCleanup)" [_thread_blocked, id=3700, stack(0x0000002ac8c00000,0x0000002ac8d00000)]
  0x0000021a04bdd000 JavaThread "Build operations" [_thread_blocked, id=13360, stack(0x0000002ac8d00000,0x0000002ac8e00000)]
  0x0000021a04bdf800 JavaThread "Build operations Thread 2" [_thread_in_vm, id=69424, stack(0x0000002ac9000000,0x0000002ac9100000)]
  0x0000021a04bde800 JavaThread "Build operations Thread 3" [_thread_blocked, id=60784, stack(0x0000002ac9100000,0x0000002ac9200000)]
  0x0000021a04be0800 JavaThread "Build operations Thread 4" [_thread_in_Java, id=57084, stack(0x0000002ac9200000,0x0000002ac9300000)]
  0x0000021a04be1000 JavaThread "build event listener" [_thread_blocked, id=71380, stack(0x0000002ac9300000,0x0000002ac9400000)]
  0x0000021a04bdc800 JavaThread "Execution worker for ':'" [_thread_blocked, id=62688, stack(0x0000002ac9400000,0x0000002ac9500000)]
  0x0000021a04bde000 JavaThread "Execution worker for ':' Thread 2" [_thread_blocked, id=73276, stack(0x0000002ac9500000,0x0000002ac9600000)]
  0x0000021a04bdb800 JavaThread "Execution worker for ':' Thread 3" [_thread_blocked, id=68784, stack(0x0000002ac9700000,0x0000002ac9800000)]
  0x0000021a04be5800 JavaThread "Cache worker for execution history cache (D:\Programming\2022\Android\Project\TapMe\.gradle\7.0.2\executionHistory)" [_thread_blocked, id=72188, stack(0x0000002ac9800000,0x0000002ac9900000)]
  0x0000021a04be7800 JavaThread "pool-3-thread-1" [_thread_blocked, id=67672, stack(0x0000002ac9900000,0x0000002ac9a00000)]
  0x0000021a04be4800 JavaThread "stderr" [_thread_in_native, id=66224, stack(0x0000002ac9a00000,0x0000002ac9b00000)]
  0x0000021a04be2000 JavaThread "stdout" [_thread_in_native, id=65112, stack(0x0000002ac9b00000,0x0000002ac9c00000)]

Other Threads:
  0x0000021a7f2ce800 VMThread "VM Thread" [stack: 0x0000002ac6900000,0x0000002ac6a00000] [id=65708]
  0x0000021a00182000 WatcherThread [stack: 0x0000002ac7300000,0x0000002ac7400000] [id=72908]
  0x0000021a65725800 GCTaskThread "GC Thread#0" [stack: 0x0000002ac6400000,0x0000002ac6500000] [id=64576]
  0x0000021a00a3f000 GCTaskThread "GC Thread#1" [stack: 0x0000002ac7400000,0x0000002ac7500000] [id=73640]
  0x0000021a00e3e800 GCTaskThread "GC Thread#2" [stack: 0x0000002ac7f00000,0x0000002ac8000000] [id=73192]
  0x0000021a00688800 GCTaskThread "GC Thread#3" [stack: 0x0000002ac8000000,0x0000002ac8100000] [id=72076]
  0x0000021a65757000 ConcurrentGCThread "G1 Main Marker" [stack: 0x0000002ac6500000,0x0000002ac6600000] [id=65668]
  0x0000021a65758000 ConcurrentGCThread "G1 Conc#0" [stack: 0x0000002ac6600000,0x0000002ac6700000] [id=71448]
  0x0000021a657cd800 ConcurrentGCThread "G1 Refine#0" [stack: 0x0000002ac6700000,0x0000002ac6800000] [id=72604]
  0x0000021a657cf000 ConcurrentGCThread "G1 Young RemSet Sampling" [stack: 0x0000002ac6800000,0x0000002ac6900000] [id=71696]

Threads with active compile tasks:
C2 CompilerThread0 521994 14940 %     4       com.android.tools.r8.internal.U6::a @ 66 (6044 bytes)

VM state:not at safepoint (normal execution)

VM Mutex/Monitor currently owned by a thread: None

Heap address: 0x0000000080000000, size: 2048 MB, Compressed Oops mode: 32-bit
Narrow klass base: 0x0000000000000000, Narrow klass shift: 3
Compressed class space size: 1073741824 Address: 0x0000000100000000

Heap:
 garbage-first heap   total 172032K, used 143335K [0x0000000080000000, 0x0000000100000000)
  region size 1024K, 11 young (11264K), 2 survivors (2048K)
 Metaspace       used 104775K, capacity 107803K, committed 108104K, reserved 1142784K
  class space    used 13211K, capacity 14302K, committed 14336K, reserved 1048576K
Heap Regions: E=young(eden), S=young(survivor), O=old, HS=humongous(starts), HC=humongous(continues), CS=collection set, F=free, A=archive, TAMS=top-at-mark-start (previous, next)
|   0|0x0000000080000000, 0x0000000080100000, 0x0000000080100000|100%| O|  |TAMS 0x0000000080100000, 0x0000000080000000| Updating 
|   1|0x0000000080100000, 0x0000000080200000, 0x0000000080200000|100%| O|  |TAMS 0x0000000080200000, 0x0000000080100000| Updating 
|   2|0x0000000080200000, 0x0000000080300000, 0x0000000080300000|100%| O|  |TAMS 0x0000000080300000, 0x0000000080200000| Updating 
|   3|0x0000000080300000, 0x0000000080400000, 0x0000000080400000|100%|HS|  |TAMS 0x0000000080400000, 0x0000000080300000| Complete 
|   4|0x0000000080400000, 0x0000000080500000, 0x0000000080500000|100%|HC|  |TAMS 0x0000000080500000, 0x0000000080400000| Complete 
|   5|0x0000000080500000, 0x0000000080600000, 0x0000000080600000|100%|HC|  |TAMS 0x0000000080600000, 0x0000000080500000| Complete 
|   6|0x0000000080600000, 0x0000000080700000, 0x0000000080700000|100%| O|  |TAMS 0x0000000080700000, 0x0000000080600000| Updating 
|   7|0x0000000080700000, 0x0000000080800000, 0x0000000080800000|100%| O|  |TAMS 0x0000000080800000, 0x0000000080700000| Updating 
|   8|0x0000000080800000, 0x0000000080900000, 0x0000000080900000|100%| O|  |TAMS 0x0000000080900000, 0x0000000080800000| Updating 
|   9|0x0000000080900000, 0x0000000080a00000, 0x0000000080a00000|100%| O|  |TAMS 0x0000000080a00000, 0x0000000080900000| Updating 
|  10|0x0000000080a00000, 0x0000000080b00000, 0x0000000080b00000|100%| O|  |TAMS 0x0000000080b00000, 0x0000000080a00000| Updating 
|  11|0x0000000080b00000, 0x0000000080c00000, 0x0000000080c00000|100%| O|  |TAMS 0x0000000080c00000, 0x0000000080b00000| Updating 
|  12|0x0000000080c00000, 0x0000000080d00000, 0x0000000080d00000|100%| O|  |TAMS 0x0000000080d00000, 0x0000000080c00000| Updating 
|  13|0x0000000080d00000, 0x0000000080e00000, 0x0000000080e00000|100%| O|  |TAMS 0x0000000080e00000, 0x0000000080d00000| Updating 
|  14|0x0000000080e00000, 0x0000000080f00000, 0x0000000080f00000|100%|HS|  |TAMS 0x0000000080f00000, 0x0000000080e00000| Complete 
|  15|0x0000000080f00000, 0x0000000081000000, 0x0000000081000000|100%|HC|  |TAMS 0x0000000081000000, 0x0000000080f00000| Complete 
|  16|0x0000000081000000, 0x0000000081100000, 0x0000000081100000|100%|HS|  |TAMS 0x0000000081100000, 0x0000000081000000| Complete 
|  17|0x0000000081100000, 0x0000000081200000, 0x0000000081200000|100%|HC|  |TAMS 0x0000000081200000, 0x0000000081100000| Complete 
|  18|0x0000000081200000, 0x0000000081300000, 0x0000000081300000|100%|HC|  |TAMS 0x0000000081300000, 0x0000000081200000| Complete 
|  19|0x0000000081300000, 0x0000000081400000, 0x0000000081400000|100%|HS|  |TAMS 0x0000000081400000, 0x0000000081300000| Complete 
|  20|0x0000000081400000, 0x0000000081500000, 0x0000000081500000|100%|HC|  |TAMS 0x0000000081500000, 0x0000000081400000| Complete 
|  21|0x0000000081500000, 0x0000000081600000, 0x0000000081600000|100%|HC|  |TAMS 0x0000000081600000, 0x0000000081500000| Complete 
|  22|0x0000000081600000, 0x0000000081700000, 0x0000000081700000|100%|HC|  |TAMS 0x0000000081700000, 0x0000000081600000| Complete 
|  23|0x0000000081700000, 0x0000000081800000, 0x0000000081800000|100%|HC|  |TAMS 0x0000000081800000, 0x0000000081700000| Complete 
|  24|0x0000000081800000, 0x0000000081900000, 0x0000000081900000|100%| O|  |TAMS 0x0000000081900000, 0x0000000081800000| Updating 
|  25|0x0000000081900000, 0x0000000081a00000, 0x0000000081a00000|100%| O|  |TAMS 0x0000000081a00000, 0x0000000081900000| Updating 
|  26|0x0000000081a00000, 0x0000000081b00000, 0x0000000081b00000|100%| O|  |TAMS 0x0000000081b00000, 0x0000000081a00000| Updating 
|  27|0x0000000081b00000, 0x0000000081c00000, 0x0000000081c00000|100%| O|  |TAMS 0x0000000081c00000, 0x0000000081b00000| Updating 
|  28|0x0000000081c00000, 0x0000000081d00000, 0x0000000081d00000|100%| O|  |TAMS 0x0000000081d00000, 0x0000000081c00000| Updating 
|  29|0x0000000081d00000, 0x0000000081e00000, 0x0000000081e00000|100%| O|  |TAMS 0x0000000081e00000, 0x0000000081d00000| Updating 
|  30|0x0000000081e00000, 0x0000000081f00000, 0x0000000081f00000|100%| O|  |TAMS 0x0000000081f00000, 0x0000000081e00000| Updating 
|  31|0x0000000081f00000, 0x0000000082000000, 0x0000000082000000|100%| O|  |TAMS 0x0000000082000000, 0x0000000081f00000| Updating 
|  32|0x0000000082000000, 0x0000000082100000, 0x0000000082100000|100%| O|  |TAMS 0x0000000082100000, 0x0000000082000000| Updating 
|  33|0x0000000082100000, 0x0000000082200000, 0x0000000082200000|100%| O|  |TAMS 0x0000000082200000, 0x0000000082100000| Updating 
|  34|0x0000000082200000, 0x0000000082300000, 0x0000000082300000|100%| O|  |TAMS 0x0000000082300000, 0x0000000082200000| Updating 
|  35|0x0000000082300000, 0x0000000082400000, 0x0000000082400000|100%| O|  |TAMS 0x0000000082400000, 0x0000000082300000| Updating 
|  36|0x0000000082400000, 0x0000000082500000, 0x0000000082500000|100%|HS|  |TAMS 0x0000000082500000, 0x0000000082400000| Complete 
|  37|0x0000000082500000, 0x0000000082600000, 0x0000000082600000|100%|HC|  |TAMS 0x0000000082600000, 0x0000000082500000| Complete 
|  38|0x0000000082600000, 0x0000000082700000, 0x0000000082700000|100%|HC|  |TAMS 0x0000000082700000, 0x0000000082600000| Complete 
|  39|0x0000000082700000, 0x0000000082800000, 0x0000000082800000|100%|HC|  |TAMS 0x0000000082800000, 0x0000000082700000| Complete 
|  40|0x0000000082800000, 0x0000000082900000, 0x0000000082900000|100%|HC|  |TAMS 0x0000000082900000, 0x0000000082800000| Complete 
|  41|0x0000000082900000, 0x0000000082a00000, 0x0000000082a00000|100%|HS|  |TAMS 0x0000000082a00000, 0x0000000082900000| Complete 
|  42|0x0000000082a00000, 0x0000000082b00000, 0x0000000082b00000|100%|HC|  |TAMS 0x0000000082b00000, 0x0000000082a00000| Complete 
|  43|0x0000000082b00000, 0x0000000082c00000, 0x0000000082c00000|100%|HC|  |TAMS 0x0000000082c00000, 0x0000000082b00000| Complete 
|  44|0x0000000082c00000, 0x0000000082d00000, 0x0000000082d00000|100%| O|  |TAMS 0x0000000082d00000, 0x0000000082c00000| Updating 
|  45|0x0000000082d00000, 0x0000000082e00000, 0x0000000082e00000|100%| O|  |TAMS 0x0000000082e00000, 0x0000000082d00000| Updating 
|  46|0x0000000082e00000, 0x0000000082f00000, 0x0000000082f00000|100%| O|  |TAMS 0x0000000082f00000, 0x0000000082e00000| Updating 
|  47|0x0000000082f00000, 0x0000000083000000, 0x0000000083000000|100%| O|  |TAMS 0x0000000083000000, 0x0000000082f00000| Updating 
|  48|0x0000000083000000, 0x0000000083100000, 0x0000000083100000|100%| O|  |TAMS 0x0000000083100000, 0x0000000083000000| Updating 
|  49|0x0000000083100000, 0x0000000083200000, 0x0000000083200000|100%| O|  |TAMS 0x0000000083200000, 0x0000000083100000| Updating 
|  50|0x0000000083200000, 0x0000000083300000, 0x0000000083300000|100%| O|  |TAMS 0x0000000083300000, 0x0000000083200000| Updating 
|  51|0x0000000083300000, 0x0000000083400000, 0x0000000083400000|100%| O|  |TAMS 0x0000000083400000, 0x0000000083300000| Updating 
|  52|0x0000000083400000, 0x0000000083500000, 0x0000000083500000|100%| O|  |TAMS 0x0000000083500000, 0x0000000083400000| Updating 
|  53|0x0000000083500000, 0x0000000083600000, 0x0000000083600000|100%| O|  |TAMS 0x0000000083600000, 0x0000000083500000| Updating 
|  54|0x0000000083600000, 0x0000000083700000, 0x0000000083700000|100%| O|  |TAMS 0x0000000083700000, 0x0000000083600000| Updating 
|  55|0x0000000083700000, 0x0000000083800000, 0x0000000083800000|100%|HS|  |TAMS 0x0000000083800000, 0x0000000083700000| Complete 
|  56|0x0000000083800000, 0x0000000083900000, 0x0000000083900000|100%|HS|  |TAMS 0x0000000083900000, 0x0000000083800000| Complete 
|  57|0x0000000083900000, 0x0000000083a00000, 0x0000000083a00000|100%| O|  |TAMS 0x0000000083a00000, 0x0000000083900000| Updating 
|  58|0x0000000083a00000, 0x0000000083b00000, 0x0000000083b00000|100%| O|  |TAMS 0x0000000083b00000, 0x0000000083a00000| Updating 
|  59|0x0000000083b00000, 0x0000000083c00000, 0x0000000083c00000|100%|HS|  |TAMS 0x0000000083c00000, 0x0000000083b00000| Complete 
|  60|0x0000000083c00000, 0x0000000083d00000, 0x0000000083d00000|100%|HC|  |TAMS 0x0000000083d00000, 0x0000000083c00000| Complete 
|  61|0x0000000083d00000, 0x0000000083e00000, 0x0000000083e00000|100%| O|  |TAMS 0x0000000083e00000, 0x0000000083d00000| Updating 
|  62|0x0000000083e00000, 0x0000000083f00000, 0x0000000083f00000|100%| O|  |TAMS 0x0000000083f00000, 0x0000000083e00000| Updating 
|  63|0x0000000083f00000, 0x0000000084000000, 0x0000000084000000|100%| O|  |TAMS 0x0000000084000000, 0x0000000083f00000| Updating 
|  64|0x0000000084000000, 0x0000000084100000, 0x0000000084100000|100%| O|  |TAMS 0x0000000084100000, 0x0000000084000000| Updating 
|  65|0x0000000084100000, 0x0000000084200000, 0x0000000084200000|100%| O|  |TAMS 0x0000000084200000, 0x0000000084100000| Updating 
|  66|0x0000000084200000, 0x0000000084300000, 0x0000000084300000|100%| O|  |TAMS 0x0000000084300000, 0x0000000084200000| Updating 
|  67|0x0000000084300000, 0x0000000084400000, 0x0000000084400000|100%| O|  |TAMS 0x0000000084400000, 0x0000000084300000| Updating 
|  68|0x0000000084400000, 0x0000000084500000, 0x0000000084500000|100%| O|  |TAMS 0x0000000084500000, 0x0000000084400000| Updating 
|  69|0x0000000084500000, 0x0000000084600000, 0x0000000084600000|100%| O|  |TAMS 0x0000000084600000, 0x0000000084500000| Updating 
|  70|0x0000000084600000, 0x0000000084700000, 0x0000000084700000|100%| O|  |TAMS 0x0000000084700000, 0x0000000084600000| Updating 
|  71|0x0000000084700000, 0x0000000084800000, 0x0000000084800000|100%| O|  |TAMS 0x0000000084800000, 0x0000000084700000| Updating 
|  72|0x0000000084800000, 0x0000000084900000, 0x0000000084900000|100%| O|  |TAMS 0x0000000084900000, 0x0000000084800000| Updating 
|  73|0x0000000084900000, 0x0000000084a00000, 0x0000000084a00000|100%| O|  |TAMS 0x0000000084a00000, 0x0000000084900000| Updating 
|  74|0x0000000084a00000, 0x0000000084b00000, 0x0000000084b00000|100%| O|  |TAMS 0x0000000084b00000, 0x0000000084a00000| Updating 
|  75|0x0000000084b00000, 0x0000000084c00000, 0x0000000084c00000|100%| O|  |TAMS 0x0000000084c00000, 0x0000000084b00000| Updating 
|  76|0x0000000084c00000, 0x0000000084d00000, 0x0000000084d00000|100%| O|  |TAMS 0x0000000084d00000, 0x0000000084c00000| Updating 
|  77|0x0000000084d00000, 0x0000000084e00000, 0x0000000084e00000|100%| O|  |TAMS 0x0000000084e00000, 0x0000000084d00000| Updating 
|  78|0x0000000084e00000, 0x0000000084f00000, 0x0000000084f00000|100%| O|  |TAMS 0x0000000084f00000, 0x0000000084e00000| Updating 
|  79|0x0000000084f00000, 0x0000000085000000, 0x0000000085000000|100%| O|  |TAMS 0x0000000085000000, 0x0000000084f00000| Updating 
|  80|0x0000000085000000, 0x0000000085100000, 0x0000000085100000|100%| O|  |TAMS 0x0000000085100000, 0x0000000085000000| Updating 
|  81|0x0000000085100000, 0x0000000085200000, 0x0000000085200000|100%| O|  |TAMS 0x0000000085200000, 0x0000000085100000| Updating 
|  82|0x0000000085200000, 0x0000000085300000, 0x0000000085300000|100%| O|  |TAMS 0x0000000085300000, 0x0000000085200000| Updating 
|  83|0x0000000085300000, 0x0000000085400000, 0x0000000085400000|100%| O|  |TAMS 0x0000000085400000, 0x0000000085300000| Updating 
|  84|0x0000000085400000, 0x0000000085500000, 0x0000000085500000|100%| O|  |TAMS 0x0000000085500000, 0x0000000085400000| Updating 
|  85|0x0000000085500000, 0x0000000085600000, 0x0000000085600000|100%| O|  |TAMS 0x0000000085600000, 0x0000000085500000| Updating 
|  86|0x0000000085600000, 0x0000000085700000, 0x0000000085700000|100%| O|  |TAMS 0x0000000085700000, 0x0000000085600000| Updating 
|  87|0x0000000085700000, 0x0000000085800000, 0x0000000085800000|100%| O|  |TAMS 0x0000000085800000, 0x0000000085700000| Updating 
|  88|0x0000000085800000, 0x0000000085900000, 0x0000000085900000|100%| O|  |TAMS 0x0000000085900000, 0x0000000085800000| Updating 
|  89|0x0000000085900000, 0x0000000085a00000, 0x0000000085a00000|100%| O|  |TAMS 0x0000000085a00000, 0x0000000085900000| Updating 
|  90|0x0000000085a00000, 0x0000000085b00000, 0x0000000085b00000|100%| O|  |TAMS 0x0000000085b00000, 0x0000000085a00000| Updating 
|  91|0x0000000085b00000, 0x0000000085c00000, 0x0000000085c00000|100%| O|  |TAMS 0x0000000085c00000, 0x0000000085b00000| Updating 
|  92|0x0000000085c00000, 0x0000000085d00000, 0x0000000085d00000|100%| O|  |TAMS 0x0000000085d00000, 0x0000000085c00000| Updating 
|  93|0x0000000085d00000, 0x0000000085e00000, 0x0000000085e00000|100%| O|  |TAMS 0x0000000085e00000, 0x0000000085d00000| Updating 
|  94|0x0000000085e00000, 0x0000000085f00000, 0x0000000085f00000|100%| O|  |TAMS 0x0000000085f00000, 0x0000000085e00000| Updating 
|  95|0x0000000085f00000, 0x0000000086000000, 0x0000000086000000|100%| O|  |TAMS 0x0000000086000000, 0x0000000085f00000| Updating 
|  96|0x0000000086000000, 0x0000000086100000, 0x0000000086100000|100%| O|  |TAMS 0x0000000086100000, 0x0000000086000000| Updating 
|  97|0x0000000086100000, 0x0000000086200000, 0x0000000086200000|100%| O|  |TAMS 0x0000000086200000, 0x0000000086100000| Updating 
|  98|0x0000000086200000, 0x0000000086300000, 0x0000000086300000|100%| O|  |TAMS 0x0000000086300000, 0x0000000086200000| Updating 
|  99|0x0000000086300000, 0x0000000086400000, 0x0000000086400000|100%| O|  |TAMS 0x0000000086400000, 0x0000000086300000| Updating 
| 100|0x0000000086400000, 0x0000000086500000, 0x0000000086500000|100%| O|  |TAMS 0x0000000086500000, 0x0000000086400000| Updating 
| 101|0x0000000086500000, 0x0000000086600000, 0x0000000086600000|100%| O|  |TAMS 0x0000000086600000, 0x0000000086500000| Updating 
| 102|0x0000000086600000, 0x0000000086700000, 0x0000000086700000|100%| O|  |TAMS 0x0000000086700000, 0x0000000086600000| Updating 
| 103|0x0000000086700000, 0x0000000086800000, 0x0000000086800000|100%| O|  |TAMS 0x0000000086800000, 0x0000000086700000| Updating 
| 104|0x0000000086800000, 0x0000000086900000, 0x0000000086900000|100%| O|  |TAMS 0x0000000086900000, 0x0000000086800000| Updating 
| 105|0x0000000086900000, 0x0000000086a00000, 0x0000000086a00000|100%| O|  |TAMS 0x0000000086a00000, 0x0000000086900000| Updating 
| 106|0x0000000086a00000, 0x0000000086b00000, 0x0000000086b00000|100%| O|  |TAMS 0x0000000086b00000, 0x0000000086a00000| Updating 
| 107|0x0000000086b00000, 0x0000000086c00000, 0x0000000086c00000|100%| O|  |TAMS 0x0000000086c00000, 0x0000000086b00000| Updating 
| 108|0x0000000086c00000, 0x0000000086d00000, 0x0000000086d00000|100%| O|  |TAMS 0x0000000086d00000, 0x0000000086c00000| Updating 
| 109|0x0000000086d00000, 0x0000000086e00000, 0x0000000086e00000|100%| O|  |TAMS 0x0000000086e00000, 0x0000000086d00000| Updating 
| 110|0x0000000086e00000, 0x0000000086f00000, 0x0000000086f00000|100%| O|  |TAMS 0x0000000086f00000, 0x0000000086e00000| Updating 
| 111|0x0000000086f00000, 0x0000000087000000, 0x0000000087000000|100%| O|  |TAMS 0x0000000087000000, 0x0000000086f00000| Updating 
| 112|0x0000000087000000, 0x0000000087100000, 0x0000000087100000|100%| O|  |TAMS 0x0000000087100000, 0x0000000087000000| Updating 
| 113|0x0000000087100000, 0x0000000087200000, 0x0000000087200000|100%| O|  |TAMS 0x0000000087200000, 0x0000000087100000| Updating 
| 114|0x0000000087200000, 0x0000000087300000, 0x0000000087300000|100%| O|  |TAMS 0x0000000087300000, 0x0000000087200000| Updating 
| 115|0x0000000087300000, 0x0000000087400000, 0x0000000087400000|100%| O|  |TAMS 0x0000000087400000, 0x0000000087300000| Updating 
| 116|0x0000000087400000, 0x0000000087500000, 0x0000000087500000|100%| O|  |TAMS 0x0000000087500000, 0x0000000087400000| Updating 
| 117|0x0000000087500000, 0x0000000087600000, 0x0000000087600000|100%| O|  |TAMS 0x0000000087600000, 0x0000000087500000| Updating 
| 118|0x0000000087600000, 0x0000000087700000, 0x0000000087700000|100%| O|  |TAMS 0x0000000087700000, 0x0000000087600000| Updating 
| 119|0x0000000087700000, 0x0000000087800000, 0x0000000087800000|100%| O|  |TAMS 0x0000000087800000, 0x0000000087700000| Updating 
| 120|0x0000000087800000, 0x0000000087900000, 0x0000000087900000|100%| O|  |TAMS 0x0000000087900000, 0x0000000087800000| Updating 
| 121|0x0000000087900000, 0x0000000087a00000, 0x0000000087a00000|100%| O|  |TAMS 0x0000000087a00000, 0x0000000087900000| Updating 
| 122|0x0000000087a00000, 0x0000000087b00000, 0x0000000087b00000|100%| O|  |TAMS 0x0000000087b00000, 0x0000000087a00000| Updating 
| 123|0x0000000087b00000, 0x0000000087c00000, 0x0000000087c00000|100%| O|  |TAMS 0x0000000087b9fa00, 0x0000000087b00000| Updating 
| 124|0x0000000087c00000, 0x0000000087d00000, 0x0000000087d00000|100%| O|  |TAMS 0x0000000087c00000, 0x0000000087c00000| Untracked 
| 125|0x0000000087d00000, 0x0000000087e00000, 0x0000000087e00000|100%| O|  |TAMS 0x0000000087d00000, 0x0000000087d00000| Untracked 
| 126|0x0000000087e00000, 0x0000000087f00000, 0x0000000087f00000|100%| O|  |TAMS 0x0000000087e00000, 0x0000000087e00000| Updating 
| 127|0x0000000087f00000, 0x0000000088000000, 0x0000000088000000|100%| O|  |TAMS 0x0000000087f00000, 0x0000000087f00000| Untracked 
| 128|0x0000000088000000, 0x0000000088100000, 0x0000000088100000|100%| O|  |TAMS 0x0000000088000000, 0x0000000088000000| Untracked 
| 129|0x0000000088100000, 0x0000000088200000, 0x0000000088200000|100%| O|  |TAMS 0x0000000088100000, 0x0000000088100000| Untracked 
| 130|0x0000000088200000, 0x00000000882f9c00, 0x0000000088300000| 97%| O|  |TAMS 0x0000000088200000, 0x0000000088200000| Untracked 
| 131|0x0000000088300000, 0x0000000088300000, 0x0000000088400000|  0%| F|  |TAMS 0x0000000088300000, 0x0000000088300000| Untracked 
| 132|0x0000000088400000, 0x0000000088400000, 0x0000000088500000|  0%| F|  |TAMS 0x0000000088400000, 0x0000000088400000| Untracked 
| 133|0x0000000088500000, 0x0000000088500000, 0x0000000088600000|  0%| F|  |TAMS 0x0000000088500000, 0x0000000088500000| Untracked 
| 134|0x0000000088600000, 0x0000000088600000, 0x0000000088700000|  0%| F|  |TAMS 0x0000000088600000, 0x0000000088600000| Untracked 
| 135|0x0000000088700000, 0x0000000088700000, 0x0000000088800000|  0%| F|  |TAMS 0x0000000088700000, 0x0000000088700000| Untracked 
| 136|0x0000000088800000, 0x0000000088800000, 0x0000000088900000|  0%| F|  |TAMS 0x0000000088800000, 0x0000000088800000| Untracked 
| 137|0x0000000088900000, 0x0000000088900000, 0x0000000088a00000|  0%| F|  |TAMS 0x0000000088900000, 0x0000000088900000| Untracked 
| 138|0x0000000088a00000, 0x0000000088a00000, 0x0000000088b00000|  0%| F|  |TAMS 0x0000000088a00000, 0x0000000088a00000| Untracked 
| 139|0x0000000088b00000, 0x0000000088b00000, 0x0000000088c00000|  0%| F|  |TAMS 0x0000000088b00000, 0x0000000088b00000| Untracked 
| 140|0x0000000088c00000, 0x0000000088c00000, 0x0000000088d00000|  0%| F|  |TAMS 0x0000000088c00000, 0x0000000088c00000| Untracked 
| 141|0x0000000088d00000, 0x0000000088d00000, 0x0000000088e00000|  0%| F|  |TAMS 0x0000000088d00000, 0x0000000088d00000| Untracked 
| 142|0x0000000088e00000, 0x0000000088e00000, 0x0000000088f00000|  0%| F|  |TAMS 0x0000000088e00000, 0x0000000088e00000| Untracked 
| 143|0x0000000088f00000, 0x0000000088f00000, 0x0000000089000000|  0%| F|  |TAMS 0x0000000088f00000, 0x0000000088f00000| Untracked 
| 144|0x0000000089000000, 0x0000000089000000, 0x0000000089100000|  0%| F|  |TAMS 0x0000000089000000, 0x0000000089000000| Untracked 
| 145|0x0000000089100000, 0x0000000089100000, 0x0000000089200000|  0%| F|  |TAMS 0x0000000089100000, 0x0000000089100000| Untracked 
| 146|0x0000000089200000, 0x0000000089200000, 0x0000000089300000|  0%| F|  |TAMS 0x0000000089200000, 0x0000000089200000| Untracked 
| 147|0x0000000089300000, 0x0000000089300000, 0x0000000089400000|  0%| F|  |TAMS 0x0000000089300000, 0x0000000089300000| Untracked 
| 148|0x0000000089400000, 0x0000000089400000, 0x0000000089500000|  0%| F|  |TAMS 0x0000000089400000, 0x0000000089400000| Untracked 
| 149|0x0000000089500000, 0x0000000089500000, 0x0000000089600000|  0%| F|  |TAMS 0x0000000089500000, 0x0000000089500000| Untracked 
| 150|0x0000000089600000, 0x0000000089600000, 0x0000000089700000|  0%| F|  |TAMS 0x0000000089600000, 0x0000000089600000| Untracked 
| 151|0x0000000089700000, 0x0000000089700000, 0x0000000089800000|  0%| F|  |TAMS 0x0000000089700000, 0x0000000089700000| Untracked 
| 152|0x0000000089800000, 0x0000000089800000, 0x0000000089900000|  0%| F|  |TAMS 0x0000000089800000, 0x0000000089800000| Untracked 
| 153|0x0000000089900000, 0x0000000089a00000, 0x0000000089a00000|100%| S|CS|TAMS 0x0000000089900000, 0x0000000089900000| Complete 
| 154|0x0000000089a00000, 0x0000000089b00000, 0x0000000089b00000|100%| S|CS|TAMS 0x0000000089a00000, 0x0000000089a00000| Complete 
| 155|0x0000000089b00000, 0x0000000089b00000, 0x0000000089c00000|  0%| F|  |TAMS 0x0000000089b00000, 0x0000000089b00000| Untracked 
| 156|0x0000000089c00000, 0x0000000089c00000, 0x0000000089d00000|  0%| F|  |TAMS 0x0000000089c00000, 0x0000000089c00000| Untracked 
| 157|0x0000000089d00000, 0x0000000089d00000, 0x0000000089e00000|  0%| F|  |TAMS 0x0000000089d00000, 0x0000000089d00000| Untracked 
| 158|0x0000000089e00000, 0x0000000089e00000, 0x0000000089f00000|  0%| F|  |TAMS 0x0000000089e00000, 0x0000000089e00000| Untracked 
| 159|0x0000000089f00000, 0x0000000089fd8010, 0x000000008a000000| 84%| E|  |TAMS 0x0000000089f00000, 0x0000000089f00000| Complete 
| 160|0x000000008a000000, 0x000000008a100000, 0x000000008a100000|100%| E|CS|TAMS 0x000000008a000000, 0x000000008a000000| Complete 
| 161|0x000000008a100000, 0x000000008a200000, 0x000000008a200000|100%| E|CS|TAMS 0x000000008a100000, 0x000000008a100000| Complete 
| 162|0x000000008a200000, 0x000000008a300000, 0x000000008a300000|100%| E|  |TAMS 0x000000008a200000, 0x000000008a200000| Complete 
| 163|0x000000008a300000, 0x000000008a400000, 0x000000008a400000|100%| E|CS|TAMS 0x000000008a300000, 0x000000008a300000| Complete 
| 164|0x000000008a400000, 0x000000008a500000, 0x000000008a500000|100%| E|CS|TAMS 0x000000008a400000, 0x000000008a400000| Complete 
| 165|0x000000008a500000, 0x000000008a600000, 0x000000008a600000|100%| E|CS|TAMS 0x000000008a500000, 0x000000008a500000| Complete 
| 166|0x000000008a600000, 0x000000008a700000, 0x000000008a700000|100%| E|CS|TAMS 0x000000008a600000, 0x000000008a600000| Complete 
| 167|0x000000008a700000, 0x000000008a800000, 0x000000008a800000|100%| E|CS|TAMS 0x000000008a700000, 0x000000008a700000| Complete 

Card table byte_map: [0x0000021a78600000,0x0000021a78a00000] _byte_map_base: 0x0000021a78200000

Marking Bits (Prev, Next): (CMBitMap*) 0x0000021a6574e558, (CMBitMap*) 0x0000021a6574e590
 Prev Bits: [0x0000021a78e00000, 0x0000021a7ae00000)
 Next Bits: [0x0000021a7ae00000, 0x0000021a7ce00000)

Polling page: 0x0000021a63610000

Metaspace:

Usage:
  Non-class:     91.31 MB capacity,    89.42 MB ( 98%) used,     1.57 MB (  2%) free+waste,   325.19 KB ( <1%) overhead. 
      Class:     13.97 MB capacity,    12.90 MB ( 92%) used,   943.05 KB (  7%) free+waste,   147.38 KB (  1%) overhead. 
       Both:    105.28 MB capacity,   102.32 MB ( 97%) used,     2.50 MB (  2%) free+waste,   472.56 KB ( <1%) overhead. 

Virtual space:
  Non-class space:       92.00 MB reserved,      91.57 MB (>99%) committed 
      Class space:        1.00 GB reserved,      14.00 MB (  1%) committed 
             Both:        1.09 GB reserved,     105.57 MB (  9%) committed 

Chunk freelists:
   Non-Class:  75.00 KB
       Class:  34.00 KB
        Both:  109.00 KB

MaxMetaspaceSize: 17179869184.00 GB
CompressedClassSpaceSize: 1.00 GB

CodeHeap 'non-profiled nmethods': size=120064Kb used=8267Kb max_used=8267Kb free=111796Kb
 bounds [0x0000021a70cc0000, 0x0000021a714e0000, 0x0000021a78200000]
CodeHeap 'profiled nmethods': size=120000Kb used=33255Kb max_used=33255Kb free=86744Kb
 bounds [0x0000021a69790000, 0x0000021a6b810000, 0x0000021a70cc0000]
CodeHeap 'non-nmethods': size=5696Kb used=2326Kb max_used=2394Kb free=3369Kb
 bounds [0x0000021a69200000, 0x0000021a69470000, 0x0000021a69790000]
 total_blobs=15680 nmethods=14743 adapters=848
 compilation: enabled
              stopped_count=0, restarted_count=0
 full_count=0

Compilation events (20 events):
Event: 521.843 Thread 0x0000021a7f2fe800 15005       2       com.android.tools.r8.graph.G0::b (155 bytes)
Event: 521.844 Thread 0x0000021a7f2fe800 nmethod 15005 0x0000021a6b804c10 code [0x0000021a6b804e40, 0x0000021a6b805398]
Event: 521.847 Thread 0x0000021a7f2fe800 15006  s    2       com.android.tools.r8.internal.hr::e (64 bytes)
Event: 521.848 Thread 0x0000021a7f2fe800 nmethod 15006 0x0000021a6b805590 code [0x0000021a6b805780, 0x0000021a6b805c78]
Event: 521.849 Thread 0x0000021a7f2fe800 15007       2       com.android.tools.r8.internal.Sh::c (32 bytes)
Event: 521.849 Thread 0x0000021a7f2fe800 nmethod 15007 0x0000021a6b805e90 code [0x0000021a6b806040, 0x0000021a6b806138]
Event: 521.850 Thread 0x0000021a7f2fe800 15008       2       com.android.tools.r8.graph.z::f0 (34 bytes)
Event: 521.850 Thread 0x0000021a7f2fe800 nmethod 15008 0x0000021a6b806210 code [0x0000021a6b8063c0, 0x0000021a6b8064e8]
Event: 521.850 Thread 0x0000021a7f2fe800 15009       2       com.android.tools.r8.graph.Z::g (16 bytes)
Event: 521.850 Thread 0x0000021a7f2fe800 nmethod 15009 0x0000021a6b806590 code [0x0000021a6b806740, 0x0000021a6b8068e8]
Event: 521.884 Thread 0x0000021a7f2fe800 15012 %     3       com.android.tools.r8.internal.U6::a @ 83 (131 bytes)
Event: 521.885 Thread 0x0000021a7f2fe800 nmethod 15012% 0x0000021a6b806a10 code [0x0000021a6b806c60, 0x0000021a6b807578]
Event: 521.922 Thread 0x0000021a7f2fe800 15014       2       com.android.tools.r8.internal.ve::a (73 bytes)
Event: 521.923 Thread 0x0000021a7f2fe800 nmethod 15014 0x0000021a6b807a10 code [0x0000021a6b807ca0, 0x0000021a6b8081b8]
Event: 521.929 Thread 0x0000021a7f2fe800 15016       2       com.android.tools.r8.internal.Xo$$Lambda$1027/0x0000000100c70c40::accept (12 bytes)
Event: 521.929 Thread 0x0000021a7f2fe800 nmethod 15016 0x0000021a6b808510 code [0x0000021a6b8086c0, 0x0000021a6b808808]
Event: 521.929 Thread 0x0000021a7f2fe800 15017       2       com.android.tools.r8.internal.Xo::a (97 bytes)
Event: 521.930 Thread 0x0000021a7f2fe800 nmethod 15017 0x0000021a6b808910 code [0x0000021a6b808b00, 0x0000021a6b808d38]
Event: 521.930 Thread 0x0000021a7f2fe800 15018       2       com.android.tools.r8.graph.Q::d (14 bytes)
Event: 521.930 Thread 0x0000021a7f2fe800 nmethod 15018 0x0000021a6b808f10 code [0x0000021a6b8090e0, 0x0000021a6b8092d8]

GC Heap History (20 events):
Event: 515.918 GC heap before
{Heap before GC invocations=57 (full 0):
 garbage-first heap   total 172032K, used 113983K [0x0000000080000000, 0x0000000100000000)
  region size 1024K, 8 young (8192K), 2 survivors (2048K)
 Metaspace       used 100620K, capacity 103596K, committed 103752K, reserved 1138688K
  class space    used 12724K, capacity 13781K, committed 13824K, reserved 1048576K
}
Event: 515.926 GC heap after
{Heap after GC invocations=58 (full 0):
 garbage-first heap   total 172032K, used 108423K [0x0000000080000000, 0x0000000100000000)
  region size 1024K, 1 young (1024K), 1 survivors (1024K)
 Metaspace       used 100620K, capacity 103596K, committed 103752K, reserved 1138688K
  class space    used 12724K, capacity 13781K, committed 13824K, reserved 1048576K
}
Event: 517.262 GC heap before
{Heap before GC invocations=58 (full 0):
 garbage-first heap   total 172032K, used 145287K [0x0000000080000000, 0x0000000100000000)
  region size 1024K, 38 young (38912K), 1 survivors (1024K)
 Metaspace       used 101350K, capacity 104258K, committed 104392K, reserved 1140736K
  class space    used 12795K, capacity 13863K, committed 13952K, reserved 1048576K
}
Event: 517.265 GC heap after
{Heap after GC invocations=59 (full 0):
 garbage-first heap   total 172032K, used 108789K [0x0000000080000000, 0x0000000100000000)
  region size 1024K, 1 young (1024K), 1 survivors (1024K)
 Metaspace       used 101350K, capacity 104258K, committed 104392K, reserved 1140736K
  class space    used 12795K, capacity 13863K, committed 13952K, reserved 1048576K
}
Event: 518.825 GC heap before
{Heap before GC invocations=60 (full 0):
 garbage-first heap   total 172032K, used 146677K [0x0000000080000000, 0x0000000100000000)
  region size 1024K, 39 young (39936K), 1 survivors (1024K)
 Metaspace       used 101562K, capacity 104561K, committed 104648K, reserved 1140736K
  class space    used 12811K, capacity 13873K, committed 13952K, reserved 1048576K
}
Event: 518.833 GC heap after
{Heap after GC invocations=61 (full 0):
 garbage-first heap   total 172032K, used 109806K [0x0000000080000000, 0x0000000100000000)
  region size 1024K, 2 young (2048K), 2 survivors (2048K)
 Metaspace       used 101562K, capacity 104561K, committed 104648K, reserved 1140736K
  class space    used 12811K, capacity 13873K, committed 13952K, reserved 1048576K
}
Event: 520.224 GC heap before
{Heap before GC invocations=61 (full 0):
 garbage-first heap   total 172032K, used 146670K [0x0000000080000000, 0x0000000100000000)
  region size 1024K, 39 young (39936K), 2 survivors (2048K)
 Metaspace       used 102073K, capacity 105081K, committed 105288K, reserved 1140736K
  class space    used 12880K, capacity 13958K, committed 14080K, reserved 1048576K
}
Event: 520.232 GC heap after
{Heap after GC invocations=62 (full 0):
 garbage-first heap   total 172032K, used 114340K [0x0000000080000000, 0x0000000100000000)
  region size 1024K, 5 young (5120K), 5 survivors (5120K)
 Metaspace       used 102073K, capacity 105081K, committed 105288K, reserved 1140736K
  class space    used 12880K, capacity 13958K, committed 14080K, reserved 1048576K
}
Event: 520.529 GC heap before
{Heap before GC invocations=62 (full 0):
 garbage-first heap   total 172032K, used 146084K [0x0000000080000000, 0x0000000100000000)
  region size 1024K, 37 young (37888K), 5 survivors (5120K)
 Metaspace       used 102827K, capacity 105844K, committed 106184K, reserved 1140736K
  class space    used 12997K, capacity 14086K, committed 14208K, reserved 1048576K
}
Event: 520.560 GC heap after
{Heap after GC invocations=63 (full 0):
 garbage-first heap   total 172032K, used 122093K [0x0000000080000000, 0x0000000100000000)
  region size 1024K, 5 young (5120K), 5 survivors (5120K)
 Metaspace       used 102827K, capacity 105844K, committed 106184K, reserved 1140736K
  class space    used 12997K, capacity 14086K, committed 14208K, reserved 1048576K
}
Event: 520.770 GC heap before
{Heap before GC invocations=64 (full 0):
 garbage-first heap   total 172032K, used 143597K [0x0000000080000000, 0x0000000100000000)
  region size 1024K, 27 young (27648K), 5 survivors (5120K)
 Metaspace       used 103585K, capacity 106617K, committed 106696K, reserved 1142784K
  class space    used 13077K, capacity 14171K, committed 14208K, reserved 1048576K
}
Event: 520.783 GC heap after
{Heap after GC invocations=65 (full 0):
 garbage-first heap   total 172032K, used 125095K [0x0000000080000000, 0x0000000100000000)
  region size 1024K, 4 young (4096K), 4 survivors (4096K)
 Metaspace       used 103585K, capacity 106617K, committed 106696K, reserved 1142784K
  class space    used 13077K, capacity 14171K, committed 14208K, reserved 1048576K
}
Event: 520.800 GC heap before
{Heap before GC invocations=65 (full 0):
 garbage-first heap   total 172032K, used 128167K [0x0000000080000000, 0x0000000100000000)
  region size 1024K, 8 young (8192K), 4 survivors (4096K)
 Metaspace       used 103619K, capacity 106618K, committed 106696K, reserved 1142784K
  class space    used 13080K, capacity 14171K, committed 14208K, reserved 1048576K
}
Event: 520.808 GC heap after
{Heap after GC invocations=66 (full 0):
 garbage-first heap   total 172032K, used 125952K [0x0000000080000000, 0x0000000100000000)
  region size 1024K, 1 young (1024K), 1 survivors (1024K)
 Metaspace       used 103619K, capacity 106618K, committed 106696K, reserved 1142784K
  class space    used 13080K, capacity 14171K, committed 14208K, reserved 1048576K
}
Event: 521.522 GC heap before
{Heap before GC invocations=66 (full 0):
 garbage-first heap   total 172032K, used 144384K [0x0000000080000000, 0x0000000100000000)
  region size 1024K, 19 young (19456K), 1 survivors (1024K)
 Metaspace       used 104352K, capacity 107344K, committed 107592K, reserved 1142784K
  class space    used 13160K, capacity 14238K, committed 14336K, reserved 1048576K
}
Event: 521.534 GC heap after
{Heap after GC invocations=67 (full 0):
 garbage-first heap   total 172032K, used 129662K [0x0000000080000000, 0x0000000100000000)
  region size 1024K, 3 young (3072K), 3 survivors (3072K)
 Metaspace       used 104352K, capacity 107344K, committed 107592K, reserved 1142784K
  class space    used 13160K, capacity 14238K, committed 14336K, reserved 1048576K
}
Event: 521.818 GC heap before
{Heap before GC invocations=67 (full 0):
 garbage-first heap   total 172032K, used 145022K [0x0000000080000000, 0x0000000100000000)
  region size 1024K, 18 young (18432K), 3 survivors (3072K)
 Metaspace       used 104459K, capacity 107508K, committed 107592K, reserved 1142784K
  class space    used 13165K, capacity 14270K, committed 14336K, reserved 1048576K
}
Event: 521.829 GC heap after
{Heap after GC invocations=68 (full 0):
 garbage-first heap   total 172032K, used 132933K [0x0000000080000000, 0x0000000100000000)
  region size 1024K, 3 young (3072K), 3 survivors (3072K)
 Metaspace       used 104459K, capacity 107508K, committed 107592K, reserved 1142784K
  class space    used 13165K, capacity 14270K, committed 14336K, reserved 1048576K
}
Event: 521.891 GC heap before
{Heap before GC invocations=68 (full 0):
 garbage-first heap   total 172032K, used 146245K [0x0000000080000000, 0x0000000100000000)
  region size 1024K, 16 young (16384K), 3 survivors (3072K)
 Metaspace       used 104425K, capacity 107418K, committed 107592K, reserved 1142784K
  class space    used 13156K, capacity 14238K, committed 14336K, reserved 1048576K
}
Event: 521.901 GC heap after
{Heap after GC invocations=69 (full 0):
 garbage-first heap   total 172032K, used 136167K [0x0000000080000000, 0x0000000100000000)
  region size 1024K, 2 young (2048K), 2 survivors (2048K)
 Metaspace       used 104425K, capacity 107418K, committed 107592K, reserved 1142784K
  class space    used 13156K, capacity 14238K, committed 14336K, reserved 1048576K
}

Deoptimization events (20 events):
Event: 521.193 Thread 0x0000021a04bdf800 DEOPT PACKING pc=0x0000021a714ac93c sp=0x0000002ac90f9ee0
Event: 521.193 Thread 0x0000021a04bdf800 DEOPT UNPACKING pc=0x0000021a692278af sp=0x0000002ac90f9ea0 mode 2
Event: 521.193 Thread 0x0000021a04bdf800 Uncommon trap: trap_request=0xffffff4d fr.pc=0x0000021a71496438 relative=0x0000000000000878
Event: 521.193 Thread 0x0000021a04bdf800 Uncommon trap: reason=unstable_if action=reinterpret pc=0x0000021a71496438 method=com.android.tools.r8.graph.c0.a(C)I @ 7 c2
Event: 521.193 Thread 0x0000021a04bdf800 DEOPT PACKING pc=0x0000021a71496438 sp=0x0000002ac90f9ea0
Event: 521.193 Thread 0x0000021a04bdf800 DEOPT UNPACKING pc=0x0000021a692278af sp=0x0000002ac90f9df0 mode 2
Event: 521.193 Thread 0x0000021a04bdf800 Uncommon trap: trap_request=0xffffff4d fr.pc=0x0000021a71496b24 relative=0x0000000000000084
Event: 521.193 Thread 0x0000021a04bdf800 Uncommon trap: reason=unstable_if action=reinterpret pc=0x0000021a71496b24 method=com.android.tools.r8.graph.c0.a(C[BI)I @ 7 c2
Event: 521.193 Thread 0x0000021a04bdf800 DEOPT PACKING pc=0x0000021a71496b24 sp=0x0000002ac90f9e40
Event: 521.193 Thread 0x0000021a04bdf800 DEOPT UNPACKING pc=0x0000021a692278af sp=0x0000002ac90f9dd8 mode 2
Event: 521.342 Thread 0x0000021a04bdf800 Uncommon trap: trap_request=0xffffff4d fr.pc=0x0000021a714a2ea4 relative=0x0000000000000084
Event: 521.342 Thread 0x0000021a04bdf800 Uncommon trap: reason=unstable_if action=reinterpret pc=0x0000021a714a2ea4 method=com.android.tools.r8.internal.Ye.d(I)Z @ 45 c2
Event: 521.342 Thread 0x0000021a04bdf800 DEOPT PACKING pc=0x0000021a714a2ea4 sp=0x0000002ac90f9740
Event: 521.342 Thread 0x0000021a04bdf800 DEOPT UNPACKING pc=0x0000021a692278af sp=0x0000002ac90f96d0 mode 2
Event: 521.362 Thread 0x0000021a010af800 DEOPT PACKING pc=0x0000021a6b6bbb4b sp=0x0000002ac78f3e40
Event: 521.362 Thread 0x0000021a010af800 DEOPT UNPACKING pc=0x0000021a692276ce sp=0x0000002ac78f3370 mode 0
Event: 521.670 Thread 0x0000021a010af800 Uncommon trap: trap_request=0xffffff4d fr.pc=0x0000021a714b1018 relative=0x0000000000001ed8
Event: 521.670 Thread 0x0000021a010af800 Uncommon trap: reason=unstable_if action=reinterpret pc=0x0000021a714b1018 method=com.android.tools.r8.internal.E9.e(Ljava/lang/String;)[Ljava/lang/String; @ 149 c2
Event: 521.670 Thread 0x0000021a010af800 DEOPT PACKING pc=0x0000021a714b1018 sp=0x0000002ac78f32e0
Event: 521.670 Thread 0x0000021a010af800 DEOPT UNPACKING pc=0x0000021a692278af sp=0x0000002ac78f32c8 mode 2

Classes redefined (0 events):
No events

Internal exceptions (20 events):
Event: 519.974 Thread 0x0000021a04bde800 Exception <a 'sun/nio/fs/WindowsException'{0x0000000089829968}> (0x0000000089829968) thrown at [./src/hotspot/share/prims/jni.cpp, line 615]
Event: 519.975 Thread 0x0000021a04bdd000 Exception <a 'sun/nio/fs/WindowsException'{0x00000000898a6818}> (0x00000000898a6818) thrown at [./src/hotspot/share/prims/jni.cpp, line 615]
Event: 519.979 Thread 0x0000021a04bdf800 Exception <a 'sun/nio/fs/WindowsException'{0x00000000899afe18}> (0x00000000899afe18) thrown at [./src/hotspot/share/prims/jni.cpp, line 615]
Event: 519.983 Thread 0x0000021a04be0800 Exception <a 'sun/nio/fs/WindowsException'{0x00000000898d38c8}> (0x00000000898d38c8) thrown at [./src/hotspot/share/prims/jni.cpp, line 615]
Event: 519.993 Thread 0x0000021a04bdd000 Exception <a 'sun/nio/fs/WindowsException'{0x00000000897be290}> (0x00000000897be290) thrown at [./src/hotspot/share/prims/jni.cpp, line 615]
Event: 519.993 Thread 0x0000021a04bde800 Exception <a 'sun/nio/fs/WindowsException'{0x0000000089730228}> (0x0000000089730228) thrown at [./src/hotspot/share/prims/jni.cpp, line 615]
Event: 520.006 Thread 0x0000021a04bdf800 Exception <a 'sun/nio/fs/WindowsException'{0x000000008962c310}> (0x000000008962c310) thrown at [./src/hotspot/share/prims/jni.cpp, line 615]
Event: 520.007 Thread 0x0000021a04be0800 Exception <a 'sun/nio/fs/WindowsException'{0x000000008961ee00}> (0x000000008961ee00) thrown at [./src/hotspot/share/prims/jni.cpp, line 615]
Event: 520.024 Thread 0x0000021a04bde800 Exception <a 'sun/nio/fs/WindowsException'{0x00000000896b7a88}> (0x00000000896b7a88) thrown at [./src/hotspot/share/prims/jni.cpp, line 615]
Event: 520.034 Thread 0x0000021a04be0800 Exception <a 'sun/nio/fs/WindowsException'{0x0000000089518f78}> (0x0000000089518f78) thrown at [./src/hotspot/share/prims/jni.cpp, line 615]
Event: 520.045 Thread 0x0000021a04bdd000 Exception <a 'sun/nio/fs/WindowsException'{0x000000008952af70}> (0x000000008952af70) thrown at [./src/hotspot/share/prims/jni.cpp, line 615]
Event: 520.202 Thread 0x0000021a04bde800 Exception <a 'sun/nio/fs/WindowsException'{0x0000000088a5a2d8}> (0x0000000088a5a2d8) thrown at [./src/hotspot/share/prims/jni.cpp, line 615]
Event: 520.259 Thread 0x0000021a04be0800 Exception <a 'sun/nio/fs/WindowsException'{0x000000008a0e8350}> (0x000000008a0e8350) thrown at [./src/hotspot/share/prims/jni.cpp, line 615]
Event: 520.352 Thread 0x0000021a010af800 Exception <a 'sun/nio/fs/WindowsException'{0x0000000089271900}> (0x0000000089271900) thrown at [./src/hotspot/share/prims/jni.cpp, line 615]
Event: 520.470 Thread 0x0000021a04be0800 Exception <a 'java/lang/IncompatibleClassChangeError'{0x0000000089d81298}: Found class java.lang.Object, but interface was expected> (0x0000000089d81298) thrown at [./src/hotspot/share/interpreter/linkResolver.cpp, line 839]
Event: 520.471 Thread 0x0000021a010af800 Exception <a 'java/lang/IncompatibleClassChangeError'{0x0000000088b3d100}: Found class java.lang.Object, but interface was expected> (0x0000000088b3d100) thrown at [./src/hotspot/share/interpreter/linkResolver.cpp, line 839]
Event: 520.471 Thread 0x0000021a04bde800 Exception <a 'java/lang/IncompatibleClassChangeError'{0x0000000089d19a90}: Found class java.lang.Object, but interface was expected> (0x0000000089d19a90) thrown at [./src/hotspot/share/interpreter/linkResolver.cpp, line 839]
Event: 520.502 Thread 0x0000021a04bdf800 Exception <a 'sun/nio/fs/WindowsException'{0x00000000889b0790}> (0x00000000889b0790) thrown at [./src/hotspot/share/prims/jni.cpp, line 615]
Event: 520.654 Thread 0x0000021a04bde800 Exception <a 'java/lang/NoSuchMethodError'{0x000000008a09dd88}: 'void java.lang.invoke.DirectMethodHandle$Holder.invokeStatic(java.lang.Object, java.lang.Object, java.lang.Object, int)'> (0x000000008a09dd88) thrown at [./src/hotspot/share/interpreter/linkResolver.cpp, line 773]
Event: 520.656 Thread 0x0000021a04bde800 Exception <a 'java/lang/IncompatibleClassChangeError'{0x000000008a0a7f60}: Found class java.lang.Object, but interface was expected> (0x000000008a0a7f60) thrown at [./src/hotspot/share/interpreter/linkResolver.cpp, line 839]

Events (20 events):
Event: 521.931 loading class com/android/tools/r8/internal/zg
Event: 521.931 loading class com/android/tools/r8/internal/zg done
Event: 521.934 loading class com/android/tools/r8/internal/wg
Event: 521.934 loading class com/android/tools/r8/internal/wg done
Event: 521.935 loading class com/android/tools/r8/internal/Cg
Event: 521.935 loading class com/android/tools/r8/internal/Cg done
Event: 521.936 loading class com/android/tools/r8/internal/Qs
Event: 521.936 loading class com/android/tools/r8/internal/Qs done
Event: 521.936 loading class com/android/tools/r8/internal/he
Event: 521.936 loading class com/android/tools/r8/internal/he done
Event: 521.939 loading class com/android/tools/r8/internal/t
Event: 521.939 loading class com/android/tools/r8/internal/t done
Event: 521.940 loading class com/android/tools/r8/internal/Tg
Event: 521.940 loading class com/android/tools/r8/internal/Tg done
Event: 521.941 loading class com/android/tools/r8/internal/eh
Event: 521.941 loading class com/android/tools/r8/internal/eh done
Event: 521.945 loading class com/android/tools/r8/internal/mF
Event: 521.945 loading class com/android/tools/r8/internal/mF done
Event: 521.947 loading class com/android/tools/r8/internal/Ps
Event: 521.947 loading class com/android/tools/r8/internal/Ps done


Dynamic libraries:
0x00007ff696350000 - 0x00007ff69635a000 	C:\Program Files\Android\Android Studio\jre\bin\java.exe
0x00007ff840060000 - 0x00007ff840267000 	C:\WINDOWS\SYSTEM32\ntdll.dll
0x00007ff83e9a0000 - 0x00007ff83ea5d000 	C:\WINDOWS\System32\KERNEL32.DLL
0x00007ff83db80000 - 0x00007ff83def4000 	C:\WINDOWS\System32\KERNELBASE.dll
0x00007ff83da60000 - 0x00007ff83db71000 	C:\WINDOWS\System32\ucrtbase.dll
0x00007ff82f6b0000 - 0x00007ff82f6c9000 	C:\Program Files\Android\Android Studio\jre\bin\jli.dll
0x00007ff83f570000 - 0x00007ff83f71c000 	C:\WINDOWS\System32\USER32.dll
0x00007ff83d970000 - 0x00007ff83d996000 	C:\WINDOWS\System32\win32u.dll
0x00007ff83fe10000 - 0x00007ff83fe39000 	C:\WINDOWS\System32\GDI32.dll
0x00007ff83d850000 - 0x00007ff83d962000 	C:\WINDOWS\System32\gdi32full.dll
0x00007ff83d730000 - 0x00007ff83d7cd000 	C:\WINDOWS\System32\msvcp_win.dll
0x00007ff82f690000 - 0x00007ff82f6a7000 	C:\Program Files\Android\Android Studio\jre\bin\VCRUNTIME140.dll
0x00007ff828a00000 - 0x00007ff828ca5000 	C:\WINDOWS\WinSxS\amd64_microsoft.windows.common-controls_6595b64144ccf1df_6.0.22000.120_none_9d947278b86cc467\COMCTL32.dll
0x00007ff83e0a0000 - 0x00007ff83e143000 	C:\WINDOWS\System32\msvcrt.dll
0x00007ff83e840000 - 0x00007ff83e871000 	C:\WINDOWS\System32\IMM32.DLL
0x00007ff807200000 - 0x00007ff80729d000 	C:\Program Files\Android\Android Studio\jre\bin\msvcp140.dll
0x00007ffff18e0000 - 0x00007ffff23af000 	C:\Program Files\Android\Android Studio\jre\bin\server\jvm.dll
0x00007ff83e8f0000 - 0x00007ff83e99e000 	C:\WINDOWS\System32\ADVAPI32.dll
0x00007ff83fc80000 - 0x00007ff83fd1e000 	C:\WINDOWS\System32\sechost.dll
0x00007ff83eca0000 - 0x00007ff83edc0000 	C:\WINDOWS\System32\RPCRT4.dll
0x00007ff83fd20000 - 0x00007ff83fd28000 	C:\WINDOWS\System32\PSAPI.DLL
0x00007ff82c130000 - 0x00007ff82c139000 	C:\WINDOWS\SYSTEM32\WSOCK32.dll
0x00007ff83f720000 - 0x00007ff83f78f000 	C:\WINDOWS\System32\WS2_32.dll
0x00007ff8383f0000 - 0x00007ff838423000 	C:\WINDOWS\SYSTEM32\WINMM.dll
0x00007ff836510000 - 0x00007ff83651a000 	C:\WINDOWS\SYSTEM32\VERSION.dll
0x00007ff83c650000 - 0x00007ff83c668000 	C:\WINDOWS\SYSTEM32\kernel.appcore.dll
0x00007ff82ab90000 - 0x00007ff82aba1000 	C:\Program Files\Android\Android Studio\jre\bin\verify.dll
0x00007ff83b1a0000 - 0x00007ff83b3c1000 	C:\WINDOWS\SYSTEM32\DBGHELP.DLL
0x00007ff8256d0000 - 0x00007ff825701000 	C:\WINDOWS\SYSTEM32\dbgcore.DLL
0x00007ff83d7d0000 - 0x00007ff83d84f000 	C:\WINDOWS\System32\bcryptPrimitives.dll
0x00007ff821bd0000 - 0x00007ff821bf9000 	C:\Program Files\Android\Android Studio\jre\bin\java.dll
0x00007ff83a780000 - 0x00007ff83a78b000 	C:\Program Files\Android\Android Studio\jre\bin\jimage.dll
0x00007ff82a6e0000 - 0x00007ff82a6f8000 	C:\Program Files\Android\Android Studio\jre\bin\zip.dll
0x00007ff83edc0000 - 0x00007ff83f56e000 	C:\WINDOWS\System32\SHELL32.dll
0x00007ff83b6c0000 - 0x00007ff83bf27000 	C:\WINDOWS\SYSTEM32\windows.storage.dll
0x00007ff83f7b0000 - 0x00007ff83fb28000 	C:\WINDOWS\System32\combase.dll
0x00007ff83b550000 - 0x00007ff83b6b6000 	C:\WINDOWS\SYSTEM32\wintypes.dll
0x00007ff83ea60000 - 0x00007ff83eb4a000 	C:\WINDOWS\System32\SHCORE.dll
0x00007ff83fc20000 - 0x00007ff83fc7d000 	C:\WINDOWS\System32\shlwapi.dll
0x00007ff83d480000 - 0x00007ff83d4a1000 	C:\WINDOWS\SYSTEM32\profapi.dll
0x00007ff827910000 - 0x00007ff82792a000 	C:\Program Files\Android\Android Studio\jre\bin\net.dll
0x00007ff836210000 - 0x00007ff83631c000 	C:\WINDOWS\SYSTEM32\WINHTTP.dll
0x00007ff83ca80000 - 0x00007ff83cae7000 	C:\WINDOWS\system32\mswsock.dll
0x00007ff818260000 - 0x00007ff818274000 	C:\Program Files\Android\Android Studio\jre\bin\nio.dll
0x00007ff82cbe0000 - 0x00007ff82cc07000 	C:\Users\daffa\.gradle\native\8bec1ad78214c89d9ad589b4d07fe93259594b29d510b10fafb7a158f7737e5d\windows-amd64\native-platform.dll
0x00007ffffc940000 - 0x00007ffffca7d000 	C:\Users\daffa\.gradle\native\53dbd7edfb1c66fb8903c78663c9afc45aea4f116125fa6feffd364cf09443e8\windows-amd64\native-platform-file-events.dll
0x00007ff82eb40000 - 0x00007ff82eb4a000 	C:\Program Files\Android\Android Studio\jre\bin\management.dll
0x00007ff82e430000 - 0x00007ff82e43c000 	C:\Program Files\Android\Android Studio\jre\bin\management_ext.dll
0x00007ff83ccd0000 - 0x00007ff83cce8000 	C:\WINDOWS\SYSTEM32\CRYPTSP.dll
0x00007ff83c5b0000 - 0x00007ff83c5e5000 	C:\WINDOWS\system32\rsaenh.dll
0x00007ff83cb70000 - 0x00007ff83cb99000 	C:\WINDOWS\SYSTEM32\USERENV.dll
0x00007ff83ceb0000 - 0x00007ff83ced7000 	C:\WINDOWS\SYSTEM32\bcrypt.dll
0x00007ff83ccc0000 - 0x00007ff83cccc000 	C:\WINDOWS\SYSTEM32\CRYPTBASE.dll
0x00007ff83c1c0000 - 0x00007ff83c1ed000 	C:\WINDOWS\SYSTEM32\IPHLPAPI.DLL
0x00007ff83ebe0000 - 0x00007ff83ebe9000 	C:\WINDOWS\System32\NSI.dll
0x00007ff836540000 - 0x00007ff836559000 	C:\WINDOWS\SYSTEM32\dhcpcsvc6.DLL
0x00007ff836a20000 - 0x00007ff836a3e000 	C:\WINDOWS\SYSTEM32\dhcpcsvc.DLL
0x00007ff83c1f0000 - 0x00007ff83c2d7000 	C:\WINDOWS\SYSTEM32\DNSAPI.dll
0x00007ff83ab90000 - 0x00007ff83abc4000 	C:\WINDOWS\SYSTEM32\ntmarta.dll
0x00007ff83a630000 - 0x00007ff83a6c1000 	C:\WINDOWS\system32\apphelp.dll

dbghelp: loaded successfully - version: 4.0.5 - missing functions: none
symbol engine: initialized successfully - sym options: 0x614 - pdb path: .;C:\Program Files\Android\Android Studio\jre\bin;C:\WINDOWS\SYSTEM32;C:\WINDOWS\WinSxS\amd64_microsoft.windows.common-controls_6595b64144ccf1df_6.0.22000.120_none_9d947278b86cc467;C:\Program Files\Android\Android Studio\jre\bin\server;C:\Users\daffa\.gradle\native\8bec1ad78214c89d9ad589b4d07fe93259594b29d510b10fafb7a158f7737e5d\windows-amd64;C:\Users\daffa\.gradle\native\53dbd7edfb1c66fb8903c78663c9afc45aea4f116125fa6feffd364cf09443e8\windows-amd64

VM Arguments:
jvm_args: --add-opens=java.base/java.util=ALL-UNNAMED --add-opens=java.base/java.lang=ALL-UNNAMED --add-opens=java.base/java.lang.invoke=ALL-UNNAMED --add-opens=java.base/java.util=ALL-UNNAMED --add-opens=java.prefs/java.util.prefs=ALL-UNNAMED --add-opens=java.prefs/java.util.prefs=ALL-UNNAMED --add-opens=java.base/java.nio.charset=ALL-UNNAMED --add-opens=java.base/java.net=ALL-UNNAMED --add-opens=java.base/java.util.concurrent.atomic=ALL-UNNAMED -Xmx2048m -Dfile.encoding=UTF-8 -Duser.country=ID -Duser.language=en -Duser.variant 
java_command: org.gradle.launcher.daemon.bootstrap.GradleDaemon 7.0.2
java_class_path (initial): C:\Users\daffa\.gradle\wrapper\dists\gradle-7.0.2-bin\857tjihv64xamwrf0h14cai3r\gradle-7.0.2\lib\gradle-launcher-7.0.2.jar
Launcher Type: SUN_STANDARD

[Global flags]
     intx CICompilerCount                          = 3                                         {product} {ergonomic}
     uint ConcGCThreads                            = 1                                         {product} {ergonomic}
     uint G1ConcRefinementThreads                  = 4                                         {product} {ergonomic}
   size_t G1HeapRegionSize                         = 1048576                                   {product} {ergonomic}
    uintx GCDrainStackTargetSize                   = 64                                        {product} {ergonomic}
   size_t InitialHeapSize                          = 100663296                                 {product} {ergonomic}
   size_t MarkStackSize                            = 4194304                                   {product} {ergonomic}
   size_t MaxHeapSize                              = 2147483648                                {product} {command line}
   size_t MaxNewSize                               = 1287651328                                {product} {ergonomic}
   size_t MinHeapDeltaBytes                        = 1048576                                   {product} {ergonomic}
    uintx NonNMethodCodeHeapSize                   = 5830732                                {pd product} {ergonomic}
    uintx NonProfiledCodeHeapSize                  = 122913754                              {pd product} {ergonomic}
    uintx ProfiledCodeHeapSize                     = 122913754                              {pd product} {ergonomic}
    uintx ReservedCodeCacheSize                    = 251658240                              {pd product} {ergonomic}
     bool SegmentedCodeCache                       = true                                      {product} {ergonomic}
     bool UseCompressedClassPointers               = true                                 {lp64_product} {ergonomic}
     bool UseCompressedOops                        = true                                 {lp64_product} {ergonomic}
     bool UseG1GC                                  = true                                      {product} {ergonomic}
     bool UseLargePagesIndividualAllocation        = false                                  {pd product} {ergonomic}

Logging:
Log output configuration:
 #0: stdout all=warning uptime,level,tags
 #1: stderr all=off uptime,level,tags

Environment Variables:
PATH=C:\ProgramData\Oracle\Java\javapath;C:\Program Files\Common Files\Oracle\Java\javapath;C:\WINDOWS\system32;C:\WINDOWS;C:\WINDOWS\System32\Wbem;C:\WINDOWS\System32\WindowsPowerShell\v1.0\;C:\WINDOWS\System32\OpenSSH\;C:\Program Files\Java\jdk-17;C:\Program Files\MySQL\MySQL Server 8.0\bin;C:\Program Files\Git\cmd;C:\Program Files\Apache-maven-3.8.3\bin;C:\Program Files\SQLite;C:\Users\daffa\AppData\Local\Microsoft\WindowsApps;;C:\Users\daffa\AppData\Local\Programs\Microsoft VS Code\bin
USERNAME=daffa
OS=Windows_NT
PROCESSOR_IDENTIFIER=AMD64 Family 23 Model 24 Stepping 1, AuthenticAMD



---------------  S Y S T E M  ---------------

OS: Windows 10 , 64 bit Build 22000 (10.0.22000.434)
OS uptime: 4 days 10:43 hours

CPU:total 4 (initial active 4) (4 cores per cpu, 2 threads per core) family 23 model 24 stepping 1 microcode 0x0, cmov, cx8, fxsr, mmx, sse, sse2, sse3, ssse3, sse4.1, sse4.2, popcnt, avx, avx2, aes, clmul, mmxext, 3dnowpref, lzcnt, sse4a, ht, tsc, tscinvbit, tscinv, bmi1, bmi2, adx, s

Memory: 4k page, system-wide physical 6020M (236M free)
TotalPageFile size 14212M (AvailPageFile size 4M)
current process WorkingSet (physical memory assigned to process): 383M, peak: 453M
current process commit charge ("private bytes"): 514M, peak: 515M

vm_info: OpenJDK 64-Bit Server VM (11.0.10+0-b96-7249189) for windows-amd64 JRE (11.0.10+0-b96-7249189), built on Mar 31 2021 21:44:00 by "builder" with MS VC++ 14.0 (VS2015)

END.
