#
# There is insufficient memory for the Java Runtime Environment to continue.
# Native memory allocation (malloc) failed to allocate 825136 bytes for Chunk::new
# Possible reasons:
#   The system is out of physical RAM or swap space
#   The process is running with CompressedOops enabled, and the Java Heap may be blocking the growth of the native heap
# Possible solutions:
#   Reduce memory load on the system
#   Increase physical memory or swap space
#   Check if swap backing store is full
#   Decrease Java heap size (-Xmx/-Xms)
#   Decrease number of Java threads
#   Decrease Java thread stack sizes (-Xss)
#   Set larger code cache with -XX:ReservedCodeCacheSize=
#   JVM is running with Unscaled Compressed Oops mode in which the Java heap is
#     placed in the first 4GB address space. The Java Heap base address is the
#     maximum limit for the native heap growth. Please use -XX:HeapBaseMinAddress
#     to set the Java Heap base and to place the Java Heap above 4GB virtual address.
# This output file may be truncated or incomplete.
#
#  Out of Memory Error (./src/hotspot/share/memory/arena.cpp:197), pid=71380, tid=71212
#
# JRE version: OpenJDK Runtime Environment (11.0.10) (build 11.0.10+0-b96-7249189)
# Java VM: OpenJDK 64-Bit Server VM (11.0.10+0-b96-7249189, mixed mode, tiered, compressed oops, g1 gc, windows-amd64)
# No core dump will be written. Minidumps are not enabled by default on client versions of Windows
#

---------------  S U M M A R Y ------------

Command Line: --add-opens=java.base/java.util=ALL-UNNAMED --add-opens=java.base/java.lang=ALL-UNNAMED --add-opens=java.base/java.lang.invoke=ALL-UNNAMED --add-opens=java.base/java.util=ALL-UNNAMED --add-opens=java.prefs/java.util.prefs=ALL-UNNAMED --add-opens=java.prefs/java.util.prefs=ALL-UNNAMED --add-opens=java.base/java.nio.charset=ALL-UNNAMED --add-opens=java.base/java.net=ALL-UNNAMED --add-opens=java.base/java.util.concurrent.atomic=ALL-UNNAMED -Xmx2048m -Dfile.encoding=UTF-8 -Duser.country=ID -Duser.language=en -Duser.variant org.gradle.launcher.daemon.bootstrap.GradleDaemon 7.0.2

Host: AMD Ryzen 3 3250U with Radeon Graphics         , 4 cores, 5G,  Windows 10 , 64 bit Build 22000 (10.0.22000.434)
Time: Tue Jan 25 16:59:47 2022 SE Asia Standard Time elapsed time: 18.064202 seconds (0d 0h 0m 18s)

---------------  T H R E A D  ---------------

Current thread (0x000002027303c000):  JavaThread "C2 CompilerThread0" daemon [_thread_in_native, id=71212, stack(0x000000326a800000,0x000000326a900000)]


Current CompileTask:
C2:  18064 9396       4       org.gradle.cache.internal.btree.CachingBlockStore::read (56 bytes)

Stack: [0x000000326a800000,0x000000326a900000]
Native frames: (J=compiled Java code, j=interpreted, Vv=VM code, C=native code)
V  [jvm.dll+0x5ecfaa]
V  [jvm.dll+0x722bd5]
V  [jvm.dll+0x72412d]
V  [jvm.dll+0x7247e3]
V  [jvm.dll+0x242928]
V  [jvm.dll+0xbc4fc]
V  [jvm.dll+0xbca0c]
V  [jvm.dll+0x352d3b]
V  [jvm.dll+0x197e0c]
V  [jvm.dll+0x1fb70e]
V  [jvm.dll+0x1fa7f4]
V  [jvm.dll+0x18354c]
V  [jvm.dll+0x208ee7]
V  [jvm.dll+0x207731]
V  [jvm.dll+0x6eb1cf]
V  [jvm.dll+0x6e3d45]
V  [jvm.dll+0x5ebe96]
C  [ucrtbase.dll+0x26c0c]
C  [KERNEL32.DLL+0x154e0]
C  [ntdll.dll+0x485b]


---------------  P R O C E S S  ---------------

Threads class SMR info:
_java_thread_list=0x0000020277d75730, length=47, elements={
0x000002025945c800, 0x0000020273015000, 0x0000020273018000, 0x00000202739c2800,
0x0000020273034800, 0x0000020273036000, 0x000002027303c000, 0x000002027303f000,
0x0000020273046000, 0x0000020273ae6000, 0x0000020275165800, 0x0000020275329800,
0x00000202754fc000, 0x0000020274fae800, 0x0000020274fd3800, 0x00000202754fb800,
0x0000020274dd8800, 0x00000202752de800, 0x000002027530e000, 0x0000020274fe4800,
0x0000020274fe2000, 0x0000020274fe3000, 0x0000020274fe0800, 0x0000020274fe1000,
0x0000020274fdf800, 0x0000020274fe3800, 0x0000020274fe5000, 0x0000020274fe6000,
0x0000020277cc3800, 0x0000020277cca000, 0x0000020277cc8800, 0x0000020277cc4800,
0x0000020277cc7000, 0x0000020277ccb000, 0x0000020277cc5000, 0x0000020277ccb800,
0x0000020277cc6000, 0x0000020277ccf800, 0x0000020277cd0800, 0x0000020277ccc800,
0x0000020277ccd800, 0x0000020277cd1800, 0x0000020277cd2000, 0x0000020277cce000,
0x0000020277ccf000, 0x000002027a511000, 0x000002027a50e000
}

Java Threads: ( => current thread )
  0x000002025945c800 JavaThread "main" [_thread_blocked, id=67024, stack(0x0000003269c00000,0x0000003269d00000)]
  0x0000020273015000 JavaThread "Reference Handler" daemon [_thread_blocked, id=57072, stack(0x000000326a300000,0x000000326a400000)]
  0x0000020273018000 JavaThread "Finalizer" daemon [_thread_blocked, id=66492, stack(0x000000326a400000,0x000000326a500000)]
  0x00000202739c2800 JavaThread "Signal Dispatcher" daemon [_thread_blocked, id=72448, stack(0x000000326a500000,0x000000326a600000)]
  0x0000020273034800 JavaThread "Attach Listener" daemon [_thread_blocked, id=71720, stack(0x000000326a600000,0x000000326a700000)]
  0x0000020273036000 JavaThread "Service Thread" daemon [_thread_blocked, id=68236, stack(0x000000326a700000,0x000000326a800000)]
=>0x000002027303c000 JavaThread "C2 CompilerThread0" daemon [_thread_in_native, id=71212, stack(0x000000326a800000,0x000000326a900000)]
  0x000002027303f000 JavaThread "C1 CompilerThread0" daemon [_thread_blocked, id=24848, stack(0x000000326a900000,0x000000326aa00000)]
  0x0000020273046000 JavaThread "Sweeper thread" daemon [_thread_blocked, id=73076, stack(0x000000326aa00000,0x000000326ab00000)]
  0x0000020273ae6000 JavaThread "Common-Cleaner" daemon [_thread_blocked, id=69548, stack(0x000000326ab00000,0x000000326ac00000)]
  0x0000020275165800 JavaThread "Daemon health stats" [_thread_blocked, id=73240, stack(0x000000326ae00000,0x000000326af00000)]
  0x0000020275329800 JavaThread "Incoming local TCP Connector on port 56557" [_thread_in_native, id=59496, stack(0x000000326af00000,0x000000326b000000)]
  0x00000202754fc000 JavaThread "Daemon periodic checks" [_thread_blocked, id=63496, stack(0x000000326b000000,0x000000326b100000)]
  0x0000020274fae800 JavaThread "Daemon" [_thread_blocked, id=73236, stack(0x000000326b100000,0x000000326b200000)]
  0x0000020274fd3800 JavaThread "Handler for socket connection from /127.0.0.1:56557 to /127.0.0.1:56558" [_thread_in_native, id=14952, stack(0x000000326b200000,0x000000326b300000)]
  0x00000202754fb800 JavaThread "Cancel handler" [_thread_blocked, id=71808, stack(0x000000326b300000,0x000000326b400000)]
  0x0000020274dd8800 JavaThread "Daemon worker" [_thread_blocked, id=65468, stack(0x000000326b400000,0x000000326b500000)]
  0x00000202752de800 JavaThread "Asynchronous log dispatcher for DefaultDaemonConnection: socket connection from /127.0.0.1:56557 to /127.0.0.1:56558" [_thread_blocked, id=66376, stack(0x000000326b500000,0x000000326b600000)]
  0x000002027530e000 JavaThread "Stdin handler" [_thread_blocked, id=62152, stack(0x000000326b600000,0x000000326b700000)]
  0x0000020274fe4800 JavaThread "Daemon client event forwarder" [_thread_blocked, id=13912, stack(0x000000326b700000,0x000000326b800000)]
  0x0000020274fe2000 JavaThread "Cache worker for file hash cache (C:\Users\daffa\.gradle\caches\7.0.2\fileHashes)" [_thread_blocked, id=72048, stack(0x000000326ba00000,0x000000326bb00000)]
  0x0000020274fe3000 JavaThread "File lock request listener" [_thread_in_native, id=71556, stack(0x000000326bb00000,0x000000326bc00000)]
  0x0000020274fe0800 JavaThread "Cache worker for journal cache (C:\Users\daffa\.gradle\caches\journal-1)" [_thread_blocked, id=71928, stack(0x000000326bc00000,0x000000326bd00000)]
  0x0000020274fe1000 JavaThread "Cache worker for file hash cache (D:\Programming\2022\Android\Project\TapMe\.gradle\7.0.2\fileHashes)" [_thread_blocked, id=73696, stack(0x000000326bd00000,0x000000326be00000)]
  0x0000020274fdf800 JavaThread "File watcher server" daemon [_thread_in_native, id=73248, stack(0x000000326be00000,0x000000326bf00000)]
  0x0000020274fe3800 JavaThread "File watcher consumer" daemon [_thread_blocked, id=70804, stack(0x000000326bf00000,0x000000326c000000)]
  0x0000020274fe5000 JavaThread "Cache worker for checksums cache (D:\Programming\2022\Android\Project\TapMe\.gradle\checksums)" [_thread_blocked, id=58096, stack(0x000000326c000000,0x000000326c100000)]
  0x0000020274fe6000 JavaThread "Cache worker for cache directory md-supplier (C:\Users\daffa\.gradle\caches\7.0.2\md-supplier)" [_thread_blocked, id=24616, stack(0x000000326c100000,0x000000326c200000)]
  0x0000020277cc3800 JavaThread "Cache worker for cache directory md-rule (C:\Users\daffa\.gradle\caches\7.0.2\md-rule)" [_thread_blocked, id=72464, stack(0x000000326c200000,0x000000326c300000)]
  0x0000020277cca000 JavaThread "Cache worker for execution history cache (C:\Users\daffa\.gradle\caches\7.0.2\executionHistory)" [_thread_in_native, id=71476, stack(0x000000326c300000,0x000000326c400000)]
  0x0000020277cc8800 JavaThread "jar transforms" [_thread_blocked, id=64708, stack(0x000000326c400000,0x000000326c500000)]
  0x0000020277cc4800 JavaThread "jar transforms Thread 2" [_thread_blocked, id=5304, stack(0x000000326c500000,0x000000326c600000)]
  0x0000020277cc7000 JavaThread "Cache worker for file content cache (C:\Users\daffa\.gradle\caches\7.0.2\fileContent)" [_thread_blocked, id=71144, stack(0x000000326c600000,0x000000326c700000)]
  0x0000020277ccb000 JavaThread "Cache worker for dependencies-accessors (D:\Programming\2022\Android\Project\TapMe\.gradle\7.0.2\dependencies-accessors)" [_thread_blocked, id=71752, stack(0x000000326c700000,0x000000326c800000)]
  0x0000020277cc5000 JavaThread "jar transforms Thread 3" [_thread_blocked, id=70728, stack(0x000000326c800000,0x000000326c900000)]
  0x0000020277ccb800 JavaThread "Cache worker for Build Output Cleanup Cache (D:\Programming\2022\Android\Project\TapMe\.gradle\buildOutputCleanup)" [_thread_in_vm, id=1032, stack(0x000000326c900000,0x000000326ca00000)]
  0x0000020277cc6000 JavaThread "Build operations" [_thread_blocked, id=70232, stack(0x000000326ca00000,0x000000326cb00000)]
  0x0000020277ccf800 JavaThread "Build operations Thread 2" [_thread_in_native, id=56780, stack(0x000000326cb00000,0x000000326cc00000)]
  0x0000020277cd0800 JavaThread "Build operations Thread 3" [_thread_blocked, id=61036, stack(0x000000326cc00000,0x000000326cd00000)]
  0x0000020277ccc800 JavaThread "Build operations Thread 4" [_thread_blocked, id=43940, stack(0x000000326cd00000,0x000000326ce00000)]
  0x0000020277ccd800 JavaThread "jar transforms Thread 4" [_thread_blocked, id=20708, stack(0x000000326ce00000,0x000000326cf00000)]
  0x0000020277cd1800 JavaThread "Memory manager" [_thread_blocked, id=9472, stack(0x000000326cf00000,0x000000326d000000)]
  0x0000020277cd2000 JavaThread "build event listener" [_thread_blocked, id=66416, stack(0x000000326d000000,0x000000326d100000)]
  0x0000020277cce000 JavaThread "Execution worker for ':'" [_thread_blocked, id=72132, stack(0x000000326d100000,0x000000326d200000)]
  0x0000020277ccf000 JavaThread "Execution worker for ':' Thread 2" [_thread_blocked, id=44852, stack(0x000000326d200000,0x000000326d300000)]
  0x000002027a511000 JavaThread "Execution worker for ':' Thread 3" [_thread_blocked, id=72892, stack(0x000000326d300000,0x000000326d400000)]
  0x000002027a50e000 JavaThread "Cache worker for execution history cache (D:\Programming\2022\Android\Project\TapMe\.gradle\7.0.2\executionHistory)" [_thread_blocked, id=72532, stack(0x000000326d400000,0x000000326d500000)]

Other Threads:
  0x000002027300f000 VMThread "VM Thread" [stack: 0x000000326a200000,0x000000326a300000] [id=69652]
  0x0000020273aff800 WatcherThread [stack: 0x000000326ac00000,0x000000326ad00000] [id=72632]
  0x0000020259475000 GCTaskThread "GC Thread#0" [stack: 0x0000003269d00000,0x0000003269e00000] [id=66576]
  0x000002027455a800 GCTaskThread "GC Thread#1" [stack: 0x000000326ad00000,0x000000326ae00000] [id=72740]
  0x0000020275457800 GCTaskThread "GC Thread#2" [stack: 0x000000326b800000,0x000000326b900000] [id=45828]
  0x0000020275d49800 GCTaskThread "GC Thread#3" [stack: 0x000000326b900000,0x000000326ba00000] [id=71316]
  0x00000202594a7800 ConcurrentGCThread "G1 Main Marker" [stack: 0x0000003269e00000,0x0000003269f00000] [id=66620]
  0x00000202594a8800 ConcurrentGCThread "G1 Conc#0" [stack: 0x0000003269f00000,0x000000326a000000] [id=65248]
  0x000002025951e800 ConcurrentGCThread "G1 Refine#0" [stack: 0x000000326a000000,0x000000326a100000] [id=18176]
  0x000002025951f800 ConcurrentGCThread "G1 Young RemSet Sampling" [stack: 0x000000326a100000,0x000000326a200000] [id=12396]

Threads with active compile tasks:
C2 CompilerThread0  18099 9396       4       org.gradle.cache.internal.btree.CachingBlockStore::read (56 bytes)

VM state:not at safepoint (normal execution)

VM Mutex/Monitor currently owned by a thread: None

OutOfMemory and StackOverflow Exception counts:
OutOfMemoryError java_heap_errors=1
LinkageErrors=120

Heap address: 0x0000000080000000, size: 2048 MB, Compressed Oops mode: 32-bit
Narrow klass base: 0x0000000000000000, Narrow klass shift: 3
Compressed class space size: 1073741824 Address: 0x0000000100000000

Heap:
 garbage-first heap   total 172032K, used 111616K [0x0000000080000000, 0x0000000100000000)
  region size 1024K, 49 young (50176K), 8 survivors (8192K)
 Metaspace       used 82060K, capacity 84160K, committed 84396K, reserved 1122304K
  class space    used 10707K, capacity 11463K, committed 11488K, reserved 1048576K
Heap Regions: E=young(eden), S=young(survivor), O=old, HS=humongous(starts), HC=humongous(continues), CS=collection set, F=free, A=archive, TAMS=top-at-mark-start (previous, next)
|   0|0x0000000080000000, 0x0000000080100000, 0x0000000080100000|100%| O|  |TAMS 0x0000000080100000, 0x0000000080000000| Untracked 
|   1|0x0000000080100000, 0x0000000080200000, 0x0000000080200000|100%| O|  |TAMS 0x0000000080200000, 0x0000000080100000| Untracked 
|   2|0x0000000080200000, 0x0000000080300000, 0x0000000080300000|100%| O|  |TAMS 0x0000000080300000, 0x0000000080200000| Untracked 
|   3|0x0000000080300000, 0x0000000080400000, 0x0000000080400000|100%|HS|  |TAMS 0x0000000080400000, 0x0000000080300000| Complete 
|   4|0x0000000080400000, 0x0000000080500000, 0x0000000080500000|100%|HC|  |TAMS 0x0000000080500000, 0x0000000080400000| Complete 
|   5|0x0000000080500000, 0x0000000080600000, 0x0000000080600000|100%|HC|  |TAMS 0x0000000080600000, 0x0000000080500000| Complete 
|   6|0x0000000080600000, 0x0000000080700000, 0x0000000080700000|100%| O|  |TAMS 0x0000000080700000, 0x0000000080600000| Untracked 
|   7|0x0000000080700000, 0x0000000080800000, 0x0000000080800000|100%| O|  |TAMS 0x0000000080800000, 0x0000000080700000| Untracked 
|   8|0x0000000080800000, 0x0000000080900000, 0x0000000080900000|100%| O|  |TAMS 0x0000000080900000, 0x0000000080800000| Untracked 
|   9|0x0000000080900000, 0x0000000080a00000, 0x0000000080a00000|100%| O|  |TAMS 0x0000000080a00000, 0x0000000080900000| Untracked 
|  10|0x0000000080a00000, 0x0000000080b00000, 0x0000000080b00000|100%| O|  |TAMS 0x0000000080b00000, 0x0000000080a00000| Untracked 
|  11|0x0000000080b00000, 0x0000000080c00000, 0x0000000080c00000|100%| O|  |TAMS 0x0000000080c00000, 0x0000000080b00000| Untracked 
|  12|0x0000000080c00000, 0x0000000080d00000, 0x0000000080d00000|100%| O|  |TAMS 0x0000000080d00000, 0x0000000080c00000| Untracked 
|  13|0x0000000080d00000, 0x0000000080e00000, 0x0000000080e00000|100%| O|  |TAMS 0x0000000080e00000, 0x0000000080d00000| Untracked 
|  14|0x0000000080e00000, 0x0000000080f00000, 0x0000000080f00000|100%| O|  |TAMS 0x0000000080f00000, 0x0000000080e00000| Untracked 
|  15|0x0000000080f00000, 0x0000000081000000, 0x0000000081000000|100%| O|  |TAMS 0x0000000081000000, 0x0000000080f00000| Untracked 
|  16|0x0000000081000000, 0x0000000081100000, 0x0000000081100000|100%| O|  |TAMS 0x0000000081100000, 0x0000000081000000| Untracked 
|  17|0x0000000081100000, 0x0000000081200000, 0x0000000081200000|100%|HS|  |TAMS 0x0000000081200000, 0x0000000081100000| Complete 
|  18|0x0000000081200000, 0x0000000081300000, 0x0000000081300000|100%| O|  |TAMS 0x0000000081300000, 0x0000000081200000| Untracked 
|  19|0x0000000081300000, 0x0000000081400000, 0x0000000081400000|100%| O|  |TAMS 0x0000000081400000, 0x0000000081300000| Untracked 
|  20|0x0000000081400000, 0x0000000081500000, 0x0000000081500000|100%| O|  |TAMS 0x0000000081500000, 0x0000000081400000| Untracked 
|  21|0x0000000081500000, 0x0000000081600000, 0x0000000081600000|100%| O|  |TAMS 0x0000000081600000, 0x0000000081500000| Untracked 
|  22|0x0000000081600000, 0x0000000081700000, 0x0000000081700000|100%| O|  |TAMS 0x0000000081700000, 0x0000000081600000| Untracked 
|  23|0x0000000081700000, 0x0000000081800000, 0x0000000081800000|100%| O|  |TAMS 0x0000000081800000, 0x0000000081700000| Untracked 
|  24|0x0000000081800000, 0x0000000081900000, 0x0000000081900000|100%| O|  |TAMS 0x0000000081900000, 0x0000000081800000| Untracked 
|  25|0x0000000081900000, 0x0000000081a00000, 0x0000000081a00000|100%| O|  |TAMS 0x0000000081a00000, 0x0000000081900000| Untracked 
|  26|0x0000000081a00000, 0x0000000081b00000, 0x0000000081b00000|100%| O|  |TAMS 0x0000000081b00000, 0x0000000081a00000| Untracked 
|  27|0x0000000081b00000, 0x0000000081c00000, 0x0000000081c00000|100%|HS|  |TAMS 0x0000000081c00000, 0x0000000081b00000| Complete 
|  28|0x0000000081c00000, 0x0000000081d00000, 0x0000000081d00000|100%|HS|  |TAMS 0x0000000081d00000, 0x0000000081c00000| Complete 
|  29|0x0000000081d00000, 0x0000000081e00000, 0x0000000081e00000|100%|HC|  |TAMS 0x0000000081e00000, 0x0000000081d00000| Complete 
|  30|0x0000000081e00000, 0x0000000081f00000, 0x0000000081f00000|100%| O|  |TAMS 0x0000000081f00000, 0x0000000081e00000| Untracked 
|  31|0x0000000081f00000, 0x0000000082000000, 0x0000000082000000|100%| O|  |TAMS 0x0000000082000000, 0x0000000081f00000| Untracked 
|  32|0x0000000082000000, 0x0000000082100000, 0x0000000082100000|100%| O|  |TAMS 0x0000000082100000, 0x0000000082000000| Untracked 
|  33|0x0000000082100000, 0x0000000082200000, 0x0000000082200000|100%| O|  |TAMS 0x0000000082200000, 0x0000000082100000| Untracked 
|  34|0x0000000082200000, 0x0000000082300000, 0x0000000082300000|100%| O|  |TAMS 0x0000000082300000, 0x0000000082200000| Untracked 
|  35|0x0000000082300000, 0x0000000082400000, 0x0000000082400000|100%| O|  |TAMS 0x0000000082400000, 0x0000000082300000| Untracked 
|  36|0x0000000082400000, 0x0000000082500000, 0x0000000082500000|100%| O|  |TAMS 0x0000000082500000, 0x0000000082400000| Untracked 
|  37|0x0000000082500000, 0x0000000082600000, 0x0000000082600000|100%| O|  |TAMS 0x0000000082600000, 0x0000000082500000| Untracked 
|  38|0x0000000082600000, 0x0000000082700000, 0x0000000082700000|100%| O|  |TAMS 0x0000000082700000, 0x0000000082600000| Untracked 
|  39|0x0000000082700000, 0x0000000082800000, 0x0000000082800000|100%| O|  |TAMS 0x0000000082800000, 0x0000000082700000| Untracked 
|  40|0x0000000082800000, 0x0000000082900000, 0x0000000082900000|100%| O|  |TAMS 0x0000000082900000, 0x0000000082800000| Untracked 
|  41|0x0000000082900000, 0x0000000082a00000, 0x0000000082a00000|100%| O|  |TAMS 0x0000000082a00000, 0x0000000082900000| Untracked 
|  42|0x0000000082a00000, 0x0000000082b00000, 0x0000000082b00000|100%| O|  |TAMS 0x0000000082b00000, 0x0000000082a00000| Untracked 
|  43|0x0000000082b00000, 0x0000000082c00000, 0x0000000082c00000|100%| O|  |TAMS 0x0000000082b00000, 0x0000000082b00000| Untracked 
|  44|0x0000000082c00000, 0x0000000082d00000, 0x0000000082d00000|100%| O|  |TAMS 0x0000000082ccf400, 0x0000000082c00000| Untracked 
|  45|0x0000000082d00000, 0x0000000082e00000, 0x0000000082e00000|100%| O|  |TAMS 0x0000000082d00000, 0x0000000082d00000| Untracked 
|  46|0x0000000082e00000, 0x0000000082f00000, 0x0000000082f00000|100%| O|  |TAMS 0x0000000082e00000, 0x0000000082e00000| Untracked 
|  47|0x0000000082f00000, 0x0000000083000000, 0x0000000083000000|100%| O|  |TAMS 0x0000000082f00000, 0x0000000082f00000| Untracked 
|  48|0x0000000083000000, 0x0000000083100000, 0x0000000083100000|100%| O|  |TAMS 0x0000000083000000, 0x0000000083000000| Untracked 
|  49|0x0000000083100000, 0x0000000083200000, 0x0000000083200000|100%| O|  |TAMS 0x0000000083100000, 0x0000000083100000| Untracked 
|  50|0x0000000083200000, 0x0000000083300000, 0x0000000083300000|100%| O|  |TAMS 0x0000000083200000, 0x0000000083200000| Untracked 
|  51|0x0000000083300000, 0x0000000083400000, 0x0000000083400000|100%| O|  |TAMS 0x0000000083300000, 0x0000000083300000| Untracked 
|  52|0x0000000083400000, 0x0000000083500000, 0x0000000083500000|100%| O|  |TAMS 0x0000000083400000, 0x0000000083400000| Untracked 
|  53|0x0000000083500000, 0x0000000083600000, 0x0000000083600000|100%| O|  |TAMS 0x0000000083500000, 0x0000000083500000| Untracked 
|  54|0x0000000083600000, 0x0000000083700000, 0x0000000083700000|100%| O|  |TAMS 0x0000000083600000, 0x0000000083600000| Untracked 
|  55|0x0000000083700000, 0x0000000083800000, 0x0000000083800000|100%| O|  |TAMS 0x0000000083700000, 0x0000000083700000| Untracked 
|  56|0x0000000083800000, 0x0000000083900000, 0x0000000083900000|100%| O|  |TAMS 0x0000000083800000, 0x0000000083800000| Untracked 
|  57|0x0000000083900000, 0x0000000083a00000, 0x0000000083a00000|100%| O|  |TAMS 0x0000000083900000, 0x0000000083900000| Untracked 
|  58|0x0000000083a00000, 0x0000000083b00000, 0x0000000083b00000|100%| O|  |TAMS 0x0000000083a00000, 0x0000000083a00000| Untracked 
|  59|0x0000000083b00000, 0x0000000083c00000, 0x0000000083c00000|100%| O|  |TAMS 0x0000000083b00000, 0x0000000083b00000| Untracked 
|  60|0x0000000083c00000, 0x0000000083d00000, 0x0000000083d00000|100%| O|  |TAMS 0x0000000083c00000, 0x0000000083c00000| Untracked 
|  61|0x0000000083d00000, 0x0000000083e00000, 0x0000000083e00000|100%| O|  |TAMS 0x0000000083d00000, 0x0000000083d00000| Untracked 
|  62|0x0000000083e00000, 0x0000000083e00000, 0x0000000083f00000|  0%| F|  |TAMS 0x0000000083e00000, 0x0000000083e00000| Untracked 
|  63|0x0000000083f00000, 0x0000000083f00000, 0x0000000084000000|  0%| F|  |TAMS 0x0000000083f00000, 0x0000000083f00000| Untracked 
|  64|0x0000000084000000, 0x0000000084000000, 0x0000000084100000|  0%| F|  |TAMS 0x0000000084000000, 0x0000000084000000| Untracked 
|  65|0x0000000084100000, 0x0000000084100000, 0x0000000084200000|  0%| F|  |TAMS 0x0000000084100000, 0x0000000084100000| Untracked 
|  66|0x0000000084200000, 0x0000000084200000, 0x0000000084300000|  0%| F|  |TAMS 0x0000000084200000, 0x0000000084200000| Untracked 
|  67|0x0000000084300000, 0x0000000084300000, 0x0000000084400000|  0%| F|  |TAMS 0x0000000084300000, 0x0000000084300000| Untracked 
|  68|0x0000000084400000, 0x0000000084400000, 0x0000000084500000|  0%| F|  |TAMS 0x0000000084400000, 0x0000000084400000| Untracked 
|  69|0x0000000084500000, 0x0000000084500000, 0x0000000084600000|  0%| F|  |TAMS 0x0000000084500000, 0x0000000084500000| Untracked 
|  70|0x0000000084600000, 0x0000000084600000, 0x0000000084700000|  0%| F|  |TAMS 0x0000000084600000, 0x0000000084600000| Untracked 
|  71|0x0000000084700000, 0x0000000084700000, 0x0000000084800000|  0%| F|  |TAMS 0x0000000084700000, 0x0000000084700000| Untracked 
|  72|0x0000000084800000, 0x0000000084800000, 0x0000000084900000|  0%| F|  |TAMS 0x0000000084800000, 0x0000000084800000| Untracked 
|  73|0x0000000084900000, 0x0000000084900000, 0x0000000084a00000|  0%| F|  |TAMS 0x0000000084900000, 0x0000000084900000| Untracked 
|  74|0x0000000084a00000, 0x0000000084a00000, 0x0000000084b00000|  0%| F|  |TAMS 0x0000000084a00000, 0x0000000084a00000| Untracked 
|  75|0x0000000084b00000, 0x0000000084b00000, 0x0000000084c00000|  0%| F|  |TAMS 0x0000000084b00000, 0x0000000084b00000| Untracked 
|  76|0x0000000084c00000, 0x0000000084c00000, 0x0000000084d00000|  0%| F|  |TAMS 0x0000000084c00000, 0x0000000084c00000| Untracked 
|  77|0x0000000084d00000, 0x0000000084d00000, 0x0000000084e00000|  0%| F|  |TAMS 0x0000000084d00000, 0x0000000084d00000| Untracked 
|  78|0x0000000084e00000, 0x0000000084e00000, 0x0000000084f00000|  0%| F|  |TAMS 0x0000000084e00000, 0x0000000084e00000| Untracked 
|  79|0x0000000084f00000, 0x0000000084f00000, 0x0000000085000000|  0%| F|  |TAMS 0x0000000084f00000, 0x0000000084f00000| Untracked 
|  80|0x0000000085000000, 0x0000000085000000, 0x0000000085100000|  0%| F|  |TAMS 0x0000000085000000, 0x0000000085000000| Untracked 
|  81|0x0000000085100000, 0x0000000085100000, 0x0000000085200000|  0%| F|  |TAMS 0x0000000085100000, 0x0000000085100000| Untracked 
|  82|0x0000000085200000, 0x0000000085200000, 0x0000000085300000|  0%| F|  |TAMS 0x0000000085200000, 0x0000000085200000| Untracked 
|  83|0x0000000085300000, 0x0000000085300000, 0x0000000085400000|  0%| F|  |TAMS 0x0000000085300000, 0x0000000085300000| Untracked 
|  84|0x0000000085400000, 0x0000000085400000, 0x0000000085500000|  0%| F|  |TAMS 0x0000000085400000, 0x0000000085400000| Untracked 
|  85|0x0000000085500000, 0x0000000085500000, 0x0000000085600000|  0%| F|  |TAMS 0x0000000085500000, 0x0000000085500000| Untracked 
|  86|0x0000000085600000, 0x0000000085600000, 0x0000000085700000|  0%| F|  |TAMS 0x0000000085600000, 0x0000000085600000| Untracked 
|  87|0x0000000085700000, 0x0000000085700000, 0x0000000085800000|  0%| F|  |TAMS 0x0000000085700000, 0x0000000085700000| Untracked 
|  88|0x0000000085800000, 0x0000000085800000, 0x0000000085900000|  0%| F|  |TAMS 0x0000000085800000, 0x0000000085800000| Untracked 
|  89|0x0000000085900000, 0x0000000085900000, 0x0000000085a00000|  0%| F|  |TAMS 0x0000000085900000, 0x0000000085900000| Untracked 
|  90|0x0000000085a00000, 0x0000000085a00000, 0x0000000085b00000|  0%| F|  |TAMS 0x0000000085a00000, 0x0000000085a00000| Untracked 
|  91|0x0000000085b00000, 0x0000000085b00000, 0x0000000085c00000|  0%| F|  |TAMS 0x0000000085b00000, 0x0000000085b00000| Untracked 
|  92|0x0000000085c00000, 0x0000000085c00000, 0x0000000085d00000|  0%| F|  |TAMS 0x0000000085c00000, 0x0000000085c00000| Untracked 
|  93|0x0000000085d00000, 0x0000000085d00000, 0x0000000085e00000|  0%| F|  |TAMS 0x0000000085d00000, 0x0000000085d00000| Untracked 
|  94|0x0000000085e00000, 0x0000000085e00000, 0x0000000085f00000|  0%| F|  |TAMS 0x0000000085e00000, 0x0000000085e00000| Untracked 
|  95|0x0000000085f00000, 0x0000000085f00000, 0x0000000086000000|  0%| F|  |TAMS 0x0000000085f00000, 0x0000000085f00000| Untracked 
|  96|0x0000000086000000, 0x0000000086000000, 0x0000000086100000|  0%| F|  |TAMS 0x0000000086000000, 0x0000000086000000| Untracked 
|  97|0x0000000086100000, 0x0000000086100000, 0x0000000086200000|  0%| F|  |TAMS 0x0000000086100000, 0x0000000086100000| Untracked 
|  98|0x0000000086200000, 0x0000000086200000, 0x0000000086300000|  0%| F|  |TAMS 0x0000000086200000, 0x0000000086200000| Untracked 
|  99|0x0000000086300000, 0x0000000086300000, 0x0000000086400000|  0%| F|  |TAMS 0x0000000086300000, 0x0000000086300000| Untracked 
| 100|0x0000000086400000, 0x0000000086400000, 0x0000000086500000|  0%| F|  |TAMS 0x0000000086400000, 0x0000000086400000| Untracked 
| 101|0x0000000086500000, 0x0000000086600000, 0x0000000086600000|100%| S|CS|TAMS 0x0000000086500000, 0x0000000086500000| Complete 
| 102|0x0000000086600000, 0x0000000086700000, 0x0000000086700000|100%| S|CS|TAMS 0x0000000086600000, 0x0000000086600000| Complete 
| 103|0x0000000086700000, 0x0000000086800000, 0x0000000086800000|100%| S|CS|TAMS 0x0000000086700000, 0x0000000086700000| Complete 
| 104|0x0000000086800000, 0x0000000086900000, 0x0000000086900000|100%| S|CS|TAMS 0x0000000086800000, 0x0000000086800000| Complete 
| 105|0x0000000086900000, 0x0000000086a00000, 0x0000000086a00000|100%| S|CS|TAMS 0x0000000086900000, 0x0000000086900000| Complete 
| 106|0x0000000086a00000, 0x0000000086b00000, 0x0000000086b00000|100%| S|CS|TAMS 0x0000000086a00000, 0x0000000086a00000| Complete 
| 107|0x0000000086b00000, 0x0000000086c00000, 0x0000000086c00000|100%| S|CS|TAMS 0x0000000086b00000, 0x0000000086b00000| Complete 
| 108|0x0000000086c00000, 0x0000000086d00000, 0x0000000086d00000|100%| S|CS|TAMS 0x0000000086c00000, 0x0000000086c00000| Complete 
| 109|0x0000000086d00000, 0x0000000086d00000, 0x0000000086e00000|  0%| F|  |TAMS 0x0000000086d00000, 0x0000000086d00000| Untracked 
| 110|0x0000000086e00000, 0x0000000086e00000, 0x0000000086f00000|  0%| F|  |TAMS 0x0000000086e00000, 0x0000000086e00000| Untracked 
| 111|0x0000000086f00000, 0x0000000086f00000, 0x0000000087000000|  0%| F|  |TAMS 0x0000000086f00000, 0x0000000086f00000| Untracked 
| 112|0x0000000087000000, 0x0000000087000000, 0x0000000087100000|  0%| F|  |TAMS 0x0000000087000000, 0x0000000087000000| Untracked 
| 113|0x0000000087100000, 0x0000000087100000, 0x0000000087200000|  0%| F|  |TAMS 0x0000000087100000, 0x0000000087100000| Untracked 
| 114|0x0000000087200000, 0x0000000087200000, 0x0000000087300000|  0%| F|  |TAMS 0x0000000087200000, 0x0000000087200000| Untracked 
| 115|0x0000000087300000, 0x0000000087300000, 0x0000000087400000|  0%| F|  |TAMS 0x0000000087300000, 0x0000000087300000| Untracked 
| 116|0x0000000087400000, 0x0000000087400000, 0x0000000087500000|  0%| F|  |TAMS 0x0000000087400000, 0x0000000087400000| Untracked 
| 117|0x0000000087500000, 0x0000000087500000, 0x0000000087600000|  0%| F|  |TAMS 0x0000000087500000, 0x0000000087500000| Untracked 
| 118|0x0000000087600000, 0x0000000087600000, 0x0000000087700000|  0%| F|  |TAMS 0x0000000087600000, 0x0000000087600000| Untracked 
| 119|0x0000000087700000, 0x0000000087700000, 0x0000000087800000|  0%| F|  |TAMS 0x0000000087700000, 0x0000000087700000| Untracked 
| 120|0x0000000087800000, 0x0000000087800000, 0x0000000087900000|  0%| F|  |TAMS 0x0000000087800000, 0x0000000087800000| Untracked 
| 121|0x0000000087900000, 0x0000000087900000, 0x0000000087a00000|  0%| F|  |TAMS 0x0000000087900000, 0x0000000087900000| Untracked 
| 122|0x0000000087a00000, 0x0000000087a00000, 0x0000000087b00000|  0%| F|  |TAMS 0x0000000087a00000, 0x0000000087a00000| Untracked 
| 123|0x0000000087b00000, 0x0000000087b00000, 0x0000000087c00000|  0%| F|  |TAMS 0x0000000087b00000, 0x0000000087b00000| Untracked 
| 124|0x0000000087c00000, 0x0000000087c00000, 0x0000000087d00000|  0%| F|  |TAMS 0x0000000087c00000, 0x0000000087c00000| Untracked 
| 125|0x0000000087d00000, 0x0000000087d00000, 0x0000000087e00000|  0%| F|  |TAMS 0x0000000087d00000, 0x0000000087d00000| Untracked 
| 126|0x0000000087e00000, 0x0000000087e3be80, 0x0000000087f00000| 23%| E|  |TAMS 0x0000000087e00000, 0x0000000087e00000| Complete 
| 127|0x0000000087f00000, 0x0000000088000000, 0x0000000088000000|100%| E|CS|TAMS 0x0000000087f00000, 0x0000000087f00000| Complete 
| 128|0x0000000088000000, 0x0000000088100000, 0x0000000088100000|100%| E|CS|TAMS 0x0000000088000000, 0x0000000088000000| Complete 
| 129|0x0000000088100000, 0x0000000088200000, 0x0000000088200000|100%| E|CS|TAMS 0x0000000088100000, 0x0000000088100000| Complete 
| 130|0x0000000088200000, 0x0000000088300000, 0x0000000088300000|100%| E|CS|TAMS 0x0000000088200000, 0x0000000088200000| Complete 
| 131|0x0000000088300000, 0x0000000088400000, 0x0000000088400000|100%| E|CS|TAMS 0x0000000088300000, 0x0000000088300000| Complete 
| 132|0x0000000088400000, 0x0000000088500000, 0x0000000088500000|100%| E|CS|TAMS 0x0000000088400000, 0x0000000088400000| Complete 
| 133|0x0000000088500000, 0x0000000088600000, 0x0000000088600000|100%| E|  |TAMS 0x0000000088500000, 0x0000000088500000| Complete 
| 134|0x0000000088600000, 0x0000000088700000, 0x0000000088700000|100%| E|CS|TAMS 0x0000000088600000, 0x0000000088600000| Complete 
| 135|0x0000000088700000, 0x0000000088800000, 0x0000000088800000|100%| E|CS|TAMS 0x0000000088700000, 0x0000000088700000| Complete 
| 136|0x0000000088800000, 0x0000000088900000, 0x0000000088900000|100%| E|CS|TAMS 0x0000000088800000, 0x0000000088800000| Complete 
| 137|0x0000000088900000, 0x0000000088a00000, 0x0000000088a00000|100%| E|CS|TAMS 0x0000000088900000, 0x0000000088900000| Complete 
| 138|0x0000000088a00000, 0x0000000088b00000, 0x0000000088b00000|100%| E|CS|TAMS 0x0000000088a00000, 0x0000000088a00000| Complete 
| 139|0x0000000088b00000, 0x0000000088c00000, 0x0000000088c00000|100%| E|CS|TAMS 0x0000000088b00000, 0x0000000088b00000| Complete 
| 140|0x0000000088c00000, 0x0000000088d00000, 0x0000000088d00000|100%| E|CS|TAMS 0x0000000088c00000, 0x0000000088c00000| Complete 
| 141|0x0000000088d00000, 0x0000000088e00000, 0x0000000088e00000|100%| E|CS|TAMS 0x0000000088d00000, 0x0000000088d00000| Complete 
| 142|0x0000000088e00000, 0x0000000088f00000, 0x0000000088f00000|100%| E|CS|TAMS 0x0000000088e00000, 0x0000000088e00000| Complete 
| 143|0x0000000088f00000, 0x0000000089000000, 0x0000000089000000|100%| E|CS|TAMS 0x0000000088f00000, 0x0000000088f00000| Complete 
| 144|0x0000000089000000, 0x0000000089100000, 0x0000000089100000|100%| E|CS|TAMS 0x0000000089000000, 0x0000000089000000| Complete 
| 145|0x0000000089100000, 0x0000000089200000, 0x0000000089200000|100%| E|CS|TAMS 0x0000000089100000, 0x0000000089100000| Complete 
| 146|0x0000000089200000, 0x0000000089300000, 0x0000000089300000|100%| E|CS|TAMS 0x0000000089200000, 0x0000000089200000| Complete 
| 147|0x0000000089300000, 0x0000000089400000, 0x0000000089400000|100%| E|CS|TAMS 0x0000000089300000, 0x0000000089300000| Complete 
| 148|0x0000000089400000, 0x0000000089500000, 0x0000000089500000|100%| E|CS|TAMS 0x0000000089400000, 0x0000000089400000| Complete 
| 149|0x0000000089500000, 0x0000000089600000, 0x0000000089600000|100%| E|CS|TAMS 0x0000000089500000, 0x0000000089500000| Complete 
| 150|0x0000000089600000, 0x0000000089700000, 0x0000000089700000|100%| E|CS|TAMS 0x0000000089600000, 0x0000000089600000| Complete 
| 151|0x0000000089700000, 0x0000000089800000, 0x0000000089800000|100%| E|CS|TAMS 0x0000000089700000, 0x0000000089700000| Complete 
| 152|0x0000000089800000, 0x0000000089900000, 0x0000000089900000|100%| E|CS|TAMS 0x0000000089800000, 0x0000000089800000| Complete 
| 153|0x0000000089900000, 0x0000000089a00000, 0x0000000089a00000|100%| E|CS|TAMS 0x0000000089900000, 0x0000000089900000| Complete 
| 154|0x0000000089a00000, 0x0000000089b00000, 0x0000000089b00000|100%| E|CS|TAMS 0x0000000089a00000, 0x0000000089a00000| Complete 
| 155|0x0000000089b00000, 0x0000000089c00000, 0x0000000089c00000|100%| E|CS|TAMS 0x0000000089b00000, 0x0000000089b00000| Complete 
| 156|0x0000000089c00000, 0x0000000089d00000, 0x0000000089d00000|100%| E|CS|TAMS 0x0000000089c00000, 0x0000000089c00000| Complete 
| 157|0x0000000089d00000, 0x0000000089e00000, 0x0000000089e00000|100%| E|CS|TAMS 0x0000000089d00000, 0x0000000089d00000| Complete 
| 158|0x0000000089e00000, 0x0000000089f00000, 0x0000000089f00000|100%| E|CS|TAMS 0x0000000089e00000, 0x0000000089e00000| Complete 
| 159|0x0000000089f00000, 0x000000008a000000, 0x000000008a000000|100%| E|CS|TAMS 0x0000000089f00000, 0x0000000089f00000| Complete 
| 160|0x000000008a000000, 0x000000008a100000, 0x000000008a100000|100%| E|CS|TAMS 0x000000008a000000, 0x000000008a000000| Complete 
| 161|0x000000008a100000, 0x000000008a200000, 0x000000008a200000|100%| E|CS|TAMS 0x000000008a100000, 0x000000008a100000| Complete 
| 162|0x000000008a200000, 0x000000008a300000, 0x000000008a300000|100%| E|CS|TAMS 0x000000008a200000, 0x000000008a200000| Complete 
| 163|0x000000008a300000, 0x000000008a400000, 0x000000008a400000|100%| E|CS|TAMS 0x000000008a300000, 0x000000008a300000| Complete 
| 164|0x000000008a400000, 0x000000008a500000, 0x000000008a500000|100%| E|CS|TAMS 0x000000008a400000, 0x000000008a400000| Complete 
| 165|0x000000008a500000, 0x000000008a600000, 0x000000008a600000|100%| E|CS|TAMS 0x000000008a500000, 0x000000008a500000| Complete 
| 166|0x000000008a600000, 0x000000008a700000, 0x000000008a700000|100%| E|CS|TAMS 0x000000008a600000, 0x000000008a600000| Complete 
| 167|0x000000008a700000, 0x000000008a800000, 0x000000008a800000|100%| E|CS|TAMS 0x000000008a700000, 0x000000008a700000| Complete 

Card table byte_map: [0x000002026c350000,0x000002026c750000] _byte_map_base: 0x000002026bf50000

Marking Bits (Prev, Next): (CMBitMap*) 0x000002025949e9b8, (CMBitMap*) 0x000002025949e9f0
 Prev Bits: [0x000002026cb50000, 0x000002026eb50000)
 Next Bits: [0x000002026eb50000, 0x0000020270b50000)

Polling page: 0x0000020257340000

Metaspace:

Usage:
  Non-class:     71.07 MB capacity,    69.72 MB ( 98%) used,     1.11 MB (  2%) free+waste,   236.63 KB ( <1%) overhead. 
      Class:     11.20 MB capacity,    10.46 MB ( 93%) used,   647.45 KB (  6%) free+waste,   106.75 KB ( <1%) overhead. 
       Both:     82.27 MB capacity,    80.19 MB ( 97%) used,     1.74 MB (  2%) free+waste,   343.38 KB ( <1%) overhead. 

Virtual space:
  Non-class space:       72.00 MB reserved,      71.20 MB ( 99%) committed 
      Class space:        1.00 GB reserved,      11.22 MB (  1%) committed 
             Both:        1.07 GB reserved,      82.42 MB (  8%) committed 

Chunk freelists:
   Non-Class:  5.00 KB
       Class:  0 bytes
        Both:  5.00 KB

MaxMetaspaceSize: 17179869184.00 GB
CompressedClassSpaceSize: 1.00 GB

CodeHeap 'non-profiled nmethods': size=120064Kb used=4198Kb max_used=4198Kb free=115866Kb
 bounds [0x0000020264a10000, 0x0000020264e30000, 0x000002026bf50000]
CodeHeap 'profiled nmethods': size=120000Kb used=19657Kb max_used=19657Kb free=100343Kb
 bounds [0x000002025d4e0000, 0x000002025e820000, 0x0000020264a10000]
CodeHeap 'non-nmethods': size=5696Kb used=2281Kb max_used=2313Kb free=3414Kb
 bounds [0x000002025cf50000, 0x000002025d1c0000, 0x000002025d4e0000]
 total_blobs=10306 nmethods=9427 adapters=790
 compilation: enabled
              stopped_count=0, restarted_count=0
 full_count=0

Compilation events (20 events):
Event: 18.007 Thread 0x000002027303f000 9529       3       com.android.tools.r8.graph.T::a (35 bytes)
Event: 18.007 Thread 0x000002027303f000 nmethod 9529 0x000002025e80a910 code [0x000002025e80aae0, 0x000002025e80ad98]
Event: 18.013 Thread 0x000002027303f000 9532       3       com.android.tools.r8.graph.a0::F (30 bytes)
Event: 18.013 Thread 0x000002027303f000 nmethod 9532 0x000002025e80af10 code [0x000002025e80b100, 0x000002025e80b348]
Event: 18.026 Thread 0x000002027303f000 9534       2       com.android.tools.r8.internal.zu::a (33 bytes)
Event: 18.027 Thread 0x000002027303f000 nmethod 9534 0x000002025e80b510 code [0x000002025e80b720, 0x000002025e80bb18]
Event: 18.032 Thread 0x000002027303f000 9535       2       com.google.common.collect.MapMakerInternalMap$Segment::getEntry (80 bytes)
Event: 18.034 Thread 0x000002027303f000 nmethod 9535 0x000002025e80bd10 code [0x000002025e80bfa0, 0x000002025e80c6c8]
Event: 18.036 Thread 0x000002027303f000 9536       2       com.android.tools.r8.graph.e0::<init> (36 bytes)
Event: 18.036 Thread 0x000002027303f000 nmethod 9536 0x000002025e80cc10 code [0x000002025e80cdc0, 0x000002025e80cef8]
Event: 18.038 Thread 0x000002027303f000 9537       2       com.android.tools.r8.internal.Be::a (19 bytes)
Event: 18.038 Thread 0x000002027303f000 nmethod 9537 0x000002025e80cf90 code [0x000002025e80d140, 0x000002025e80d258]
Event: 18.039 Thread 0x000002027303f000 9538       2       com.android.tools.r8.internal.q::hasNext (17 bytes)
Event: 18.039 Thread 0x000002027303f000 nmethod 9538 0x000002025e80d310 code [0x000002025e80d4c0, 0x000002025e80d5d8]
Event: 18.045 Thread 0x000002027303f000 9539       2       com.android.tools.r8.graph.d0::F (8 bytes)
Event: 18.045 Thread 0x000002027303f000 nmethod 9539 0x000002025e80d690 code [0x000002025e80d840, 0x000002025e80d968]
Event: 18.049 Thread 0x000002027303f000 9540       2       com.android.tools.r8.graph.d0::g (24 bytes)
Event: 18.049 Thread 0x000002027303f000 nmethod 9540 0x000002025e80da10 code [0x000002025e80dbe0, 0x000002025e80dda8]
Event: 18.050 Thread 0x000002027303f000 9541       2       com.android.tools.r8.graph.X::<init> (71 bytes)
Event: 18.051 Thread 0x000002027303f000 nmethod 9541 0x000002025e80df10 code [0x000002025e80e1c0, 0x000002025e80e9f8]

GC Heap History (20 events):
Event: 8.188 GC heap before
{Heap before GC invocations=13 (full 0):
 garbage-first heap   total 118784K, used 79124K [0x0000000080000000, 0x0000000100000000)
  region size 1024K, 52 young (53248K), 2 survivors (2048K)
 Metaspace       used 46032K, capacity 47208K, committed 47308K, reserved 1089536K
  class space    used 5898K, capacity 6343K, committed 6400K, reserved 1048576K
}
Event: 8.199 GC heap after
{Heap after GC invocations=14 (full 0):
 garbage-first heap   total 118784K, used 30498K [0x0000000080000000, 0x0000000100000000)
  region size 1024K, 5 young (5120K), 5 survivors (5120K)
 Metaspace       used 46032K, capacity 47208K, committed 47308K, reserved 1089536K
  class space    used 5898K, capacity 6343K, committed 6400K, reserved 1048576K
}
Event: 9.509 GC heap before
{Heap before GC invocations=14 (full 0):
 garbage-first heap   total 118784K, used 86818K [0x0000000080000000, 0x0000000100000000)
  region size 1024K, 56 young (57344K), 5 survivors (5120K)
 Metaspace       used 49181K, capacity 50540K, committed 50764K, reserved 1093632K
  class space    used 6284K, capacity 6754K, committed 6784K, reserved 1048576K
}
Event: 9.527 GC heap after
{Heap after GC invocations=15 (full 0):
 garbage-first heap   total 118784K, used 43069K [0x0000000080000000, 0x0000000100000000)
  region size 1024K, 7 young (7168K), 7 survivors (7168K)
 Metaspace       used 49181K, capacity 50540K, committed 50764K, reserved 1093632K
  class space    used 6284K, capacity 6754K, committed 6784K, reserved 1048576K
}
Event: 10.555 GC heap before
{Heap before GC invocations=15 (full 0):
 garbage-first heap   total 118784K, used 87101K [0x0000000080000000, 0x0000000100000000)
  region size 1024K, 50 young (51200K), 7 survivors (7168K)
 Metaspace       used 55834K, capacity 57293K, committed 57420K, reserved 1099776K
  class space    used 7060K, capacity 7550K, committed 7552K, reserved 1048576K
}
Event: 10.565 GC heap after
{Heap after GC invocations=16 (full 0):
 garbage-first heap   total 118784K, used 45284K [0x0000000080000000, 0x0000000100000000)
  region size 1024K, 2 young (2048K), 2 survivors (2048K)
 Metaspace       used 55834K, capacity 57293K, committed 57420K, reserved 1099776K
  class space    used 7060K, capacity 7550K, committed 7552K, reserved 1048576K
}
Event: 11.256 GC heap before
{Heap before GC invocations=16 (full 0):
 garbage-first heap   total 118784K, used 88292K [0x0000000080000000, 0x0000000100000000)
  region size 1024K, 45 young (46080K), 2 survivors (2048K)
 Metaspace       used 61093K, capacity 62599K, committed 62796K, reserved 1103872K
  class space    used 7732K, capacity 8291K, committed 8320K, reserved 1048576K
}
Event: 11.264 GC heap after
{Heap after GC invocations=17 (full 0):
 garbage-first heap   total 143360K, used 48898K [0x0000000080000000, 0x0000000100000000)
  region size 1024K, 6 young (6144K), 6 survivors (6144K)
 Metaspace       used 61093K, capacity 62599K, committed 62796K, reserved 1103872K
  class space    used 7732K, capacity 8291K, committed 8320K, reserved 1048576K
}
Event: 12.039 GC heap before
{Heap before GC invocations=17 (full 0):
 garbage-first heap   total 143360K, used 100098K [0x0000000080000000, 0x0000000100000000)
  region size 1024K, 56 young (57344K), 6 survivors (6144K)
 Metaspace       used 64194K, capacity 65776K, committed 65836K, reserved 1105920K
  class space    used 8157K, capacity 8766K, committed 8800K, reserved 1048576K
}
Event: 12.055 GC heap after
{Heap after GC invocations=18 (full 0):
 garbage-first heap   total 143360K, used 53053K [0x0000000080000000, 0x0000000100000000)
  region size 1024K, 8 young (8192K), 8 survivors (8192K)
 Metaspace       used 64194K, capacity 65776K, committed 65836K, reserved 1105920K
  class space    used 8157K, capacity 8766K, committed 8800K, reserved 1048576K
}
Event: 13.151 GC heap before
{Heap before GC invocations=19 (full 0):
 garbage-first heap   total 143360K, used 105277K [0x0000000080000000, 0x0000000100000000)
  region size 1024K, 59 young (60416K), 8 survivors (8192K)
 Metaspace       used 69729K, capacity 71446K, committed 71596K, reserved 1112064K
  class space    used 9053K, capacity 9661K, committed 9696K, reserved 1048576K
}
Event: 13.164 GC heap after
{Heap after GC invocations=20 (full 0):
 garbage-first heap   total 143360K, used 56682K [0x0000000080000000, 0x0000000100000000)
  region size 1024K, 8 young (8192K), 8 survivors (8192K)
 Metaspace       used 69729K, capacity 71446K, committed 71596K, reserved 1112064K
  class space    used 9053K, capacity 9661K, committed 9696K, reserved 1048576K
}
Event: 14.145 GC heap before
{Heap before GC invocations=20 (full 0):
 garbage-first heap   total 143360K, used 107882K [0x0000000080000000, 0x0000000100000000)
  region size 1024K, 58 young (59392K), 8 survivors (8192K)
 Metaspace       used 75570K, capacity 77396K, committed 77612K, reserved 1116160K
  class space    used 9853K, capacity 10474K, committed 10592K, reserved 1048576K
}
Event: 14.157 GC heap after
{Heap after GC invocations=21 (full 0):
 garbage-first heap   total 143360K, used 59506K [0x0000000080000000, 0x0000000100000000)
  region size 1024K, 7 young (7168K), 7 survivors (7168K)
 Metaspace       used 75570K, capacity 77396K, committed 77612K, reserved 1116160K
  class space    used 9853K, capacity 10474K, committed 10592K, reserved 1048576K
}
Event: 15.448 GC heap before
{Heap before GC invocations=21 (full 0):
 garbage-first heap   total 143360K, used 110706K [0x0000000080000000, 0x0000000100000000)
  region size 1024K, 57 young (58368K), 7 survivors (7168K)
 Metaspace       used 78460K, capacity 80478K, committed 80684K, reserved 1118208K
  class space    used 10272K, capacity 11022K, committed 11104K, reserved 1048576K
}
Event: 15.461 GC heap after
{Heap after GC invocations=22 (full 0):
 garbage-first heap   total 143360K, used 63674K [0x0000000080000000, 0x0000000100000000)
  region size 1024K, 7 young (7168K), 7 survivors (7168K)
 Metaspace       used 78460K, capacity 80478K, committed 80684K, reserved 1118208K
  class space    used 10272K, capacity 11022K, committed 11104K, reserved 1048576K
}
Event: 16.384 GC heap before
{Heap before GC invocations=22 (full 0):
 garbage-first heap   total 143360K, used 112826K [0x0000000080000000, 0x0000000100000000)
  region size 1024K, 56 young (57344K), 7 survivors (7168K)
 Metaspace       used 79106K, capacity 81084K, committed 81196K, reserved 1120256K
  class space    used 10319K, capacity 11084K, committed 11104K, reserved 1048576K
}
Event: 16.401 GC heap after
{Heap after GC invocations=23 (full 0):
 garbage-first heap   total 172032K, used 67180K [0x0000000080000000, 0x0000000100000000)
  region size 1024K, 4 young (4096K), 4 survivors (4096K)
 Metaspace       used 79106K, capacity 81084K, committed 81196K, reserved 1120256K
  class space    used 10319K, capacity 11084K, committed 11104K, reserved 1048576K
}
Event: 17.849 GC heap before
{Heap before GC invocations=23 (full 0):
 garbage-first heap   total 172032K, used 126572K [0x0000000080000000, 0x0000000100000000)
  region size 1024K, 63 young (64512K), 4 survivors (4096K)
 Metaspace       used 80512K, capacity 82692K, committed 82988K, reserved 1120256K
  class space    used 10490K, capacity 11272K, committed 11360K, reserved 1048576K
}
Event: 17.862 GC heap after
{Heap after GC invocations=24 (full 0):
 garbage-first heap   total 172032K, used 71680K [0x0000000080000000, 0x0000000100000000)
  region size 1024K, 8 young (8192K), 8 survivors (8192K)
 Metaspace       used 80512K, capacity 82692K, committed 82988K, reserved 1120256K
  class space    used 10490K, capacity 11272K, committed 11360K, reserved 1048576K
}

Deoptimization events (20 events):
Event: 17.887 Thread 0x0000020277cd0800 DEOPT PACKING pc=0x000002025e7e6136 sp=0x000000326ccf6e10
Event: 17.887 Thread 0x0000020277cd0800 DEOPT UNPACKING pc=0x000002025cf776ce sp=0x000000326ccf62f0 mode 0
Event: 17.901 Thread 0x0000020277cd0800 Uncommon trap: trap_request=0xffffff4d fr.pc=0x0000020264dbd424 relative=0x0000000000001544
Event: 17.901 Thread 0x0000020277cd0800 Uncommon trap: reason=unstable_if action=reinterpret pc=0x0000020264dbd424 method=java.util.concurrent.ConcurrentHashMap.putVal(Ljava/lang/Object;Ljava/lang/Object;Z)Ljava/lang/Object; @ 162 c2
Event: 17.901 Thread 0x0000020277cd0800 DEOPT PACKING pc=0x0000020264dbd424 sp=0x000000326ccf5da0
Event: 17.901 Thread 0x0000020277cd0800 DEOPT UNPACKING pc=0x000002025cf778af sp=0x000000326ccf5d38 mode 2
Event: 17.901 Thread 0x0000020277cd0800 Uncommon trap: trap_request=0xffffff4d fr.pc=0x0000020264d87ebc relative=0x000000000000043c
Event: 17.901 Thread 0x0000020277cd0800 Uncommon trap: reason=unstable_if action=reinterpret pc=0x0000020264d87ebc method=com.google.common.collect.MapMakerInternalMap$Segment.getEntry(Ljava/lang/Object;I)Lcom/google/common/collect/MapMakerInternalMap$InternalEntry; @ 63 c2
Event: 17.901 Thread 0x0000020277cd0800 DEOPT PACKING pc=0x0000020264d87ebc sp=0x000000326ccf5c60
Event: 17.901 Thread 0x0000020277cd0800 DEOPT UNPACKING pc=0x000002025cf778af sp=0x000000326ccf5c18 mode 2
Event: 17.985 Thread 0x0000020277ccc800 DEOPT PACKING pc=0x000002025e7c3855 sp=0x000000326cdfa3d0
Event: 17.985 Thread 0x0000020277ccc800 DEOPT UNPACKING pc=0x000002025cf776ce sp=0x000000326cdf98f0 mode 0
Event: 18.027 Thread 0x0000020277cd0800 DEOPT PACKING pc=0x000002025e7c3876 sp=0x000000326ccfa140
Event: 18.027 Thread 0x0000020277cd0800 DEOPT UNPACKING pc=0x000002025cf776ce sp=0x000000326ccf9660 mode 0
Event: 18.042 Thread 0x0000020277cd0800 DEOPT PACKING pc=0x000002025e7c3855 sp=0x000000326ccf9fb0
Event: 18.042 Thread 0x0000020277cd0800 DEOPT UNPACKING pc=0x000002025cf776ce sp=0x000000326ccf94d0 mode 0
Event: 18.048 Thread 0x0000020277cd0800 Uncommon trap: trap_request=0xffffff4d fr.pc=0x0000020264df98ac relative=0x000000000000038c
Event: 18.048 Thread 0x0000020277cd0800 Uncommon trap: reason=unstable_if action=reinterpret pc=0x0000020264df98ac method=java.util.stream.StreamOpFlag.getMask(I)I @ 1 c2
Event: 18.048 Thread 0x0000020277cd0800 DEOPT PACKING pc=0x0000020264df98ac sp=0x000000326ccfa580
Event: 18.048 Thread 0x0000020277cd0800 DEOPT UNPACKING pc=0x000002025cf778af sp=0x000000326ccfa470 mode 2

Classes redefined (0 events):
No events

Internal exceptions (20 events):
Event: 14.387 Thread 0x0000020274fe4800 Exception <a 'java/lang/NoSuchMethodError'{0x00000000880e10d8}: <clinit>> (0x00000000880e10d8) thrown at [./src/hotspot/share/prims/jni.cpp, line 1362]
Event: 14.461 Thread 0x0000020277cd2000 Exception <a 'java/lang/NoSuchMethodError'{0x0000000087d08318}: <clinit>> (0x0000000087d08318) thrown at [./src/hotspot/share/prims/jni.cpp, line 1362]
Event: 14.466 Thread 0x0000020277cd2000 Exception <a 'java/lang/NoSuchMethodError'{0x0000000087d1c718}: <clinit>> (0x0000000087d1c718) thrown at [./src/hotspot/share/prims/jni.cpp, line 1362]
Event: 14.469 Thread 0x0000020277cd2000 Exception <a 'java/lang/NoSuchMethodError'{0x0000000087d35dc8}: <clinit>> (0x0000000087d35dc8) thrown at [./src/hotspot/share/prims/jni.cpp, line 1362]
Event: 14.544 Thread 0x0000020274fe4800 Exception <a 'java/lang/NoSuchMethodError'{0x0000000087b60298}: <clinit>> (0x0000000087b60298) thrown at [./src/hotspot/share/prims/jni.cpp, line 1362]
Event: 14.640 Thread 0x0000020277ccf000 Exception <a 'java/lang/NoSuchMethodError'{0x0000000087a7de38}: 'java.lang.Object java.lang.invoke.Invokers$Holder.linkToTargetMethod(java.lang.Object, java.lang.Object, java.lang.Object, int, java.lang.Object, java.lang.Object)'> (0x0000000087a7de38) thrown at [./src/hotspot/share/interpreter/linkResolver.cpp, line 773]
Event: 14.656 Thread 0x0000020277ccf000 Exception <a 'java/lang/IncompatibleClassChangeError'{0x0000000087addd58}: Found class java.lang.Object, but interface was expected> (0x0000000087addd58) thrown at [./src/hotspot/share/interpreter/linkResolver.cpp, line 839]
Event: 14.699 Thread 0x0000020277ccf000 Exception <a 'java/lang/NoSuchMethodError'{0x00000000878a5b30}: 'int java.lang.invoke.DirectMethodHandle$Holder.invokeStaticInit(java.lang.Object, java.lang.Object, java.lang.Object, java.lang.Object, java.lang.Object)'> (0x00000000878a5b30) thrown at [./src/hotspot/share/interpreter/linkResolver.cpp, line 773]
Event: 15.178 Thread 0x0000020277cc6000 Exception <a 'java/lang/NoSuchMethodError'{0x0000000086c1bd68}: 'java.lang.Object java.lang.invoke.DirectMethodHandle$Holder.invokeSpecialIFC(java.lang.Object, java.lang.Object, java.lang.Object)'> (0x0000000086c1bd68) thrown at [./src/hotspot/share/interpreter/linkResolver.cpp, line 773]
Event: 15.492 Thread 0x0000020277cd0800 Exception <a 'java/lang/NoSuchMethodError'{0x0000000088aed698}: 'void java.lang.invoke.DirectMethodHandle$Holder.invokeVirtual(java.lang.Object, java.lang.Object)'> (0x0000000088aed698) thrown at [./src/hotspot/share/interpreter/linkResolver.cpp, line 773]
Event: 15.492 Thread 0x0000020277cc6000 Exception <a 'java/lang/NoSuchMethodError'{0x0000000088abfe58}: 'void java.lang.invoke.DirectMethodHandle$Holder.invokeVirtual(java.lang.Object, java.lang.Object)'> (0x0000000088abfe58) thrown at [./src/hotspot/share/interpreter/linkResolver.cpp, line 773]
Event: 16.649 Thread 0x0000020277ccf000 Exception <a 'java/lang/NoSuchMethodError'{0x0000000089d9d240}: <clinit>> (0x0000000089d9d240) thrown at [./src/hotspot/share/prims/jni.cpp, line 1362]
Event: 16.649 Thread 0x0000020277ccf000 Exception <a 'java/lang/NoSuchMethodError'{0x0000000089d9e578}: <clinit>> (0x0000000089d9e578) thrown at [./src/hotspot/share/prims/jni.cpp, line 1362]
Event: 16.650 Thread 0x0000020277ccf000 Exception <a 'java/lang/NoSuchMethodError'{0x0000000089da0f40}: <clinit>> (0x0000000089da0f40) thrown at [./src/hotspot/share/prims/jni.cpp, line 1362]
Event: 16.652 Thread 0x0000020277ccf000 Exception <a 'java/lang/NoSuchMethodError'{0x0000000089dba3a0}: <clinit>> (0x0000000089dba3a0) thrown at [./src/hotspot/share/prims/jni.cpp, line 1362]
Event: 16.652 Thread 0x0000020277ccf000 Exception <a 'java/lang/NoSuchMethodError'{0x0000000089dbb880}: <clinit>> (0x0000000089dbb880) thrown at [./src/hotspot/share/prims/jni.cpp, line 1362]
Event: 16.819 Thread 0x0000020277ccf000 Exception <a 'java/lang/NoSuchMethodError'{0x000000008940d028}: 'int java.lang.invoke.DirectMethodHandle$Holder.invokeSpecial(java.lang.Object, java.lang.Object, java.lang.Object, java.lang.Object, java.lang.Object)'> (0x000000008940d028) thrown at [./src/hotspot/share/interpreter/linkResolver.cpp, line 773]
Event: 17.881 Thread 0x0000020277cd0800 Exception <a 'sun/nio/fs/WindowsException'{0x000000008a3c5758}> (0x000000008a3c5758) thrown at [./src/hotspot/share/prims/jni.cpp, line 615]
Event: 17.917 Thread 0x0000020277ccc800 Exception <a 'sun/nio/fs/WindowsException'{0x00000000899881b0}> (0x00000000899881b0) thrown at [./src/hotspot/share/prims/jni.cpp, line 615]
Event: 17.939 Thread 0x0000020277ccf800 Exception <a 'sun/nio/fs/WindowsException'{0x000000008946fc50}> (0x000000008946fc50) thrown at [./src/hotspot/share/prims/jni.cpp, line 615]

Events (20 events):
Event: 18.055 loading class com/android/tools/r8/DataResourceProvider
Event: 18.055 loading class com/android/tools/r8/DataResourceProvider done
Event: 18.056 loading class com/google/common/util/concurrent/MoreExecutors$DirectExecutorService
Event: 18.056 loading class com/google/common/util/concurrent/MoreExecutors$DirectExecutorService done
Event: 18.056 loading class com/google/common/util/concurrent/AbstractListeningExecutorService
Event: 18.056 loading class com/google/common/util/concurrent/AbstractListeningExecutorService done
Event: 18.057 loading class java/util/concurrent/RejectedExecutionException
Event: 18.057 loading class java/util/concurrent/RejectedExecutionException done
Event: 18.057 loading class com/android/tools/r8/D8
Event: 18.057 loading class com/android/tools/r8/D8 done
Event: 18.058 loading class com/android/tools/r8/ir/optimize/info/g
Event: 18.058 loading class com/android/tools/r8/ir/optimize/info/g done
Event: 18.059 loading class com/android/tools/r8/internal/xc
Event: 18.059 loading class com/android/tools/r8/internal/xc done
Event: 18.059 loading class com/android/tools/r8/internal/tr
Event: 18.059 loading class com/android/tools/r8/internal/tr done
Event: 18.060 loading class com/android/tools/r8/ir/optimize/info/j
Event: 18.060 loading class com/android/tools/r8/ir/optimize/info/j done
Event: 18.060 loading class com/android/tools/r8/naming/K
Event: 18.060 loading class com/android/tools/r8/naming/K done


Dynamic libraries:
0x00007ff60a790000 - 0x00007ff60a79a000 	C:\Program Files\Android\Android Studio\jre\bin\java.exe
0x00007ff840060000 - 0x00007ff840267000 	C:\WINDOWS\SYSTEM32\ntdll.dll
0x00007ff83e9a0000 - 0x00007ff83ea5d000 	C:\WINDOWS\System32\KERNEL32.DLL
0x00007ff83db80000 - 0x00007ff83def4000 	C:\WINDOWS\System32\KERNELBASE.dll
0x00007ff83da60000 - 0x00007ff83db71000 	C:\WINDOWS\System32\ucrtbase.dll
0x00007ff830bf0000 - 0x00007ff830c09000 	C:\Program Files\Android\Android Studio\jre\bin\jli.dll
0x00007ff82b130000 - 0x00007ff82b147000 	C:\Program Files\Android\Android Studio\jre\bin\VCRUNTIME140.dll
0x00007ff83f570000 - 0x00007ff83f71c000 	C:\WINDOWS\System32\USER32.dll
0x00007ff83d970000 - 0x00007ff83d996000 	C:\WINDOWS\System32\win32u.dll
0x00007ff828a00000 - 0x00007ff828ca5000 	C:\WINDOWS\WinSxS\amd64_microsoft.windows.common-controls_6595b64144ccf1df_6.0.22000.120_none_9d947278b86cc467\COMCTL32.dll
0x00007ff83fe10000 - 0x00007ff83fe39000 	C:\WINDOWS\System32\GDI32.dll
0x00007ff83e0a0000 - 0x00007ff83e143000 	C:\WINDOWS\System32\msvcrt.dll
0x00007ff83d850000 - 0x00007ff83d962000 	C:\WINDOWS\System32\gdi32full.dll
0x00007ff83d730000 - 0x00007ff83d7cd000 	C:\WINDOWS\System32\msvcp_win.dll
0x00007ff83e840000 - 0x00007ff83e871000 	C:\WINDOWS\System32\IMM32.DLL
0x00007ff804b00000 - 0x00007ff804b9d000 	C:\Program Files\Android\Android Studio\jre\bin\msvcp140.dll
0x00007ffff18e0000 - 0x00007ffff23af000 	C:\Program Files\Android\Android Studio\jre\bin\server\jvm.dll
0x00007ff83e8f0000 - 0x00007ff83e99e000 	C:\WINDOWS\System32\ADVAPI32.dll
0x00007ff83fc80000 - 0x00007ff83fd1e000 	C:\WINDOWS\System32\sechost.dll
0x00007ff83eca0000 - 0x00007ff83edc0000 	C:\WINDOWS\System32\RPCRT4.dll
0x00007ff83fd20000 - 0x00007ff83fd28000 	C:\WINDOWS\System32\PSAPI.DLL
0x00007ff82c130000 - 0x00007ff82c139000 	C:\WINDOWS\SYSTEM32\WSOCK32.dll
0x00007ff836510000 - 0x00007ff83651a000 	C:\WINDOWS\SYSTEM32\VERSION.dll
0x00007ff8383f0000 - 0x00007ff838423000 	C:\WINDOWS\SYSTEM32\WINMM.dll
0x00007ff83f720000 - 0x00007ff83f78f000 	C:\WINDOWS\System32\WS2_32.dll
0x00007ff83c650000 - 0x00007ff83c668000 	C:\WINDOWS\SYSTEM32\kernel.appcore.dll
0x00007ff82ab90000 - 0x00007ff82aba1000 	C:\Program Files\Android\Android Studio\jre\bin\verify.dll
0x00007ff83b1a0000 - 0x00007ff83b3c1000 	C:\WINDOWS\SYSTEM32\DBGHELP.DLL
0x00007ff8256d0000 - 0x00007ff825701000 	C:\WINDOWS\SYSTEM32\dbgcore.DLL
0x00007ff83d7d0000 - 0x00007ff83d84f000 	C:\WINDOWS\System32\bcryptPrimitives.dll
0x00007ff821bd0000 - 0x00007ff821bf9000 	C:\Program Files\Android\Android Studio\jre\bin\java.dll
0x00007ff83a780000 - 0x00007ff83a78b000 	C:\Program Files\Android\Android Studio\jre\bin\jimage.dll
0x00007ff82a6e0000 - 0x00007ff82a6f8000 	C:\Program Files\Android\Android Studio\jre\bin\zip.dll
0x00007ff83edc0000 - 0x00007ff83f56e000 	C:\WINDOWS\System32\SHELL32.dll
0x00007ff83b6c0000 - 0x00007ff83bf27000 	C:\WINDOWS\SYSTEM32\windows.storage.dll
0x00007ff83f7b0000 - 0x00007ff83fb28000 	C:\WINDOWS\System32\combase.dll
0x00007ff83b550000 - 0x00007ff83b6b6000 	C:\WINDOWS\SYSTEM32\wintypes.dll
0x00007ff83ea60000 - 0x00007ff83eb4a000 	C:\WINDOWS\System32\SHCORE.dll
0x00007ff83fc20000 - 0x00007ff83fc7d000 	C:\WINDOWS\System32\shlwapi.dll
0x00007ff83d480000 - 0x00007ff83d4a1000 	C:\WINDOWS\SYSTEM32\profapi.dll
0x00007ff827910000 - 0x00007ff82792a000 	C:\Program Files\Android\Android Studio\jre\bin\net.dll
0x00007ff836210000 - 0x00007ff83631c000 	C:\WINDOWS\SYSTEM32\WINHTTP.dll
0x00007ff83ca80000 - 0x00007ff83cae7000 	C:\WINDOWS\system32\mswsock.dll
0x00007ff818260000 - 0x00007ff818274000 	C:\Program Files\Android\Android Studio\jre\bin\nio.dll
0x00007ff82cbe0000 - 0x00007ff82cc07000 	C:\Users\daffa\.gradle\native\8bec1ad78214c89d9ad589b4d07fe93259594b29d510b10fafb7a158f7737e5d\windows-amd64\native-platform.dll
0x00007ffffc940000 - 0x00007ffffca7d000 	C:\Users\daffa\.gradle\native\53dbd7edfb1c66fb8903c78663c9afc45aea4f116125fa6feffd364cf09443e8\windows-amd64\native-platform-file-events.dll
0x00007ff82eb40000 - 0x00007ff82eb4a000 	C:\Program Files\Android\Android Studio\jre\bin\management.dll
0x00007ff82e430000 - 0x00007ff82e43c000 	C:\Program Files\Android\Android Studio\jre\bin\management_ext.dll
0x00007ff83ccd0000 - 0x00007ff83cce8000 	C:\WINDOWS\SYSTEM32\CRYPTSP.dll
0x00007ff83c5b0000 - 0x00007ff83c5e5000 	C:\WINDOWS\system32\rsaenh.dll
0x00007ff83cb70000 - 0x00007ff83cb99000 	C:\WINDOWS\SYSTEM32\USERENV.dll
0x00007ff83ceb0000 - 0x00007ff83ced7000 	C:\WINDOWS\SYSTEM32\bcrypt.dll
0x00007ff83ccc0000 - 0x00007ff83cccc000 	C:\WINDOWS\SYSTEM32\CRYPTBASE.dll
0x00007ff83c1c0000 - 0x00007ff83c1ed000 	C:\WINDOWS\SYSTEM32\IPHLPAPI.DLL
0x00007ff83ebe0000 - 0x00007ff83ebe9000 	C:\WINDOWS\System32\NSI.dll
0x00007ff836540000 - 0x00007ff836559000 	C:\WINDOWS\SYSTEM32\dhcpcsvc6.DLL
0x00007ff836a20000 - 0x00007ff836a3e000 	C:\WINDOWS\SYSTEM32\dhcpcsvc.DLL
0x00007ff83c1f0000 - 0x00007ff83c2d7000 	C:\WINDOWS\SYSTEM32\DNSAPI.dll

dbghelp: loaded successfully - version: 4.0.5 - missing functions: none
symbol engine: initialized successfully - sym options: 0x614 - pdb path: .;C:\Program Files\Android\Android Studio\jre\bin;C:\WINDOWS\SYSTEM32;C:\WINDOWS\WinSxS\amd64_microsoft.windows.common-controls_6595b64144ccf1df_6.0.22000.120_none_9d947278b86cc467;C:\Program Files\Android\Android Studio\jre\bin\server;C:\Users\daffa\.gradle\native\8bec1ad78214c89d9ad589b4d07fe93259594b29d510b10fafb7a158f7737e5d\windows-amd64;C:\Users\daffa\.gradle\native\53dbd7edfb1c66fb8903c78663c9afc45aea4f116125fa6feffd364cf09443e8\windows-amd64

VM Arguments:
jvm_args: --add-opens=java.base/java.util=ALL-UNNAMED --add-opens=java.base/java.lang=ALL-UNNAMED --add-opens=java.base/java.lang.invoke=ALL-UNNAMED --add-opens=java.base/java.util=ALL-UNNAMED --add-opens=java.prefs/java.util.prefs=ALL-UNNAMED --add-opens=java.prefs/java.util.prefs=ALL-UNNAMED --add-opens=java.base/java.nio.charset=ALL-UNNAMED --add-opens=java.base/java.net=ALL-UNNAMED --add-opens=java.base/java.util.concurrent.atomic=ALL-UNNAMED -Xmx2048m -Dfile.encoding=UTF-8 -Duser.country=ID -Duser.language=en -Duser.variant 
java_command: org.gradle.launcher.daemon.bootstrap.GradleDaemon 7.0.2
java_class_path (initial): C:\Users\daffa\.gradle\wrapper\dists\gradle-7.0.2-bin\857tjihv64xamwrf0h14cai3r\gradle-7.0.2\lib\gradle-launcher-7.0.2.jar
Launcher Type: SUN_STANDARD

[Global flags]
     intx CICompilerCount                          = 3                                         {product} {ergonomic}
     uint ConcGCThreads                            = 1                                         {product} {ergonomic}
     uint G1ConcRefinementThreads                  = 4                                         {product} {ergonomic}
   size_t G1HeapRegionSize                         = 1048576                                   {product} {ergonomic}
    uintx GCDrainStackTargetSize                   = 64                                        {product} {ergonomic}
   size_t InitialHeapSize                          = 100663296                                 {product} {ergonomic}
   size_t MarkStackSize                            = 4194304                                   {product} {ergonomic}
   size_t MaxHeapSize                              = 2147483648                                {product} {command line}
   size_t MaxNewSize                               = 1287651328                                {product} {ergonomic}
   size_t MinHeapDeltaBytes                        = 1048576                                   {product} {ergonomic}
    uintx NonNMethodCodeHeapSize                   = 5830732                                {pd product} {ergonomic}
    uintx NonProfiledCodeHeapSize                  = 122913754                              {pd product} {ergonomic}
    uintx ProfiledCodeHeapSize                     = 122913754                              {pd product} {ergonomic}
    uintx ReservedCodeCacheSize                    = 251658240                              {pd product} {ergonomic}
     bool SegmentedCodeCache                       = true                                      {product} {ergonomic}
     bool UseCompressedClassPointers               = true                                 {lp64_product} {ergonomic}
     bool UseCompressedOops                        = true                                 {lp64_product} {ergonomic}
     bool UseG1GC                                  = true                                      {product} {ergonomic}
     bool UseLargePagesIndividualAllocation        = false                                  {pd product} {ergonomic}

Logging:
Log output configuration:
 #0: stdout all=warning uptime,level,tags
 #1: stderr all=off uptime,level,tags

Environment Variables:
PATH=C:\ProgramData\Oracle\Java\javapath;C:\Program Files\Common Files\Oracle\Java\javapath;C:\WINDOWS\system32;C:\WINDOWS;C:\WINDOWS\System32\Wbem;C:\WINDOWS\System32\WindowsPowerShell\v1.0\;C:\WINDOWS\System32\OpenSSH\;C:\Program Files\Java\jdk-17;C:\Program Files\MySQL\MySQL Server 8.0\bin;C:\Program Files\Git\cmd;C:\Program Files\Apache-maven-3.8.3\bin;C:\Program Files\SQLite;C:\Users\daffa\AppData\Local\Microsoft\WindowsApps;;C:\Users\daffa\AppData\Local\Programs\Microsoft VS Code\bin
USERNAME=daffa
OS=Windows_NT
PROCESSOR_IDENTIFIER=AMD64 Family 23 Model 24 Stepping 1, AuthenticAMD



---------------  S Y S T E M  ---------------

OS: Windows 10 , 64 bit Build 22000 (10.0.22000.434)
OS uptime: 4 days 10:50 hours

CPU:total 4 (initial active 4) (4 cores per cpu, 2 threads per core) family 23 model 24 stepping 1 microcode 0x0, cmov, cx8, fxsr, mmx, sse, sse2, sse3, ssse3, sse4.1, sse4.2, popcnt, avx, avx2, aes, clmul, mmxext, 3dnowpref, lzcnt, sse4a, ht, tsc, tscinvbit, tscinv, bmi1, bmi2, adx, s

Memory: 4k page, system-wide physical 6020M (238M free)
TotalPageFile size 14212M (AvailPageFile size 22M)
current process WorkingSet (physical memory assigned to process): 394M, peak: 408M
current process commit charge ("private bytes"): 434M, peak: 454M

vm_info: OpenJDK 64-Bit Server VM (11.0.10+0-b96-7249189) for windows-amd64 JRE (11.0.10+0-b96-7249189), built on Mar 31 2021 21:44:00 by "builder" with MS VC++ 14.0 (VS2015)

END.
